Using pre-set license
Built from '6000.0/staging' branch; Version is '6000.0.32f1 (b2e806cf271c) revision 11724806'; Using compiler version '193933523'; Build Type 'Release'
OS: 'Windows 10  (10.0.19045) 64bit Enterprise' Language: 'en' Physical Memory: 16263 MB
BatchMode: 1, IsHumanControllingUs: 0, StartBugReporterOnCrash: 0, Is64bit: 1, IsPro: 1

COMMAND LINE ARGUMENTS:
D:\6000.0.32f1\Editor\Unity.exe
-adb2
-batchMode
-noUpm
-name
AssetImportWorker0
-projectPath
D:/Mirai
-logFile
Logs/AssetImportWorker0.log
-srvPort
51221
-job-worker-count
5
-background-job-worker-count
8
-gc-helper-count
1
Successfully changed project path to: D:/Mirai
D:/Mirai
[UnityMemory] Configuration Parameters - Can be set up in boot.config
    "memorysetup-bucket-allocator-granularity=16"
    "memorysetup-bucket-allocator-bucket-count=8"
    "memorysetup-bucket-allocator-block-size=33554432"
    "memorysetup-bucket-allocator-block-count=8"
    "memorysetup-main-allocator-block-size=16777216"
    "memorysetup-thread-allocator-block-size=16777216"
    "memorysetup-gfx-main-allocator-block-size=16777216"
    "memorysetup-gfx-thread-allocator-block-size=16777216"
    "memorysetup-cache-allocator-block-size=4194304"
    "memorysetup-typetree-allocator-block-size=2097152"
    "memorysetup-profiler-bucket-allocator-granularity=16"
    "memorysetup-profiler-bucket-allocator-bucket-count=8"
    "memorysetup-profiler-bucket-allocator-block-size=33554432"
    "memorysetup-profiler-bucket-allocator-block-count=8"
    "memorysetup-profiler-allocator-block-size=16777216"
    "memorysetup-profiler-editor-allocator-block-size=1048576"
    "memorysetup-temp-allocator-size-main=16777216"
    "memorysetup-job-temp-allocator-block-size=2097152"
    "memorysetup-job-temp-allocator-block-size-background=1048576"
    "memorysetup-job-temp-allocator-reduction-small-platforms=262144"
    "memorysetup-allocator-temp-initial-block-size-main=262144"
    "memorysetup-allocator-temp-initial-block-size-worker=262144"
    "memorysetup-temp-allocator-size-background-worker=32768"
    "memorysetup-temp-allocator-size-job-worker=262144"
    "memorysetup-temp-allocator-size-preload-manager=33554432"
    "memorysetup-temp-allocator-size-nav-mesh-worker=65536"
    "memorysetup-temp-allocator-size-audio-worker=65536"
    "memorysetup-temp-allocator-size-cloud-worker=32768"
    "memorysetup-temp-allocator-size-gi-baking-worker=262144"
    "memorysetup-temp-allocator-size-gi-baking-worker=262144"
    "memorysetup-temp-allocator-size-gi-baking-worker=262144"
    "memorysetup-temp-allocator-size-gi-baking-worker=262144"
    "memorysetup-temp-allocator-size-gi-baking-worker=262144"
    "memorysetup-temp-allocator-size-gfx=262144"
Player connection [11352]  Target information:

Player connection [11352]  * "[IP] 10.0.0.185 [Port] 0 [Flags] 2 [Guid] 2307855558 [EditorId] 2307855558 [Version] 1048832 [Id] WindowsEditor(7,DESKTOP-8GLS977) [Debug] 1 [PackageName] WindowsEditor [ProjectName] Editor" 

Player connection [11352] Host joined multi-casting on [225.0.0.222:54997]...
Player connection [11352] Host joined alternative multi-casting on [225.0.0.222:34997]...
JobSystem: Creating JobQueue using job-worker-count value 5
[Physics::Module] Initialized fallback backend.
[Physics::Module] Id: 0xdecafbad
Library Redirect Path: Library/
[Physics::Module] Selected backend.
[Physics::Module] Name: PhysX
[Physics::Module] Id: 0xf2b8ea05
[Physics::Module] SDK Version: 4.1.2
[Physics::Module] Integration Version: 1.0.0
[Physics::Module] Threading Mode: Multi-Threaded
Refreshing native plugins compatible for Editor in 7.59 ms, found 4 plugins.
Preloading 0 native plugins for Editor in 0.00 ms.
Initialize engine version: 6000.0.32f1 (b2e806cf271c)
[Subsystems] Discovering subsystems at path D:/6000.0.32f1/Editor/Data/Resources/UnitySubsystems
[Subsystems] Discovering subsystems at path D:/Mirai/Assets
GfxDevice: creating device client; kGfxThreadingModeNonThreaded
Direct3D:
    Version:  Direct3D 11.0 [level 11.1]
    Renderer: NVIDIA GeForce GTX 1650 (ID=0x1f91)
    Vendor:   NVIDIA
    VRAM:     3935 MB
    Driver:   32.0.15.6070
Initialize mono
Mono path[0] = 'D:/6000.0.32f1/Editor/Data/Managed'
Mono path[1] = 'D:/6000.0.32f1/Editor/Data/MonoBleedingEdge/lib/mono/unityjit-win32'
Mono config path = 'D:/6000.0.32f1/Editor/Data/MonoBleedingEdge/etc'
Using monoOptions --debugger-agent=transport=dt_socket,embedding=1,server=y,suspend=n,address=127.0.0.1:56192
Begin MonoManager ReloadAssembly
Registering precompiled unity dll's ...
Register platform support module: D:/6000.0.32f1/Editor/Data/PlaybackEngines/WindowsStandaloneSupport/UnityEditor.WindowsStandalone.Extensions.dll
Register platform support module: D:/6000.0.32f1/Editor/Data/PlaybackEngines/AndroidPlayer/UnityEditor.Android.Extensions.dll
Registered in 0.005174 seconds.
- Loaded All Assemblies, in  0.610 seconds
Native extension for Android target not found
Android Extension - Scanning For ADB Devices 469 ms
Native extension for WindowsStandalone target not found
Mono: successfully reloaded assembly
- Finished resetting the current domain, in  1.114 seconds
Domain Reload Profiling: 1724ms
	BeginReloadAssembly (236ms)
		ExecutionOrderSort (0ms)
		DisableScriptedObjects (0ms)
		BackupInstance (0ms)
		ReleaseScriptingObjects (0ms)
		CreateAndSetChildDomain (1ms)
	RebuildCommonClasses (47ms)
	RebuildNativeTypeToScriptingClass (16ms)
	initialDomainReloadingComplete (70ms)
	LoadAllAssembliesAndSetupDomain (240ms)
		LoadAssemblies (236ms)
		RebuildTransferFunctionScriptingTraits (0ms)
		AnalyzeDomain (235ms)
			TypeCache.Refresh (233ms)
				TypeCache.ScanAssembly (214ms)
			BuildScriptInfoCaches (0ms)
			ResolveRequiredComponents (1ms)
	FinalizeReload (1114ms)
		ReleaseScriptCaches (0ms)
		RebuildScriptCaches (0ms)
		SetupLoadedEditorAssemblies (1064ms)
			LogAssemblyErrors (0ms)
			InitializePlatformSupportModulesInManaged (624ms)
			SetLoadedEditorAssemblies (5ms)
			BeforeProcessingInitializeOnLoad (78ms)
			ProcessInitializeOnLoadAttributes (242ms)
			ProcessInitializeOnLoadMethodAttributes (115ms)
			AfterProcessingInitializeOnLoad (0ms)
			EditorAssembliesLoaded (0ms)
		ExecutionOrderSort2 (0ms)
		AwakeInstancesAfterBackupRestoration (0ms)
========================================================================
Worker process is ready to serve import requests
Import Worker Mode flag is 0x00
Begin MonoManager ReloadAssembly
Symbol file LoadedFromMemory is not a mono symbol file
- Loaded All Assemblies, in  1.232 seconds
Refreshing native plugins compatible for Editor in 5.77 ms, found 4 plugins.
Native extension for Android target not found
Native extension for WindowsStandalone target not found
Mono: successfully reloaded assembly
- Finished resetting the current domain, in  1.298 seconds
Domain Reload Profiling: 2526ms
	BeginReloadAssembly (274ms)
		ExecutionOrderSort (0ms)
		DisableScriptedObjects (8ms)
		BackupInstance (0ms)
		ReleaseScriptingObjects (0ms)
		CreateAndSetChildDomain (51ms)
	RebuildCommonClasses (56ms)
	RebuildNativeTypeToScriptingClass (18ms)
	initialDomainReloadingComplete (56ms)
	LoadAllAssembliesAndSetupDomain (823ms)
		LoadAssemblies (609ms)
		RebuildTransferFunctionScriptingTraits (0ms)
		AnalyzeDomain (382ms)
			TypeCache.Refresh (273ms)
				TypeCache.ScanAssembly (242ms)
			BuildScriptInfoCaches (96ms)
			ResolveRequiredComponents (9ms)
	FinalizeReload (1299ms)
		ReleaseScriptCaches (0ms)
		RebuildScriptCaches (0ms)
		SetupLoadedEditorAssemblies (1130ms)
			LogAssemblyErrors (0ms)
			InitializePlatformSupportModulesInManaged (15ms)
			SetLoadedEditorAssemblies (8ms)
			BeforeProcessingInitializeOnLoad (270ms)
			ProcessInitializeOnLoadAttributes (587ms)
			ProcessInitializeOnLoadMethodAttributes (246ms)
			AfterProcessingInitializeOnLoad (3ms)
			EditorAssembliesLoaded (1ms)
		ExecutionOrderSort2 (0ms)
		AwakeInstancesAfterBackupRestoration (9ms)
Launched and connected shader compiler UnityShaderCompiler.exe after 0.05 seconds
Refreshing native plugins compatible for Editor in 6.91 ms, found 4 plugins.
Preloading 0 native plugins for Editor in 0.00 ms.
Unloading 13 Unused Serialized files (Serialized files now loaded: 0)
Unloading 5367 unused Assets / (1.5 MB). Loaded Objects now: 5826.
Memory consumption went from 97.5 MB to 96.0 MB.
Total: 22.793900 ms (FindLiveObjects: 2.182700 ms CreateObjectMapping: 1.700000 ms MarkObjects: 14.914100 ms  DeleteObjects: 3.991700 ms)

========================================================================
Received Import Request.
  Time since last request: 7953.336291 seconds.
  path: Assets/Assets/Image/Enemy/Wolf_White_Ability_A.png
  artifactKey: Guid(945bfa3c3dbc7de4e960be069a8b385e) Importer(2089858483,192608db42251d675da83286b1cce702)
Start importing Assets/Assets/Image/Enemy/Wolf_White_Ability_A.png using Guid(945bfa3c3dbc7de4e960be069a8b385e) Importer(2089858483,192608db42251d675da83286b1cce702) (ScriptedImporter) -> (artifact id: '690cd1ec575f821518db6e3c1d8729df') in 0.4093297 seconds
Number of updated asset objects reloaded before import = 0Number of asset objects unloaded after import = 3

========================================================================
Received Import Request.
  Time since last request: 0.000030 seconds.
  path: Assets/Assets/Fonts/Fantasy_TextBox_A01-1_Orange.png
  artifactKey: Guid(d3181edd7f53dbe4f918400710665d41) Importer(2089858483,192608db42251d675da83286b1cce702)
Start importing Assets/Assets/Fonts/Fantasy_TextBox_A01-1_Orange.png using Guid(d3181edd7f53dbe4f918400710665d41) Importer(2089858483,192608db42251d675da83286b1cce702) (ScriptedImporter) -> (artifact id: '91c1676fe6461be3fab1bedf37615214') in 0.8017435 seconds
Number of updated asset objects reloaded before import = 0Number of asset objects unloaded after import = 3

========================================================================
Received Import Request.
  Time since last request: 0.000087 seconds.
  path: Assets/Assets/Animation/Player/Player_BowAttack.anim
  artifactKey: Guid(ed79e089ee22aaf44a14df91762a2b2f) Importer(2089858483,192608db42251d675da83286b1cce702)
Start importing Assets/Assets/Animation/Player/Player_BowAttack.anim using Guid(ed79e089ee22aaf44a14df91762a2b2f) Importer(2089858483,192608db42251d675da83286b1cce702) (ScriptedImporter) -> (artifact id: '11e24a4b5a1bf89da8740534d8a7fe81') in 0.4139977 seconds
Number of updated asset objects reloaded before import = 0Number of asset objects unloaded after import = 1

========================================================================
Received Import Request.
  Time since last request: 0.000123 seconds.
  path: Assets/Assets/Image/World/ladder.png
  artifactKey: Guid(c1e7fc0943294264bb3ff911d28ce9fe) Importer(2089858483,192608db42251d675da83286b1cce702)
Start importing Assets/Assets/Image/World/ladder.png using Guid(c1e7fc0943294264bb3ff911d28ce9fe) Importer(2089858483,192608db42251d675da83286b1cce702) (ScriptedImporter) -> (artifact id: '0c8f641ece9d33a134314317f33b50aa') in 0.0346965 seconds
Number of updated asset objects reloaded before import = 0Number of asset objects unloaded after import = 4

========================================================================
Received Import Request.
  Time since last request: 0.000163 seconds.
  path: Assets/Assets/Image/Enemy/Wolf_Black_Run.png
  artifactKey: Guid(fcc28f22daabd804ba216d252035dcb3) Importer(2089858483,192608db42251d675da83286b1cce702)
Start importing Assets/Assets/Image/Enemy/Wolf_Black_Run.png using Guid(fcc28f22daabd804ba216d252035dcb3) Importer(2089858483,192608db42251d675da83286b1cce702) (ScriptedImporter) -> (artifact id: '32db532c11031a7308159e9d7cb24e45') in 0.0185524 seconds
Number of updated asset objects reloaded before import = 0Number of asset objects unloaded after import = 3

========================================================================
Received Import Request.
  Time since last request: 0.000149 seconds.
  path: Assets/Assets/Prefabs/Items/Health Bottle.prefab
  artifactKey: Guid(02d667fb3fade1949be0d341b73f38fd) Importer(2089858483,192608db42251d675da83286b1cce702)
Start importing Assets/Assets/Prefabs/Items/Health Bottle.prefab using Guid(02d667fb3fade1949be0d341b73f38fd) Importer(2089858483,192608db42251d675da83286b1cce702) (ScriptedImporter) -> (artifact id: '720c0aab97adb919b1d47cf54d2531ea') in 0.3034023 seconds
Number of updated asset objects reloaded before import = 0Number of asset objects unloaded after import = 10

========================================================================
Received Import Request.
  Time since last request: 0.000018 seconds.
  path: Assets/Assets/Fonts/Fantasy_TextBox_A01-1_Yellow.png
  artifactKey: Guid(7f2703d711209e44f9f3feb233e4fd18) Importer(2089858483,192608db42251d675da83286b1cce702)
Start importing Assets/Assets/Fonts/Fantasy_TextBox_A01-1_Yellow.png using Guid(7f2703d711209e44f9f3feb233e4fd18) Importer(2089858483,192608db42251d675da83286b1cce702) (ScriptedImporter) -> (artifact id: '06f7ec827d136417763f03816134c20f') in 0.4242391 seconds
Number of updated asset objects reloaded before import = 0Number of asset objects unloaded after import = 3

========================================================================
Received Import Request.
  Time since last request: 0.000070 seconds.
  path: Assets/Assets/Image/Enemy/Wolf_Black_Idle.png
  artifactKey: Guid(f6ba14e6e4d4f824380cf665d01a0c62) Importer(2089858483,192608db42251d675da83286b1cce702)
Start importing Assets/Assets/Image/Enemy/Wolf_Black_Idle.png using Guid(f6ba14e6e4d4f824380cf665d01a0c62) Importer(2089858483,192608db42251d675da83286b1cce702) (ScriptedImporter) -> (artifact id: '396c8bcb12b43a97a0e1857ce8dafc05') in 0.0800011 seconds
Number of updated asset objects reloaded before import = 0Number of asset objects unloaded after import = 3

========================================================================
Received Import Request.
  Time since last request: 0.000072 seconds.
  path: Assets/Assets/Scripts/Items/PickUpItem.cs
  artifactKey: Guid(50def83ed13c90d46be9256e1d0ab47a) Importer(2089858483,192608db42251d675da83286b1cce702)
Start importing Assets/Assets/Scripts/Items/PickUpItem.cs using Guid(50def83ed13c90d46be9256e1d0ab47a) Importer(2089858483,192608db42251d675da83286b1cce702) (ScriptedImporter) -> (artifact id: '147fd034266d260997d2ee6f8674e030') in 0.0069654 seconds
Number of updated asset objects reloaded before import = 0Number of asset objects unloaded after import = 0

========================================================================
Received Import Request.
  Time since last request: 0.000106 seconds.
  path: Assets/Scenes/SampleScene.unity
  artifactKey: Guid(2cda990e2423bbf4892e6590ba056729) Importer(2089858483,192608db42251d675da83286b1cce702)
Start importing Assets/Scenes/SampleScene.unity using Guid(2cda990e2423bbf4892e6590ba056729) Importer(2089858483,192608db42251d675da83286b1cce702) (ScriptedImporter) -> (artifact id: 'e66e6e7f63a45a66270d4202354a03cc') in 0.513847 seconds
Number of updated asset objects reloaded before import = 0Number of asset objects unloaded after import = 1

========================================================================
Received Import Request.
  Time since last request: 0.000214 seconds.
  path: Assets/Assets/Scripts/Math/DoubleInt.cs
  artifactKey: Guid(683068191de8b7147bba7dd08aab4ed0) Importer(2089858483,192608db42251d675da83286b1cce702)
Start importing Assets/Assets/Scripts/Math/DoubleInt.cs using Guid(683068191de8b7147bba7dd08aab4ed0) Importer(2089858483,192608db42251d675da83286b1cce702) (ScriptedImporter) -> (artifact id: 'dff83d1a57fd32038956872360bea098') in 0.0041814 seconds
Number of updated asset objects reloaded before import = 0Number of asset objects unloaded after import = 0

========================================================================
Received Import Request.
  Time since last request: 0.000192 seconds.
  path: Assets/Assets/Scripts/Effects/HitEffect.cs
  artifactKey: Guid(c95ae2b7bbc777b429d3c1b751c43a4e) Importer(2089858483,192608db42251d675da83286b1cce702)
Start importing Assets/Assets/Scripts/Effects/HitEffect.cs using Guid(c95ae2b7bbc777b429d3c1b751c43a4e) Importer(2089858483,192608db42251d675da83286b1cce702) (ScriptedImporter) -> (artifact id: '7379f8279afb33216c421f2dc5518982') in 0.0037994 seconds
Number of updated asset objects reloaded before import = 0Number of asset objects unloaded after import = 0

========================================================================
Received Import Request.
  Time since last request: 0.000222 seconds.
  path: Assets/Assets/Image/Enemy/Wolf_Gray_Death.png
  artifactKey: Guid(7828bfba191b23341ae4f7d33567deff) Importer(2089858483,192608db42251d675da83286b1cce702)
Start importing Assets/Assets/Image/Enemy/Wolf_Gray_Death.png using Guid(7828bfba191b23341ae4f7d33567deff) Importer(2089858483,192608db42251d675da83286b1cce702) (ScriptedImporter) -> (artifact id: 'dd0a3002382579bd9576bd047ad5c79f') in 0.1343014 seconds
Number of updated asset objects reloaded before import = 0Number of asset objects unloaded after import = 10

========================================================================
Received Import Request.
  Time since last request: 0.000102 seconds.
  path: Assets/Assets/Tilemap/Platforms/JapaneseCityKawaiiTileset_13.asset
  artifactKey: Guid(c854762b9119bf74980588da0afc7d78) Importer(2089858483,192608db42251d675da83286b1cce702)
Start importing Assets/Assets/Tilemap/Platforms/JapaneseCityKawaiiTileset_13.asset using Guid(c854762b9119bf74980588da0afc7d78) Importer(2089858483,192608db42251d675da83286b1cce702) (ScriptedImporter) -> (artifact id: '800ef609ffeac712e8ddb946a8490427') in 0.649932 seconds
Number of updated asset objects reloaded before import = 0Number of asset objects unloaded after import = 2

========================================================================
Received Import Request.
  Time since last request: 0.000157 seconds.
  path: Assets/Assets/Tilemap/Platforms/JapaneseCityKawaiiTileset_4.asset
  artifactKey: Guid(1a54119e6a1c54047ba9100b9b8dedc5) Importer(2089858483,192608db42251d675da83286b1cce702)
Start importing Assets/Assets/Tilemap/Platforms/JapaneseCityKawaiiTileset_4.asset using Guid(1a54119e6a1c54047ba9100b9b8dedc5) Importer(2089858483,192608db42251d675da83286b1cce702) (ScriptedImporter) -> (artifact id: '9f537de7ab0ce084828835bffd05eabd') in 0.0106449 seconds
Number of updated asset objects reloaded before import = 0Number of asset objects unloaded after import = 2

========================================================================
Received Import Request.
  Time since last request: 0.000147 seconds.
  path: Assets/Assets/Tilemap/Platforms/JapaneseCityKawaiiTileset_23.asset
  artifactKey: Guid(f727184fe96e65449bf2bea55a4dbf7f) Importer(2089858483,192608db42251d675da83286b1cce702)
Start importing Assets/Assets/Tilemap/Platforms/JapaneseCityKawaiiTileset_23.asset using Guid(f727184fe96e65449bf2bea55a4dbf7f) Importer(2089858483,192608db42251d675da83286b1cce702) (ScriptedImporter) -> (artifact id: '169dc6cea2a401a639197ac3b3261b72') in 0.0073336 seconds
Number of updated asset objects reloaded before import = 0Number of asset objects unloaded after import = 2

========================================================================
Received Import Request.
  Time since last request: 0.000076 seconds.
  path: Assets/Assets/Tilemap/Platforms/JapaneseCityKawaiiTileset_5.asset
  artifactKey: Guid(ed6a2838c4550164289f6113132e9ee9) Importer(2089858483,192608db42251d675da83286b1cce702)
Start importing Assets/Assets/Tilemap/Platforms/JapaneseCityKawaiiTileset_5.asset using Guid(ed6a2838c4550164289f6113132e9ee9) Importer(2089858483,192608db42251d675da83286b1cce702) (ScriptedImporter) -> (artifact id: '5ffd020058ce493b11360856971d524c') in 0.0083843 seconds
Number of updated asset objects reloaded before import = 0Number of asset objects unloaded after import = 2

========================================================================
Received Import Request.
  Time since last request: 0.000017 seconds.
  path: Assets/Assets/Tilemap/Platforms/JapaneseCityKawaiiTileset_6.asset
  artifactKey: Guid(fa45a7f0a95de764c8d210d5ad19787e) Importer(2089858483,192608db42251d675da83286b1cce702)
Start importing Assets/Assets/Tilemap/Platforms/JapaneseCityKawaiiTileset_6.asset using Guid(fa45a7f0a95de764c8d210d5ad19787e) Importer(2089858483,192608db42251d675da83286b1cce702) (ScriptedImporter) -> (artifact id: 'ce863967dd9562f1639be9c61c7da36e') in 0.008823 seconds
Number of updated asset objects reloaded before import = 0Number of asset objects unloaded after import = 2

========================================================================
Received Import Request.
  Time since last request: 0.000077 seconds.
  path: Assets/Assets/Tilemap/Platforms/TileSet_11.asset
  artifactKey: Guid(c9fcc12f9d0d53f4aa62e6e57f73797c) Importer(2089858483,192608db42251d675da83286b1cce702)
Start importing Assets/Assets/Tilemap/Platforms/TileSet_11.asset using Guid(c9fcc12f9d0d53f4aa62e6e57f73797c) Importer(2089858483,192608db42251d675da83286b1cce702) (ScriptedImporter) -> (artifact id: '64000a8fc268c64eb51b56baca1ae56f') in 0.013534 seconds
Number of updated asset objects reloaded before import = 0Number of asset objects unloaded after import = 2

========================================================================
Received Import Request.
  Time since last request: 0.000036 seconds.
  path: Assets/Assets/Tilemap/Platforms/TileSet_0.asset
  artifactKey: Guid(cec60107a448e0146b4c6f4db871ebe0) Importer(2089858483,192608db42251d675da83286b1cce702)
Start importing Assets/Assets/Tilemap/Platforms/TileSet_0.asset using Guid(cec60107a448e0146b4c6f4db871ebe0) Importer(2089858483,192608db42251d675da83286b1cce702) (ScriptedImporter) -> (artifact id: '8a7223137f452b5d7e3cc0a1a1bcb9d7') in 0.0080098 seconds
Number of updated asset objects reloaded before import = 0Number of asset objects unloaded after import = 2

========================================================================
Received Import Request.
  Time since last request: 0.000017 seconds.
  path: Assets/Assets/Tilemap/Platforms/JapaneseCityKawaiiTileset_1.asset
  artifactKey: Guid(b5da0b54441893f439688905f1143277) Importer(2089858483,192608db42251d675da83286b1cce702)
Start importing Assets/Assets/Tilemap/Platforms/JapaneseCityKawaiiTileset_1.asset using Guid(b5da0b54441893f439688905f1143277) Importer(2089858483,192608db42251d675da83286b1cce702) (ScriptedImporter) -> (artifact id: 'f9bcf9e25bb898a890c35dc35776c98c') in 0.0094971 seconds
Number of updated asset objects reloaded before import = 0Number of asset objects unloaded after import = 2

========================================================================
Received Import Request.
  Time since last request: 0.000044 seconds.
  path: Assets/Assets/Tilemap/Platforms/TileSet_1.asset
  artifactKey: Guid(59e5353ca5e58f043b7cac17a0f98b73) Importer(2089858483,192608db42251d675da83286b1cce702)
Start importing Assets/Assets/Tilemap/Platforms/TileSet_1.asset using Guid(59e5353ca5e58f043b7cac17a0f98b73) Importer(2089858483,192608db42251d675da83286b1cce702) (ScriptedImporter) -> (artifact id: '387c42cd0edc5e1a6586f54ac0f42ca6') in 0.0089638 seconds
Number of updated asset objects reloaded before import = 0Number of asset objects unloaded after import = 2

========================================================================
Received Import Request.
  Time since last request: 0.000033 seconds.
  path: Assets/Assets/Tilemap/Platforms/JapaneseCityKawaiiTileset_29.asset
  artifactKey: Guid(55aab9c8447103a43ad47d43f512983c) Importer(2089858483,192608db42251d675da83286b1cce702)
Start importing Assets/Assets/Tilemap/Platforms/JapaneseCityKawaiiTileset_29.asset using Guid(55aab9c8447103a43ad47d43f512983c) Importer(2089858483,192608db42251d675da83286b1cce702) (ScriptedImporter) -> (artifact id: '30955e44249796b0b42cedcd0928523e') in 0.0145464 seconds
Number of updated asset objects reloaded before import = 0Number of asset objects unloaded after import = 2

========================================================================
Received Import Request.
  Time since last request: 0.000071 seconds.
  path: Assets/Assets/Image/Player/cat02_run_strip4.png
  artifactKey: Guid(ad88fc700fd1f474593bc51f69b18298) Importer(2089858483,192608db42251d675da83286b1cce702)
Start importing Assets/Assets/Image/Player/cat02_run_strip4.png using Guid(ad88fc700fd1f474593bc51f69b18298) Importer(2089858483,192608db42251d675da83286b1cce702) (ScriptedImporter) -> (artifact id: '7db0eaf09b32a7eb67d9f064abdb5b9d') in 0.0219299 seconds
Number of updated asset objects reloaded before import = 0Number of asset objects unloaded after import = 6

========================================================================
Received Import Request.
  Time since last request: 0.000139 seconds.
  path: Assets/Assets/Tilemap/Platforms/JapaneseCityKawaiiTileset_17.asset
  artifactKey: Guid(00fc715eb19f13649888fddb6b64be0b) Importer(2089858483,192608db42251d675da83286b1cce702)
Start importing Assets/Assets/Tilemap/Platforms/JapaneseCityKawaiiTileset_17.asset using Guid(00fc715eb19f13649888fddb6b64be0b) Importer(2089858483,192608db42251d675da83286b1cce702) (ScriptedImporter) -> (artifact id: '6318eb0acc93163a125e921da11f0177') in 0.0069412 seconds
Number of updated asset objects reloaded before import = 0Number of asset objects unloaded after import = 2

========================================================================
Received Import Request.
  Time since last request: 0.000119 seconds.
  path: Assets/Assets/Tilemap/Platforms/JapaneseCityKawaiiTileset_7.asset
  artifactKey: Guid(0e06e547dad2c49458f9f5422515aed6) Importer(2089858483,192608db42251d675da83286b1cce702)
Start importing Assets/Assets/Tilemap/Platforms/JapaneseCityKawaiiTileset_7.asset using Guid(0e06e547dad2c49458f9f5422515aed6) Importer(2089858483,192608db42251d675da83286b1cce702) (ScriptedImporter) -> (artifact id: '613ec374f36d82bc6e28460d41c490f4') in 0.0067188 seconds
Number of updated asset objects reloaded before import = 0Number of asset objects unloaded after import = 2

========================================================================
Received Import Request.
  Time since last request: 0.000104 seconds.
  path: Assets/Assets/Tilemap/Platforms/JapaneseCityKawaiiTileset_28.asset
  artifactKey: Guid(49ce6ee5fd3c3614bb96878d3ceb9202) Importer(2089858483,192608db42251d675da83286b1cce702)
Start importing Assets/Assets/Tilemap/Platforms/JapaneseCityKawaiiTileset_28.asset using Guid(49ce6ee5fd3c3614bb96878d3ceb9202) Importer(2089858483,192608db42251d675da83286b1cce702) (ScriptedImporter) -> (artifact id: '7318c6d933f28dc5e97e63172f71da2c') in 0.0081209 seconds
Number of updated asset objects reloaded before import = 0Number of asset objects unloaded after import = 2

========================================================================
Received Import Request.
  Time since last request: 0.000121 seconds.
  path: Assets/Assets/Image/Player/cat02_wallclimb_strip8.png
  artifactKey: Guid(134e0924ca9648a4dad841738359ec51) Importer(2089858483,192608db42251d675da83286b1cce702)
Start importing Assets/Assets/Image/Player/cat02_wallclimb_strip8.png using Guid(134e0924ca9648a4dad841738359ec51) Importer(2089858483,192608db42251d675da83286b1cce702) (ScriptedImporter) -> (artifact id: 'c9275e73a715eeb20281754bfccac271') in 0.0296883 seconds
Number of updated asset objects reloaded before import = 0Number of asset objects unloaded after import = 10

========================================================================
Received Import Request.
  Time since last request: 0.000113 seconds.
  path: Assets/Assets/Tilemap/Platforms/JapaneseCityKawaiiTileset.png
  artifactKey: Guid(5fefbc1362b960648a5bddc1a84d7e93) Importer(2089858483,192608db42251d675da83286b1cce702)
Start importing Assets/Assets/Tilemap/Platforms/JapaneseCityKawaiiTileset.png using Guid(5fefbc1362b960648a5bddc1a84d7e93) Importer(2089858483,192608db42251d675da83286b1cce702) (ScriptedImporter) -> (artifact id: 'c95fb9c40ce706e004808632bdf91b25') in 0.0974066 seconds
Number of updated asset objects reloaded before import = 0Number of asset objects unloaded after import = 34

========================================================================
Received Import Request.
  Time since last request: 0.000018 seconds.
  path: Assets/Assets/Image/Enemy/Wolf_White_Hit.png
  artifactKey: Guid(2afef76914767bb4bb7d657953ba9589) Importer(2089858483,192608db42251d675da83286b1cce702)
Start importing Assets/Assets/Image/Enemy/Wolf_White_Hit.png using Guid(2afef76914767bb4bb7d657953ba9589) Importer(2089858483,192608db42251d675da83286b1cce702) (ScriptedImporter) -> (artifact id: 'faa271d949cd19e7d73661be9aac4721') in 0.5128013 seconds
Number of updated asset objects reloaded before import = 0Number of asset objects unloaded after import = 3

========================================================================
Received Import Request.
  Time since last request: 0.000107 seconds.
  path: Assets/Assets/Tilemap/Platforms/TileSet_18.asset
  artifactKey: Guid(7fba8e8c7a14fd04389e38064e848b86) Importer(2089858483,192608db42251d675da83286b1cce702)
Start importing Assets/Assets/Tilemap/Platforms/TileSet_18.asset using Guid(7fba8e8c7a14fd04389e38064e848b86) Importer(2089858483,192608db42251d675da83286b1cce702) (ScriptedImporter) -> (artifact id: '05e686ae646224c595411084bd038da6') in 0.0874453 seconds
Number of updated asset objects reloaded before import = 0Number of asset objects unloaded after import = 2

========================================================================
Received Import Request.
  Time since last request: 0.000063 seconds.
  path: Assets/Assets/Tilemap/Platforms/TileSet_21.asset
  artifactKey: Guid(8af73d8a0d6a46c47814ef759d1d52d4) Importer(2089858483,192608db42251d675da83286b1cce702)
Start importing Assets/Assets/Tilemap/Platforms/TileSet_21.asset using Guid(8af73d8a0d6a46c47814ef759d1d52d4) Importer(2089858483,192608db42251d675da83286b1cce702) (ScriptedImporter) -> (artifact id: '13d55b349205a3368626fa3d2a2a1656') in 0.0078197 seconds
Number of updated asset objects reloaded before import = 0Number of asset objects unloaded after import = 2

========================================================================
Received Import Request.
  Time since last request: 0.000028 seconds.
  path: Assets/Assets/Tilemap/Platforms/TileSet_19.asset
  artifactKey: Guid(7ab306ddfceb82a4091ac1c679e93c0d) Importer(2089858483,192608db42251d675da83286b1cce702)
Start importing Assets/Assets/Tilemap/Platforms/TileSet_19.asset using Guid(7ab306ddfceb82a4091ac1c679e93c0d) Importer(2089858483,192608db42251d675da83286b1cce702) (ScriptedImporter) -> (artifact id: 'a472b58ee93984a512b62336c102fe57') in 0.2317314 seconds
Number of updated asset objects reloaded before import = 0Number of asset objects unloaded after import = 2

========================================================================
Received Import Request.
  Time since last request: 0.000136 seconds.
  path: Assets/Assets/Scripts/Interaction/DeathZone.cs
  artifactKey: Guid(e22488123a5359e438f8aa6fc9cc0898) Importer(2089858483,192608db42251d675da83286b1cce702)
Start importing Assets/Assets/Scripts/Interaction/DeathZone.cs using Guid(e22488123a5359e438f8aa6fc9cc0898) Importer(2089858483,192608db42251d675da83286b1cce702) (ScriptedImporter) -> (artifact id: '3ac7a9b194c68d0347332adb046747cd') in 0.0048769 seconds
Number of updated asset objects reloaded before import = 0Number of asset objects unloaded after import = 0

========================================================================
Received Import Request.
  Time since last request: 0.000183 seconds.
  path: Assets/Assets/Tilemap/Platforms/TileSet_17.asset
  artifactKey: Guid(a385f33fedafe704d9cd1686b50bc182) Importer(2089858483,192608db42251d675da83286b1cce702)
Start importing Assets/Assets/Tilemap/Platforms/TileSet_17.asset using Guid(a385f33fedafe704d9cd1686b50bc182) Importer(2089858483,192608db42251d675da83286b1cce702) (ScriptedImporter) -> (artifact id: 'b4b84af8538a5b0c8f7fc13c54d20931') in 0.0106093 seconds
Number of updated asset objects reloaded before import = 0Number of asset objects unloaded after import = 2

========================================================================
Received Import Request.
  Time since last request: 0.000099 seconds.
  path: Assets/Assets/Image/Enemy/Wolf_White_Idle.png
  artifactKey: Guid(104a9be969c1b4944a74c0e6f056b805) Importer(2089858483,192608db42251d675da83286b1cce702)
Start importing Assets/Assets/Image/Enemy/Wolf_White_Idle.png using Guid(104a9be969c1b4944a74c0e6f056b805) Importer(2089858483,192608db42251d675da83286b1cce702) (ScriptedImporter) -> (artifact id: 'd66ace2f1dc75f8f1b51dbade16b9f57') in 0.1405434 seconds
Number of updated asset objects reloaded before import = 0Number of asset objects unloaded after import = 3

========================================================================
Received Import Request.
  Time since last request: 0.000086 seconds.
  path: Assets/Assets/Tilemap/Platforms/TileSet_15.asset
  artifactKey: Guid(36d293aa408d3fa47a71ec7b76343215) Importer(2089858483,192608db42251d675da83286b1cce702)
Start importing Assets/Assets/Tilemap/Platforms/TileSet_15.asset using Guid(36d293aa408d3fa47a71ec7b76343215) Importer(2089858483,192608db42251d675da83286b1cce702) (ScriptedImporter) -> (artifact id: '5526f326cc210952d68e600f292bd301') in 0.0099088 seconds
Number of updated asset objects reloaded before import = 0Number of asset objects unloaded after import = 2

========================================================================
Received Import Request.
  Time since last request: 0.000080 seconds.
  path: Assets/Assets/Scripts/Scenes/MainMenuManager.cs
  artifactKey: Guid(db556a9975a3c60488578c83f7560aa3) Importer(2089858483,192608db42251d675da83286b1cce702)
Start importing Assets/Assets/Scripts/Scenes/MainMenuManager.cs using Guid(db556a9975a3c60488578c83f7560aa3) Importer(2089858483,192608db42251d675da83286b1cce702) (ScriptedImporter) -> (artifact id: '6a04ba42d0b554202111d831e34607c6') in 0.0054407 seconds
Number of updated asset objects reloaded before import = 0Number of asset objects unloaded after import = 0

========================================================================
Received Import Request.
  Time since last request: 0.000139 seconds.
  path: Assets/Assets/Prefabs/Player/Player.prefab
  artifactKey: Guid(46226f1df3ccff548ba4e6562e7e790a) Importer(2089858483,192608db42251d675da83286b1cce702)
Start importing Assets/Assets/Prefabs/Player/Player.prefab using Guid(46226f1df3ccff548ba4e6562e7e790a) Importer(2089858483,192608db42251d675da83286b1cce702) (ScriptedImporter) -> (artifact id: '9523066a70af3c01223623b13aa234b4') in 0.6383616 seconds
Number of updated asset objects reloaded before import = 0Number of asset objects unloaded after import = 34

========================================================================
Received Import Request.
  Time since last request: 0.000019 seconds.
  path: Assets/Assets/Image/World/Background/Water.png
  artifactKey: Guid(a0283916151f1a54f88a2ce94b3b792c) Importer(2089858483,192608db42251d675da83286b1cce702)
Start importing Assets/Assets/Image/World/Background/Water.png using Guid(a0283916151f1a54f88a2ce94b3b792c) Importer(2089858483,192608db42251d675da83286b1cce702) (ScriptedImporter) -> (artifact id: '619be2cd7d17f0ad1bb7f113ce218f2b') in 0.0241994 seconds
Number of updated asset objects reloaded before import = 0Number of asset objects unloaded after import = 4

========================================================================
Received Import Request.
  Time since last request: 0.000039 seconds.
  path: Assets/Assets/Animation/Enemy/Skeleton/Sprite.controller
  artifactKey: Guid(70510932e64c769489f4c50b2ec28f8b) Importer(2089858483,192608db42251d675da83286b1cce702)
Start importing Assets/Assets/Animation/Enemy/Skeleton/Sprite.controller using Guid(70510932e64c769489f4c50b2ec28f8b) Importer(2089858483,192608db42251d675da83286b1cce702) (ScriptedImporter) -> (artifact id: '48aa4454bf4bb4a98546ff4f0ac974f0') in 0.0111703 seconds
Number of updated asset objects reloaded before import = 0Number of asset objects unloaded after import = 16

========================================================================
Received Import Request.
  Time since last request: 0.000031 seconds.
  path: Assets/Assets/Image/World/Water/Water1.png
  artifactKey: Guid(371aca1bd533d6d4c907ad2fcce0fe76) Importer(2089858483,192608db42251d675da83286b1cce702)
Start importing Assets/Assets/Image/World/Water/Water1.png using Guid(371aca1bd533d6d4c907ad2fcce0fe76) Importer(2089858483,192608db42251d675da83286b1cce702) (ScriptedImporter) -> (artifact id: '1216c9b116fa3e2edae06875b3ceefec') in 0.2388204 seconds
Number of updated asset objects reloaded before import = 0Number of asset objects unloaded after import = 3

========================================================================
Received Import Request.
  Time since last request: 0.000166 seconds.
  path: Assets/Assets/Image/World/Water/Water2.png
  artifactKey: Guid(8706346d89552dc4ab9d1bd6c79bb6e9) Importer(2089858483,192608db42251d675da83286b1cce702)
Start importing Assets/Assets/Image/World/Water/Water2.png using Guid(8706346d89552dc4ab9d1bd6c79bb6e9) Importer(2089858483,192608db42251d675da83286b1cce702) (ScriptedImporter) -> (artifact id: '62dee1ddf9cc169cdd0abb4242c49d6f') in 0.0154906 seconds
Number of updated asset objects reloaded before import = 0Number of asset objects unloaded after import = 3

========================================================================
Received Import Request.
  Time since last request: 0.000138 seconds.
  path: Assets/Assets/Animation/Player/Player_Fall.anim
  artifactKey: Guid(3009dd9edba7e0741be6d0fd014c84f1) Importer(2089858483,192608db42251d675da83286b1cce702)
Start importing Assets/Assets/Animation/Player/Player_Fall.anim using Guid(3009dd9edba7e0741be6d0fd014c84f1) Importer(2089858483,192608db42251d675da83286b1cce702) (ScriptedImporter) -> (artifact id: '8ef2dc5e1905af2e8310bebfd48f7011') in 0.0080781 seconds
Number of updated asset objects reloaded before import = 0Number of asset objects unloaded after import = 1

========================================================================
Received Import Request.
  Time since last request: 0.000178 seconds.
  path: Assets/Assets/Tilemap/Platforms/TileSet_29.asset
  artifactKey: Guid(8e3567b642d877e41aa18900dc7a3e0d) Importer(2089858483,192608db42251d675da83286b1cce702)
Start importing Assets/Assets/Tilemap/Platforms/TileSet_29.asset using Guid(8e3567b642d877e41aa18900dc7a3e0d) Importer(2089858483,192608db42251d675da83286b1cce702) (ScriptedImporter) -> (artifact id: '9a99dc102731521c5f118793a16e92dd') in 0.0469206 seconds
Number of updated asset objects reloaded before import = 0Number of asset objects unloaded after import = 2

========================================================================
Received Import Request.
  Time since last request: 0.000155 seconds.
  path: Assets/Assets/Tilemap/Platforms/TileSet_27.asset
  artifactKey: Guid(ef56f047ba856d847bb89aee3b10cbcb) Importer(2089858483,192608db42251d675da83286b1cce702)
Start importing Assets/Assets/Tilemap/Platforms/TileSet_27.asset using Guid(ef56f047ba856d847bb89aee3b10cbcb) Importer(2089858483,192608db42251d675da83286b1cce702) (ScriptedImporter) -> (artifact id: '8536de5106834f2e049af1ccbc0e7482') in 0.0074755 seconds
Number of updated asset objects reloaded before import = 0Number of asset objects unloaded after import = 2

========================================================================
Received Import Request.
  Time since last request: 0.000130 seconds.
  path: Assets/Assets/Materials/Effects/HitEffect Material.mat
  artifactKey: Guid(8f800522676b80f42bcc0945649bdb20) Importer(2089858483,192608db42251d675da83286b1cce702)
Start importing Assets/Assets/Materials/Effects/HitEffect Material.mat using Guid(8f800522676b80f42bcc0945649bdb20) Importer(2089858483,192608db42251d675da83286b1cce702) (ScriptedImporter) -> (artifact id: '025bce966d6bc921b180c26979d5f1f6') in 0.2109308 seconds
Number of updated asset objects reloaded before import = 0Number of asset objects unloaded after import = 1

========================================================================
Received Import Request.
  Time since last request: 0.000184 seconds.
  path: Assets/Assets/Fonts/Retro_Textbox_01-A_quick_menu_hover.png
  artifactKey: Guid(bf6751ebc5ff10b48928df901ea9377d) Importer(2089858483,192608db42251d675da83286b1cce702)
Start importing Assets/Assets/Fonts/Retro_Textbox_01-A_quick_menu_hover.png using Guid(bf6751ebc5ff10b48928df901ea9377d) Importer(2089858483,192608db42251d675da83286b1cce702) (ScriptedImporter) -> (artifact id: 'c53335ca1a521e23253aa8b0c663a990') in 0.1512005 seconds
Number of updated asset objects reloaded before import = 0Number of asset objects unloaded after import = 3

========================================================================
Received Import Request.
  Time since last request: 0.000110 seconds.
  path: Assets/Assets/Image/UI/Pixel/License.txt
  artifactKey: Guid(1653ed854147813458be45f6a0867342) Importer(2089858483,192608db42251d675da83286b1cce702)
Start importing Assets/Assets/Image/UI/Pixel/License.txt using Guid(1653ed854147813458be45f6a0867342) Importer(2089858483,192608db42251d675da83286b1cce702) (ScriptedImporter) -> (artifact id: 'aa0e2685d263f651f69fa7573be650e4') in 0.0030858 seconds
Number of updated asset objects reloaded before import = 0Number of asset objects unloaded after import = 1

========================================================================
Received Import Request.
  Time since last request: 0.000170 seconds.
  path: Assets/Assets/Tilemap/Platforms/TileSet_7.asset
  artifactKey: Guid(490e89c31ad22d94dbcce418551bf738) Importer(2089858483,192608db42251d675da83286b1cce702)
Start importing Assets/Assets/Tilemap/Platforms/TileSet_7.asset using Guid(490e89c31ad22d94dbcce418551bf738) Importer(2089858483,192608db42251d675da83286b1cce702) (ScriptedImporter) -> (artifact id: '018f466dac88565fc0a53c0c6070f2e2') in 0.0058516 seconds
Number of updated asset objects reloaded before import = 0Number of asset objects unloaded after import = 2

========================================================================
Received Import Request.
  Time since last request: 0.000142 seconds.
  path: Assets/Assets/Tilemap/Platforms/Water_0.asset
  artifactKey: Guid(e1d75f71e6155bb4186ee5004f8c9aab) Importer(2089858483,192608db42251d675da83286b1cce702)
Start importing Assets/Assets/Tilemap/Platforms/Water_0.asset using Guid(e1d75f71e6155bb4186ee5004f8c9aab) Importer(2089858483,192608db42251d675da83286b1cce702) (ScriptedImporter) -> (artifact id: '52fcac191fdde722acaf427ed635b2b1') in 0.0057102 seconds
Number of updated asset objects reloaded before import = 0Number of asset objects unloaded after import = 2

========================================================================
Received Import Request.
  Time since last request: 0.000143 seconds.
  path: Assets/Assets/Scripts/Player/PlayerController.cs
  artifactKey: Guid(a41d264db86ed4a419dedcfc0a7d1643) Importer(2089858483,192608db42251d675da83286b1cce702)
Start importing Assets/Assets/Scripts/Player/PlayerController.cs using Guid(a41d264db86ed4a419dedcfc0a7d1643) Importer(2089858483,192608db42251d675da83286b1cce702) (ScriptedImporter) -> (artifact id: '945ece781c4396131782037a13f870df') in 0.00386 seconds
Number of updated asset objects reloaded before import = 0Number of asset objects unloaded after import = 0

========================================================================
Received Import Request.
  Time since last request: 0.000176 seconds.
  path: Assets/Assets/Image/Enemy/Wolf_Brown_Attack.png
  artifactKey: Guid(d71f53c995d84bd46b1ebea8d9588e0d) Importer(2089858483,192608db42251d675da83286b1cce702)
Start importing Assets/Assets/Image/Enemy/Wolf_Brown_Attack.png using Guid(d71f53c995d84bd46b1ebea8d9588e0d) Importer(2089858483,192608db42251d675da83286b1cce702) (ScriptedImporter) -> (artifact id: 'fdbe9c155691c1bdd57efa1082c0af4a') in 0.0539016 seconds
Number of updated asset objects reloaded before import = 0Number of asset objects unloaded after import = 3

========================================================================
Received Import Request.
  Time since last request: 0.000103 seconds.
  path: Assets/Assets/Tilemap/Platforms/TileSet_8.asset
  artifactKey: Guid(5491c7dc42c57e6419810cf17450c3b3) Importer(2089858483,192608db42251d675da83286b1cce702)
Start importing Assets/Assets/Tilemap/Platforms/TileSet_8.asset using Guid(5491c7dc42c57e6419810cf17450c3b3) Importer(2089858483,192608db42251d675da83286b1cce702) (ScriptedImporter) -> (artifact id: '10393faff659690832ff952706311830') in 0.0157716 seconds
Number of updated asset objects reloaded before import = 0Number of asset objects unloaded after import = 2

========================================================================
Received Import Request.
  Time since last request: 0.000093 seconds.
  path: Assets/Assets/Image/UI/Rpg/preview.png
  artifactKey: Guid(a1c4076428d423845a6104888d0c5065) Importer(2089858483,192608db42251d675da83286b1cce702)
Start importing Assets/Assets/Image/UI/Rpg/preview.png using Guid(a1c4076428d423845a6104888d0c5065) Importer(2089858483,192608db42251d675da83286b1cce702) (ScriptedImporter) -> (artifact id: '7caf074f639649f03311c4c926f905f4') in 0.1064768 seconds
Number of updated asset objects reloaded before import = 0Number of asset objects unloaded after import = 3

