Using pre-set license
Built from '6000.0/staging' branch; Version is '6000.0.32f1 (b2e806cf271c) revision 11724806'; Using compiler version '193933523'; Build Type 'Release'
OS: 'Windows 10  (10.0.19045) 64bit Enterprise' Language: 'en' Physical Memory: 16263 MB
BatchMode: 1, IsHumanControllingUs: 0, StartBugReporterOnCrash: 0, Is64bit: 1, IsPro: 1

COMMAND LINE ARGUMENTS:
D:\6000.0.32f1\Editor\Unity.exe
-adb2
-batchMode
-noUpm
-name
AssetImportWorker2
-projectPath
D:/Mirai
-logFile
Logs/AssetImportWorker2.log
-srvPort
54906
-job-worker-count
5
-background-job-worker-count
8
-gc-helper-count
1
Successfully changed project path to: D:/Mirai
D:/Mirai
[UnityMemory] Configuration Parameters - Can be set up in boot.config
    "memorysetup-bucket-allocator-granularity=16"
    "memorysetup-bucket-allocator-bucket-count=8"
    "memorysetup-bucket-allocator-block-size=33554432"
    "memorysetup-bucket-allocator-block-count=8"
    "memorysetup-main-allocator-block-size=16777216"
    "memorysetup-thread-allocator-block-size=16777216"
    "memorysetup-gfx-main-allocator-block-size=16777216"
    "memorysetup-gfx-thread-allocator-block-size=16777216"
    "memorysetup-cache-allocator-block-size=4194304"
    "memorysetup-typetree-allocator-block-size=2097152"
    "memorysetup-profiler-bucket-allocator-granularity=16"
    "memorysetup-profiler-bucket-allocator-bucket-count=8"
    "memorysetup-profiler-bucket-allocator-block-size=33554432"
    "memorysetup-profiler-bucket-allocator-block-count=8"
    "memorysetup-profiler-allocator-block-size=16777216"
    "memorysetup-profiler-editor-allocator-block-size=1048576"
    "memorysetup-temp-allocator-size-main=16777216"
    "memorysetup-job-temp-allocator-block-size=2097152"
    "memorysetup-job-temp-allocator-block-size-background=1048576"
    "memorysetup-job-temp-allocator-reduction-small-platforms=262144"
    "memorysetup-allocator-temp-initial-block-size-main=262144"
    "memorysetup-allocator-temp-initial-block-size-worker=262144"
    "memorysetup-temp-allocator-size-background-worker=32768"
    "memorysetup-temp-allocator-size-job-worker=262144"
    "memorysetup-temp-allocator-size-preload-manager=33554432"
    "memorysetup-temp-allocator-size-nav-mesh-worker=65536"
    "memorysetup-temp-allocator-size-audio-worker=65536"
    "memorysetup-temp-allocator-size-cloud-worker=32768"
    "memorysetup-temp-allocator-size-gi-baking-worker=262144"
    "memorysetup-temp-allocator-size-gi-baking-worker=262144"
    "memorysetup-temp-allocator-size-gi-baking-worker=262144"
    "memorysetup-temp-allocator-size-gi-baking-worker=262144"
    "memorysetup-temp-allocator-size-gi-baking-worker=262144"
    "memorysetup-temp-allocator-size-gfx=262144"
Player connection [4868]  Target information:

Player connection [4868]  * "[IP] 10.0.0.185 [Port] 0 [Flags] 2 [Guid] 752546912 [EditorId] 752546912 [Version] 1048832 [Id] WindowsEditor(7,DESKTOP-8GLS977) [Debug] 1 [PackageName] WindowsEditor [ProjectName] Editor" 

Player connection [4868] Host joined multi-casting on [225.0.0.222:54997]...
Player connection [4868] Host joined alternative multi-casting on [225.0.0.222:34997]...
JobSystem: Creating JobQueue using job-worker-count value 5
[Physics::Module] Initialized fallback backend.
[Physics::Module] Id: 0xdecafbad
Library Redirect Path: Library/
[Physics::Module] Selected backend.
[Physics::Module] Name: PhysX
[Physics::Module] Id: 0xf2b8ea05
[Physics::Module] SDK Version: 4.1.2
[Physics::Module] Integration Version: 1.0.0
[Physics::Module] Threading Mode: Multi-Threaded
Refreshing native plugins compatible for Editor in 43.83 ms, found 3 plugins.
Preloading 0 native plugins for Editor in 0.00 ms.
Initialize engine version: 6000.0.32f1 (b2e806cf271c)
[Subsystems] Discovering subsystems at path D:/6000.0.32f1/Editor/Data/Resources/UnitySubsystems
[Subsystems] Discovering subsystems at path D:/Mirai/Assets
GfxDevice: creating device client; kGfxThreadingModeNonThreaded
Direct3D:
    Version:  Direct3D 11.0 [level 11.1]
    Renderer: NVIDIA GeForce GTX 1650 (ID=0x1f91)
    Vendor:   NVIDIA
    VRAM:     3935 MB
    Driver:   32.0.15.6070
Initialize mono
Mono path[0] = 'D:/6000.0.32f1/Editor/Data/Managed'
Mono path[1] = 'D:/6000.0.32f1/Editor/Data/MonoBleedingEdge/lib/mono/unityjit-win32'
Mono config path = 'D:/6000.0.32f1/Editor/Data/MonoBleedingEdge/etc'
Using monoOptions --debugger-agent=transport=dt_socket,embedding=1,server=y,suspend=n,address=127.0.0.1:56484
Begin MonoManager ReloadAssembly
Registering precompiled unity dll's ...
Register platform support module: D:/6000.0.32f1/Editor/Data/PlaybackEngines/WindowsStandaloneSupport/UnityEditor.WindowsStandalone.Extensions.dll
Register platform support module: D:/6000.0.32f1/Editor/Data/PlaybackEngines/AndroidPlayer/UnityEditor.Android.Extensions.dll
Registered in 0.003811 seconds.
- Loaded All Assemblies, in  1.760 seconds
Native extension for Android target not found
Android Extension - Scanning For ADB Devices 405 ms
Native extension for WindowsStandalone target not found
Mono: successfully reloaded assembly
- Finished resetting the current domain, in  0.897 seconds
Domain Reload Profiling: 2656ms
	BeginReloadAssembly (862ms)
		ExecutionOrderSort (0ms)
		DisableScriptedObjects (0ms)
		BackupInstance (0ms)
		ReleaseScriptingObjects (0ms)
		CreateAndSetChildDomain (1ms)
	RebuildCommonClasses (47ms)
	RebuildNativeTypeToScriptingClass (14ms)
	initialDomainReloadingComplete (69ms)
	LoadAllAssembliesAndSetupDomain (766ms)
		LoadAssemblies (861ms)
		RebuildTransferFunctionScriptingTraits (0ms)
		AnalyzeDomain (762ms)
			TypeCache.Refresh (761ms)
				TypeCache.ScanAssembly (746ms)
			BuildScriptInfoCaches (0ms)
			ResolveRequiredComponents (1ms)
	FinalizeReload (897ms)
		ReleaseScriptCaches (0ms)
		RebuildScriptCaches (0ms)
		SetupLoadedEditorAssemblies (863ms)
			LogAssemblyErrors (0ms)
			InitializePlatformSupportModulesInManaged (506ms)
			SetLoadedEditorAssemblies (4ms)
			BeforeProcessingInitializeOnLoad (62ms)
			ProcessInitializeOnLoadAttributes (120ms)
			ProcessInitializeOnLoadMethodAttributes (171ms)
			AfterProcessingInitializeOnLoad (0ms)
			EditorAssembliesLoaded (0ms)
		ExecutionOrderSort2 (0ms)
		AwakeInstancesAfterBackupRestoration (0ms)
========================================================================
Worker process is ready to serve import requests
Import Worker Mode flag is 0x00
Begin MonoManager ReloadAssembly
Symbol file LoadedFromMemory is not a mono symbol file
- Loaded All Assemblies, in 12.316 seconds
Refreshing native plugins compatible for Editor in 4.39 ms, found 3 plugins.
Native extension for Android target not found
Native extension for WindowsStandalone target not found
Mono: successfully reloaded assembly
- Finished resetting the current domain, in  1.492 seconds
Domain Reload Profiling: 13806ms
	BeginReloadAssembly (205ms)
		ExecutionOrderSort (0ms)
		DisableScriptedObjects (7ms)
		BackupInstance (0ms)
		ReleaseScriptingObjects (0ms)
		CreateAndSetChildDomain (31ms)
	RebuildCommonClasses (43ms)
	RebuildNativeTypeToScriptingClass (14ms)
	initialDomainReloadingComplete (38ms)
	LoadAllAssembliesAndSetupDomain (12015ms)
		LoadAssemblies (11935ms)
		RebuildTransferFunctionScriptingTraits (0ms)
		AnalyzeDomain (214ms)
			TypeCache.Refresh (157ms)
				TypeCache.ScanAssembly (136ms)
			BuildScriptInfoCaches (47ms)
			ResolveRequiredComponents (7ms)
	FinalizeReload (1492ms)
		ReleaseScriptCaches (0ms)
		RebuildScriptCaches (0ms)
		SetupLoadedEditorAssemblies (1355ms)
			LogAssemblyErrors (0ms)
			InitializePlatformSupportModulesInManaged (16ms)
			SetLoadedEditorAssemblies (6ms)
			BeforeProcessingInitializeOnLoad (159ms)
			ProcessInitializeOnLoadAttributes (986ms)
			ProcessInitializeOnLoadMethodAttributes (185ms)
			AfterProcessingInitializeOnLoad (3ms)
			EditorAssembliesLoaded (0ms)
		ExecutionOrderSort2 (0ms)
		AwakeInstancesAfterBackupRestoration (7ms)
Launched and connected shader compiler UnityShaderCompiler.exe after 0.21 seconds
Refreshing native plugins compatible for Editor in 5.30 ms, found 3 plugins.
Preloading 0 native plugins for Editor in 0.00 ms.
Unloading 7 Unused Serialized files (Serialized files now loaded: 0)
Unloading 4347 unused Assets / (1.5 MB). Loaded Objects now: 4805.
Memory consumption went from 85.4 MB to 83.9 MB.
Total: 13.851000 ms (FindLiveObjects: 0.494600 ms CreateObjectMapping: 0.498500 ms MarkObjects: 8.970000 ms  DeleteObjects: 3.886600 ms)

========================================================================
Received Import Request.
  Time since last request: 2099.781901 seconds.
  path: Assets/Assets/Tilemap/Platforms/JapaneseCityKawaiiTileset.png
  artifactKey: Guid(5fefbc1362b960648a5bddc1a84d7e93) Importer(815301076,1909f56bfc062723c751e8b465ee728b)
Start importing Assets/Assets/Tilemap/Platforms/JapaneseCityKawaiiTileset.png using Guid(5fefbc1362b960648a5bddc1a84d7e93) Importer(815301076,1909f56bfc062723c751e8b465ee728b) (PreviewImporter) -> (artifact id: '111cc13185b4cb4fbdabb4cd1b9464c7') in 0.3982487 seconds
Number of updated asset objects reloaded before import = 0Number of asset objects unloaded after import = 34

========================================================================
Received Import Request.
  Time since last request: 78.993352 seconds.
  path: Assets/Assets/Tilemap/Platforms/JapaneseCityKawaiiTileset.png
  artifactKey: Guid(5fefbc1362b960648a5bddc1a84d7e93) Importer(815301076,1909f56bfc062723c751e8b465ee728b)
Start importing Assets/Assets/Tilemap/Platforms/JapaneseCityKawaiiTileset.png using Guid(5fefbc1362b960648a5bddc1a84d7e93) Importer(815301076,1909f56bfc062723c751e8b465ee728b) (PreviewImporter) -> (artifact id: '9e2ddff98715f57d8c73c18f34d7a633') in 0.1798866 seconds
Number of updated asset objects reloaded before import = 0Number of asset objects unloaded after import = 34

========================================================================
Received Import Request.
  Time since last request: 0.000042 seconds.
  path: Assets/Assets/Tilemap/Platforms/JapaneseCityKawaiiTileset_26.asset
  artifactKey: Guid(e97ea30ca2e29cc48a5aa0f844c1b6e7) Importer(815301076,1909f56bfc062723c751e8b465ee728b)
Start importing Assets/Assets/Tilemap/Platforms/JapaneseCityKawaiiTileset_26.asset using Guid(e97ea30ca2e29cc48a5aa0f844c1b6e7) Importer(815301076,1909f56bfc062723c751e8b465ee728b) (PreviewImporter) -> (artifact id: '8ddee027c158d2b5cdd0380c3ad5d772') in 0.0706296 seconds
Number of updated asset objects reloaded before import = 0Number of asset objects unloaded after import = 3

========================================================================
Received Import Request.
  Time since last request: 0.000071 seconds.
  path: Assets/Assets/Tilemap/Platforms/JapaneseCityKawaiiTileset_21.asset
  artifactKey: Guid(f3454b285b30f9c4e8b12f264ba4ac17) Importer(815301076,1909f56bfc062723c751e8b465ee728b)
Start importing Assets/Assets/Tilemap/Platforms/JapaneseCityKawaiiTileset_21.asset using Guid(f3454b285b30f9c4e8b12f264ba4ac17) Importer(815301076,1909f56bfc062723c751e8b465ee728b) (PreviewImporter) -> (artifact id: 'da2c6779b039c4f7a81591c43704b089') in 0.0053256 seconds
Number of updated asset objects reloaded before import = 0Number of asset objects unloaded after import = 3

========================================================================
Received Import Request.
  Time since last request: 0.000075 seconds.
  path: Assets/Assets/Tilemap/Platforms/JapaneseCityKawaiiTileset_30.asset
  artifactKey: Guid(9d58d94cf67adf441bf9e4ec1f42b66f) Importer(815301076,1909f56bfc062723c751e8b465ee728b)
Start importing Assets/Assets/Tilemap/Platforms/JapaneseCityKawaiiTileset_30.asset using Guid(9d58d94cf67adf441bf9e4ec1f42b66f) Importer(815301076,1909f56bfc062723c751e8b465ee728b) (PreviewImporter) -> (artifact id: 'e310c7f6babc314d9422780dbe3ce661') in 0.004594 seconds
Number of updated asset objects reloaded before import = 0Number of asset objects unloaded after import = 3

========================================================================
Received Import Request.
  Time since last request: 0.000059 seconds.
  path: Assets/Assets/Tilemap/Platforms/JapaneseCityKawaiiTileset_22.asset
  artifactKey: Guid(429fe781ecde2354c9e671c88f2074f3) Importer(815301076,1909f56bfc062723c751e8b465ee728b)
Start importing Assets/Assets/Tilemap/Platforms/JapaneseCityKawaiiTileset_22.asset using Guid(429fe781ecde2354c9e671c88f2074f3) Importer(815301076,1909f56bfc062723c751e8b465ee728b) (PreviewImporter) -> (artifact id: '4f8176de503c65fa3c898b16fc34865b') in 0.0066766 seconds
Number of updated asset objects reloaded before import = 0Number of asset objects unloaded after import = 3

========================================================================
Received Import Request.
  Time since last request: 0.000020 seconds.
  path: Assets/Assets/Tilemap/Platforms/JapaneseCityKawaiiTileset_24.asset
  artifactKey: Guid(c48d137945715954db7288c1b1f0b94e) Importer(815301076,1909f56bfc062723c751e8b465ee728b)
Start importing Assets/Assets/Tilemap/Platforms/JapaneseCityKawaiiTileset_24.asset using Guid(c48d137945715954db7288c1b1f0b94e) Importer(815301076,1909f56bfc062723c751e8b465ee728b) (PreviewImporter) -> (artifact id: '1c7f194334fd97757891f27c2d2aeedc') in 0.0052628 seconds
Number of updated asset objects reloaded before import = 0Number of asset objects unloaded after import = 3

========================================================================
Received Import Request.
  Time since last request: 59.033623 seconds.
  path: Assets/Assets/Tilemap/Platforms/JapaneseCityKawaiiTileset.png
  artifactKey: Guid(5fefbc1362b960648a5bddc1a84d7e93) Importer(815301076,1909f56bfc062723c751e8b465ee728b)
Start importing Assets/Assets/Tilemap/Platforms/JapaneseCityKawaiiTileset.png using Guid(5fefbc1362b960648a5bddc1a84d7e93) Importer(815301076,1909f56bfc062723c751e8b465ee728b) (PreviewImporter) -> (artifact id: 'cc040a35148a9cf3ee94dd78ece978ec') in 0.2206003 seconds
Number of updated asset objects reloaded before import = 0Number of asset objects unloaded after import = 34

========================================================================
Received Import Request.
  Time since last request: 43.194416 seconds.
  path: Assets/Assets/Tilemap/Platforms/JapaneseCityKawaiiTileset.png
  artifactKey: Guid(5fefbc1362b960648a5bddc1a84d7e93) Importer(815301076,1909f56bfc062723c751e8b465ee728b)
Start importing Assets/Assets/Tilemap/Platforms/JapaneseCityKawaiiTileset.png using Guid(5fefbc1362b960648a5bddc1a84d7e93) Importer(815301076,1909f56bfc062723c751e8b465ee728b) (PreviewImporter) -> (artifact id: 'd53b81971d7af1b88fe3e47594ac44d0') in 0.1862976 seconds
Number of updated asset objects reloaded before import = 0Number of asset objects unloaded after import = 34

========================================================================
Received Import Request.
  Time since last request: 20.636283 seconds.
  path: Assets/Assets/Tilemap/Platforms/JapaneseCityKawaiiTileset_13.asset
  artifactKey: Guid(c854762b9119bf74980588da0afc7d78) Importer(815301076,1909f56bfc062723c751e8b465ee728b)
Start importing Assets/Assets/Tilemap/Platforms/JapaneseCityKawaiiTileset_13.asset using Guid(c854762b9119bf74980588da0afc7d78) Importer(815301076,1909f56bfc062723c751e8b465ee728b) (PreviewImporter) -> (artifact id: '90f64aa768c4f04d048379588503164c') in 0.0062766 seconds
Number of updated asset objects reloaded before import = 0Number of asset objects unloaded after import = 3

========================================================================
Received Import Request.
  Time since last request: 0.000022 seconds.
  path: Assets/Assets/Tilemap/Platforms/JapaneseCityKawaiiTileset_18.asset
  artifactKey: Guid(e92f6d2fcd6fde341b0d3dd11ff63ba0) Importer(815301076,1909f56bfc062723c751e8b465ee728b)
Start importing Assets/Assets/Tilemap/Platforms/JapaneseCityKawaiiTileset_18.asset using Guid(e92f6d2fcd6fde341b0d3dd11ff63ba0) Importer(815301076,1909f56bfc062723c751e8b465ee728b) (PreviewImporter) -> (artifact id: 'd00336a4da60383104974c86fabb97f3') in 0.0072193 seconds
Number of updated asset objects reloaded before import = 0Number of asset objects unloaded after import = 3

========================================================================
Received Import Request.
  Time since last request: 0.000023 seconds.
  path: Assets/Assets/Tilemap/Platforms/JapaneseCityKawaiiTileset_17.asset
  artifactKey: Guid(00fc715eb19f13649888fddb6b64be0b) Importer(815301076,1909f56bfc062723c751e8b465ee728b)
Start importing Assets/Assets/Tilemap/Platforms/JapaneseCityKawaiiTileset_17.asset using Guid(00fc715eb19f13649888fddb6b64be0b) Importer(815301076,1909f56bfc062723c751e8b465ee728b) (PreviewImporter) -> (artifact id: 'f7f266eb86296cde53d4ec176f819a6f') in 0.0061254 seconds
Number of updated asset objects reloaded before import = 0Number of asset objects unloaded after import = 3

========================================================================
Received Import Request.
  Time since last request: 459.323301 seconds.
  path: Assets/Assets/Image/World/TileSet.png
  artifactKey: Guid(4a837d4d6b3ff544eacf9a3cbbb9b378) Importer(815301076,1909f56bfc062723c751e8b465ee728b)
Start importing Assets/Assets/Image/World/TileSet.png using Guid(4a837d4d6b3ff544eacf9a3cbbb9b378) Importer(815301076,1909f56bfc062723c751e8b465ee728b) (PreviewImporter) -> (artifact id: '38057616a2286a55696c121cb32fc3f8') in 0.4276878 seconds
Number of updated asset objects reloaded before import = 0Number of asset objects unloaded after import = 35

========================================================================
Received Import Request.
  Time since last request: 0.000032 seconds.
  path: Assets/Assets/Tilemap/Platforms/TileSet_7.asset
  artifactKey: Guid(490e89c31ad22d94dbcce418551bf738) Importer(815301076,1909f56bfc062723c751e8b465ee728b)
Start importing Assets/Assets/Tilemap/Platforms/TileSet_7.asset using Guid(490e89c31ad22d94dbcce418551bf738) Importer(815301076,1909f56bfc062723c751e8b465ee728b) (PreviewImporter) -> (artifact id: 'b7cc125c0a8f57f38367699a75331846') in 0.0693423 seconds
Number of updated asset objects reloaded before import = 0Number of asset objects unloaded after import = 3

========================================================================
Received Import Request.
  Time since last request: 0.000038 seconds.
  path: Assets/Assets/Tilemap/Platforms/TileSet_5.asset
  artifactKey: Guid(1c8fe39b4ab882f49a6627efa200493a) Importer(815301076,1909f56bfc062723c751e8b465ee728b)
Start importing Assets/Assets/Tilemap/Platforms/TileSet_5.asset using Guid(1c8fe39b4ab882f49a6627efa200493a) Importer(815301076,1909f56bfc062723c751e8b465ee728b) (PreviewImporter) -> (artifact id: '27acf710785c67298e454ae12940a430') in 0.0094172 seconds
Number of updated asset objects reloaded before import = 0Number of asset objects unloaded after import = 3

========================================================================
Received Import Request.
  Time since last request: 0.000088 seconds.
  path: Assets/Assets/Tilemap/Platforms/TileSet_12.asset
  artifactKey: Guid(a3e29ec350f6832499592388796ccbf2) Importer(815301076,1909f56bfc062723c751e8b465ee728b)
Start importing Assets/Assets/Tilemap/Platforms/TileSet_12.asset using Guid(a3e29ec350f6832499592388796ccbf2) Importer(815301076,1909f56bfc062723c751e8b465ee728b) (PreviewImporter) -> (artifact id: 'b1491866afd19320212ed1cf0ef40c1d') in 0.0095007 seconds
Number of updated asset objects reloaded before import = 0Number of asset objects unloaded after import = 3

========================================================================
Received Import Request.
  Time since last request: 0.000023 seconds.
  path: Assets/Assets/Tilemap/Platforms/TileSet_17.asset
  artifactKey: Guid(a385f33fedafe704d9cd1686b50bc182) Importer(815301076,1909f56bfc062723c751e8b465ee728b)
Start importing Assets/Assets/Tilemap/Platforms/TileSet_17.asset using Guid(a385f33fedafe704d9cd1686b50bc182) Importer(815301076,1909f56bfc062723c751e8b465ee728b) (PreviewImporter) -> (artifact id: '45af5ae8af6a12b19348a8d98af40232') in 0.0073988 seconds
Number of updated asset objects reloaded before import = 0Number of asset objects unloaded after import = 3

========================================================================
Received Import Request.
  Time since last request: 0.000024 seconds.
  path: Assets/Assets/Tilemap/Platforms/TileSet_9.asset
  artifactKey: Guid(c55724f53e1e7e843bed87936c6e9cbd) Importer(815301076,1909f56bfc062723c751e8b465ee728b)
Start importing Assets/Assets/Tilemap/Platforms/TileSet_9.asset using Guid(c55724f53e1e7e843bed87936c6e9cbd) Importer(815301076,1909f56bfc062723c751e8b465ee728b) (PreviewImporter) -> (artifact id: '5de996acd1c6637628628e7c04de50ec') in 0.0225698 seconds
Number of updated asset objects reloaded before import = 0Number of asset objects unloaded after import = 3

========================================================================
Received Import Request.
  Time since last request: 0.000098 seconds.
  path: Assets/Assets/Tilemap/Platforms/TileSet_3.asset
  artifactKey: Guid(76ec7b9b534afd24ca846aba6e5e0dd5) Importer(815301076,1909f56bfc062723c751e8b465ee728b)
Start importing Assets/Assets/Tilemap/Platforms/TileSet_3.asset using Guid(76ec7b9b534afd24ca846aba6e5e0dd5) Importer(815301076,1909f56bfc062723c751e8b465ee728b) (PreviewImporter) -> (artifact id: '17c49934349005c16dba78189e31a9cf') in 0.0070165 seconds
Number of updated asset objects reloaded before import = 0Number of asset objects unloaded after import = 3

========================================================================
Received Import Request.
  Time since last request: 0.000027 seconds.
  path: Assets/Assets/Tilemap/Platforms/TileSet_18.asset
  artifactKey: Guid(7fba8e8c7a14fd04389e38064e848b86) Importer(815301076,1909f56bfc062723c751e8b465ee728b)
Start importing Assets/Assets/Tilemap/Platforms/TileSet_18.asset using Guid(7fba8e8c7a14fd04389e38064e848b86) Importer(815301076,1909f56bfc062723c751e8b465ee728b) (PreviewImporter) -> (artifact id: 'e69ad302e7f12b71b94dc612f4685fab') in 0.0093688 seconds
Number of updated asset objects reloaded before import = 0Number of asset objects unloaded after import = 3

========================================================================
Received Import Request.
  Time since last request: 0.000051 seconds.
  path: Assets/Assets/Tilemap/Platforms/TileSet_8.asset
  artifactKey: Guid(5491c7dc42c57e6419810cf17450c3b3) Importer(815301076,1909f56bfc062723c751e8b465ee728b)
Start importing Assets/Assets/Tilemap/Platforms/TileSet_8.asset using Guid(5491c7dc42c57e6419810cf17450c3b3) Importer(815301076,1909f56bfc062723c751e8b465ee728b) (PreviewImporter) -> (artifact id: 'd8027f33eb33b97039ec1f823aa477d3') in 0.0381595 seconds
Number of updated asset objects reloaded before import = 0Number of asset objects unloaded after import = 3

Editor requested this worker to shutdown with reason: Scaling down because of idle timeout
AssetImportWorker is now disconnected from the server
Process exiting
Exiting without the bug reporter. Application will terminate with return code 0