Using pre-set license
Built from '6000.0/staging' branch; Version is '6000.0.32f1 (b2e806cf271c) revision 11724806'; Using compiler version '193933523'; Build Type 'Release'
OS: 'Windows 10  (10.0.19045) 64bit Enterprise' Language: 'en' Physical Memory: 16263 MB
BatchMode: 1, IsHumanControllingUs: 0, StartBugReporterOnCrash: 0, Is64bit: 1, IsPro: 1

COMMAND LINE ARGUMENTS:
D:\6000.0.32f1\Editor\Unity.exe
-adb2
-batchMode
-noUpm
-name
AssetImportWorker2
-projectPath
D:/Mirai
-logFile
Logs/AssetImportWorker2.log
-srvPort
51221
-job-worker-count
5
-background-job-worker-count
8
-gc-helper-count
1
Successfully changed project path to: D:/Mirai
D:/Mirai
[UnityMemory] Configuration Parameters - Can be set up in boot.config
    "memorysetup-bucket-allocator-granularity=16"
    "memorysetup-bucket-allocator-bucket-count=8"
    "memorysetup-bucket-allocator-block-size=33554432"
    "memorysetup-bucket-allocator-block-count=8"
    "memorysetup-main-allocator-block-size=16777216"
    "memorysetup-thread-allocator-block-size=16777216"
    "memorysetup-gfx-main-allocator-block-size=16777216"
    "memorysetup-gfx-thread-allocator-block-size=16777216"
    "memorysetup-cache-allocator-block-size=4194304"
    "memorysetup-typetree-allocator-block-size=2097152"
    "memorysetup-profiler-bucket-allocator-granularity=16"
    "memorysetup-profiler-bucket-allocator-bucket-count=8"
    "memorysetup-profiler-bucket-allocator-block-size=33554432"
    "memorysetup-profiler-bucket-allocator-block-count=8"
    "memorysetup-profiler-allocator-block-size=16777216"
    "memorysetup-profiler-editor-allocator-block-size=1048576"
    "memorysetup-temp-allocator-size-main=16777216"
    "memorysetup-job-temp-allocator-block-size=2097152"
    "memorysetup-job-temp-allocator-block-size-background=1048576"
    "memorysetup-job-temp-allocator-reduction-small-platforms=262144"
    "memorysetup-allocator-temp-initial-block-size-main=262144"
    "memorysetup-allocator-temp-initial-block-size-worker=262144"
    "memorysetup-temp-allocator-size-background-worker=32768"
    "memorysetup-temp-allocator-size-job-worker=262144"
    "memorysetup-temp-allocator-size-preload-manager=33554432"
    "memorysetup-temp-allocator-size-nav-mesh-worker=65536"
    "memorysetup-temp-allocator-size-audio-worker=65536"
    "memorysetup-temp-allocator-size-cloud-worker=32768"
    "memorysetup-temp-allocator-size-gi-baking-worker=262144"
    "memorysetup-temp-allocator-size-gi-baking-worker=262144"
    "memorysetup-temp-allocator-size-gi-baking-worker=262144"
    "memorysetup-temp-allocator-size-gi-baking-worker=262144"
    "memorysetup-temp-allocator-size-gi-baking-worker=262144"
    "memorysetup-temp-allocator-size-gfx=262144"
Player connection [17212]  Target information:

Player connection [17212]  * "[IP] 10.0.0.185 [Port] 0 [Flags] 2 [Guid] 161596804 [EditorId] 161596804 [Version] 1048832 [Id] WindowsEditor(7,DESKTOP-8GLS977) [Debug] 1 [PackageName] WindowsEditor [ProjectName] Editor" 

Player connection [17212] Host joined multi-casting on [225.0.0.222:54997]...
Player connection [17212] Host joined alternative multi-casting on [225.0.0.222:34997]...
JobSystem: Creating JobQueue using job-worker-count value 5
[Physics::Module] Initialized fallback backend.
[Physics::Module] Id: 0xdecafbad
Library Redirect Path: Library/
[Physics::Module] Selected backend.
[Physics::Module] Name: PhysX
[Physics::Module] Id: 0xf2b8ea05
[Physics::Module] SDK Version: 4.1.2
[Physics::Module] Integration Version: 1.0.0
[Physics::Module] Threading Mode: Multi-Threaded
Refreshing native plugins compatible for Editor in 7.84 ms, found 4 plugins.
Preloading 0 native plugins for Editor in 0.00 ms.
Initialize engine version: 6000.0.32f1 (b2e806cf271c)
[Subsystems] Discovering subsystems at path D:/6000.0.32f1/Editor/Data/Resources/UnitySubsystems
[Subsystems] Discovering subsystems at path D:/Mirai/Assets
GfxDevice: creating device client; kGfxThreadingModeNonThreaded
Direct3D:
    Version:  Direct3D 11.0 [level 11.1]
    Renderer: NVIDIA GeForce GTX 1650 (ID=0x1f91)
    Vendor:   NVIDIA
    VRAM:     3935 MB
    Driver:   32.0.15.6070
Initialize mono
Mono path[0] = 'D:/6000.0.32f1/Editor/Data/Managed'
Mono path[1] = 'D:/6000.0.32f1/Editor/Data/MonoBleedingEdge/lib/mono/unityjit-win32'
Mono config path = 'D:/6000.0.32f1/Editor/Data/MonoBleedingEdge/etc'
Using monoOptions --debugger-agent=transport=dt_socket,embedding=1,server=y,suspend=n,address=127.0.0.1:56840
Begin MonoManager ReloadAssembly
Registering precompiled unity dll's ...
Register platform support module: D:/6000.0.32f1/Editor/Data/PlaybackEngines/WindowsStandaloneSupport/UnityEditor.WindowsStandalone.Extensions.dll
Register platform support module: D:/6000.0.32f1/Editor/Data/PlaybackEngines/AndroidPlayer/UnityEditor.Android.Extensions.dll
Registered in 0.004538 seconds.
- Loaded All Assemblies, in  0.634 seconds
Native extension for Android target not found
Android Extension - Scanning For ADB Devices 471 ms
Native extension for WindowsStandalone target not found
Mono: successfully reloaded assembly
- Finished resetting the current domain, in  1.121 seconds
Domain Reload Profiling: 1755ms
	BeginReloadAssembly (243ms)
		ExecutionOrderSort (0ms)
		DisableScriptedObjects (0ms)
		BackupInstance (0ms)
		ReleaseScriptingObjects (0ms)
		CreateAndSetChildDomain (1ms)
	RebuildCommonClasses (49ms)
	RebuildNativeTypeToScriptingClass (16ms)
	initialDomainReloadingComplete (56ms)
	LoadAllAssembliesAndSetupDomain (268ms)
		LoadAssemblies (243ms)
		RebuildTransferFunctionScriptingTraits (0ms)
		AnalyzeDomain (262ms)
			TypeCache.Refresh (260ms)
				TypeCache.ScanAssembly (240ms)
			BuildScriptInfoCaches (0ms)
			ResolveRequiredComponents (1ms)
	FinalizeReload (1122ms)
		ReleaseScriptCaches (0ms)
		RebuildScriptCaches (0ms)
		SetupLoadedEditorAssemblies (1067ms)
			LogAssemblyErrors (0ms)
			InitializePlatformSupportModulesInManaged (625ms)
			SetLoadedEditorAssemblies (10ms)
			BeforeProcessingInitializeOnLoad (77ms)
			ProcessInitializeOnLoadAttributes (207ms)
			ProcessInitializeOnLoadMethodAttributes (149ms)
			AfterProcessingInitializeOnLoad (0ms)
			EditorAssembliesLoaded (0ms)
		ExecutionOrderSort2 (0ms)
		AwakeInstancesAfterBackupRestoration (0ms)
========================================================================
Worker process is ready to serve import requests
Import Worker Mode flag is 0x00
Begin MonoManager ReloadAssembly
Symbol file LoadedFromMemory is not a mono symbol file
- Loaded All Assemblies, in  1.244 seconds
Refreshing native plugins compatible for Editor in 6.41 ms, found 4 plugins.
Native extension for Android target not found
Native extension for WindowsStandalone target not found
Mono: successfully reloaded assembly
- Finished resetting the current domain, in  1.302 seconds
Domain Reload Profiling: 2542ms
	BeginReloadAssembly (256ms)
		ExecutionOrderSort (0ms)
		DisableScriptedObjects (11ms)
		BackupInstance (0ms)
		ReleaseScriptingObjects (0ms)
		CreateAndSetChildDomain (36ms)
	RebuildCommonClasses (55ms)
	RebuildNativeTypeToScriptingClass (17ms)
	initialDomainReloadingComplete (59ms)
	LoadAllAssembliesAndSetupDomain (852ms)
		LoadAssemblies (623ms)
		RebuildTransferFunctionScriptingTraits (0ms)
		AnalyzeDomain (397ms)
			TypeCache.Refresh (290ms)
				TypeCache.ScanAssembly (254ms)
			BuildScriptInfoCaches (95ms)
			ResolveRequiredComponents (8ms)
	FinalizeReload (1303ms)
		ReleaseScriptCaches (0ms)
		RebuildScriptCaches (0ms)
		SetupLoadedEditorAssemblies (1136ms)
			LogAssemblyErrors (0ms)
			InitializePlatformSupportModulesInManaged (13ms)
			SetLoadedEditorAssemblies (9ms)
			BeforeProcessingInitializeOnLoad (253ms)
			ProcessInitializeOnLoadAttributes (599ms)
			ProcessInitializeOnLoadMethodAttributes (257ms)
			AfterProcessingInitializeOnLoad (4ms)
			EditorAssembliesLoaded (1ms)
		ExecutionOrderSort2 (0ms)
		AwakeInstancesAfterBackupRestoration (10ms)
Launched and connected shader compiler UnityShaderCompiler.exe after 0.10 seconds
Refreshing native plugins compatible for Editor in 6.69 ms, found 4 plugins.
Preloading 0 native plugins for Editor in 0.00 ms.
Unloading 13 Unused Serialized files (Serialized files now loaded: 0)
Unloading 5367 unused Assets / (1.6 MB). Loaded Objects now: 5826.
Memory consumption went from 97.5 MB to 95.9 MB.
Total: 22.169100 ms (FindLiveObjects: 0.712100 ms CreateObjectMapping: 1.257600 ms MarkObjects: 16.789800 ms  DeleteObjects: 3.407400 ms)

========================================================================
Received Import Request.
  Time since last request: 7953.338994 seconds.
  path: Assets/Assets/Documentation/Documentation.pdf
  artifactKey: Guid(41485db476b326c49a486b076241c2d7) Importer(2089858483,192608db42251d675da83286b1cce702)
Start importing Assets/Assets/Documentation/Documentation.pdf using Guid(41485db476b326c49a486b076241c2d7) Importer(2089858483,192608db42251d675da83286b1cce702) (ScriptedImporter) -> (artifact id: 'db520515c081c04b1ffcafe99a8fde0d') in 0.151048 seconds
Number of updated asset objects reloaded before import = 0Number of asset objects unloaded after import = 1

========================================================================
Received Import Request.
  Time since last request: 0.000021 seconds.
  path: Assets/Assets/Image/Enemy/Wolf_White_Death.png
  artifactKey: Guid(06100e5bee53eeb418fa33ea0d52777a) Importer(2089858483,192608db42251d675da83286b1cce702)
Start importing Assets/Assets/Image/Enemy/Wolf_White_Death.png using Guid(06100e5bee53eeb418fa33ea0d52777a) Importer(2089858483,192608db42251d675da83286b1cce702) (ScriptedImporter) -> (artifact id: '874219e1966635a9007015a0c04a4a18') in 0.2148021 seconds
Number of updated asset objects reloaded before import = 0Number of asset objects unloaded after import = 3

========================================================================
Received Import Request.
  Time since last request: 0.000024 seconds.
  path: Assets/Assets/Fonts/Retro_Textbox_01-A_quick_menu_idle.png
  artifactKey: Guid(ccca34085ce854c4c87014eb96dd49e1) Importer(2089858483,192608db42251d675da83286b1cce702)
Start importing Assets/Assets/Fonts/Retro_Textbox_01-A_quick_menu_idle.png using Guid(ccca34085ce854c4c87014eb96dd49e1) Importer(2089858483,192608db42251d675da83286b1cce702) (ScriptedImporter) -> (artifact id: '8261b5c09d334562e94d04577f0a37fe') in 0.0332955 seconds
Number of updated asset objects reloaded before import = 0Number of asset objects unloaded after import = 3

========================================================================
Received Import Request.
  Time since last request: 0.000159 seconds.
  path: Assets/Assets/Image/Enemy/Wolf_White_Ability_B.png
  artifactKey: Guid(5ee4c60a66c9daa47b4d6510843cdd50) Importer(2089858483,192608db42251d675da83286b1cce702)
Start importing Assets/Assets/Image/Enemy/Wolf_White_Ability_B.png using Guid(5ee4c60a66c9daa47b4d6510843cdd50) Importer(2089858483,192608db42251d675da83286b1cce702) (ScriptedImporter) -> (artifact id: '2aa386539304490197df9ac3cda2cea6') in 0.0251592 seconds
Number of updated asset objects reloaded before import = 0Number of asset objects unloaded after import = 3

========================================================================
Received Import Request.
  Time since last request: 0.000109 seconds.
  path: Assets/Assets/Image/Enemy/Wolf_Attack_FX.png
  artifactKey: Guid(294f67b476fa4be48bf784959f8898b5) Importer(2089858483,192608db42251d675da83286b1cce702)
Start importing Assets/Assets/Image/Enemy/Wolf_Attack_FX.png using Guid(294f67b476fa4be48bf784959f8898b5) Importer(2089858483,192608db42251d675da83286b1cce702) (ScriptedImporter) -> (artifact id: '9049c130c6afae53dca35b25a98254f4') in 0.0239996 seconds
Number of updated asset objects reloaded before import = 0Number of asset objects unloaded after import = 3

========================================================================
Received Import Request.
  Time since last request: 0.000083 seconds.
  path: Assets/Assets/Fonts/Retro_Textbox_01-A_Transparent.png
  artifactKey: Guid(f7159cdf394c7be4983609bb26b97290) Importer(2089858483,192608db42251d675da83286b1cce702)
Start importing Assets/Assets/Fonts/Retro_Textbox_01-A_Transparent.png using Guid(f7159cdf394c7be4983609bb26b97290) Importer(2089858483,192608db42251d675da83286b1cce702) (ScriptedImporter) -> (artifact id: '6d6fa5aa409cc7dede19362a11dcfe03') in 0.8731502 seconds
Number of updated asset objects reloaded before import = 0Number of asset objects unloaded after import = 3

========================================================================
Received Import Request.
  Time since last request: 0.000099 seconds.
  path: Assets/Assets/Scripts/Combat/CombatTrigger.cs
  artifactKey: Guid(67c55645d8d98524d8fb0874012e40bb) Importer(2089858483,192608db42251d675da83286b1cce702)
Start importing Assets/Assets/Scripts/Combat/CombatTrigger.cs using Guid(67c55645d8d98524d8fb0874012e40bb) Importer(2089858483,192608db42251d675da83286b1cce702) (ScriptedImporter) -> (artifact id: '36ab6240322aefa3df65d9d9fa7becf7') in 0.2802999 seconds
Number of updated asset objects reloaded before import = 0Number of asset objects unloaded after import = 0

========================================================================
Received Import Request.
  Time since last request: 0.000168 seconds.
  path: Assets/Assets/Scripts/Interface/ICombat.cs
  artifactKey: Guid(2a7520e6a21c776468da02a25e02b1a2) Importer(2089858483,192608db42251d675da83286b1cce702)
Start importing Assets/Assets/Scripts/Interface/ICombat.cs using Guid(2a7520e6a21c776468da02a25e02b1a2) Importer(2089858483,192608db42251d675da83286b1cce702) (ScriptedImporter) -> (artifact id: '341dbad743b5dd8e57606f3a73404642') in 0.0048627 seconds
Number of updated asset objects reloaded before import = 0Number of asset objects unloaded after import = 0

========================================================================
Received Import Request.
  Time since last request: 0.000220 seconds.
  path: Assets/Assets/Scripts/Interface/IController.cs
  artifactKey: Guid(41994ba06127f2c43add5d9c79ed7e40) Importer(2089858483,192608db42251d675da83286b1cce702)
Start importing Assets/Assets/Scripts/Interface/IController.cs using Guid(41994ba06127f2c43add5d9c79ed7e40) Importer(2089858483,192608db42251d675da83286b1cce702) (ScriptedImporter) -> (artifact id: 'd233aff668b844764ee065ad3df35aa6') in 0.0052175 seconds
Number of updated asset objects reloaded before import = 0Number of asset objects unloaded after import = 0

========================================================================
Received Import Request.
  Time since last request: 0.000135 seconds.
  path: Assets/Assets/Image/Items/PinkBall-Sheet.png
  artifactKey: Guid(d3a0c6aea64098c4da0be7f17a5a11c3) Importer(2089858483,192608db42251d675da83286b1cce702)
Start importing Assets/Assets/Image/Items/PinkBall-Sheet.png using Guid(d3a0c6aea64098c4da0be7f17a5a11c3) Importer(2089858483,192608db42251d675da83286b1cce702) (ScriptedImporter) -> (artifact id: '14c7477f74250c67e1da4c458fab6307') in 0.0241934 seconds
Number of updated asset objects reloaded before import = 0Number of asset objects unloaded after import = 3

========================================================================
Received Import Request.
  Time since last request: 0.000113 seconds.
  path: Assets/Assets/Image/Player/adventurer-v1.5-Sheet.png
  artifactKey: Guid(cbc47c5b18c0b8e47a042c403dff6606) Importer(2089858483,192608db42251d675da83286b1cce702)
Start importing Assets/Assets/Image/Player/adventurer-v1.5-Sheet.png using Guid(cbc47c5b18c0b8e47a042c403dff6606) Importer(2089858483,192608db42251d675da83286b1cce702) (ScriptedImporter) -> (artifact id: '16ef6f609d0bb424b59f43ceebb785e0') in 0.3714789 seconds
Number of updated asset objects reloaded before import = 0Number of asset objects unloaded after import = 111

========================================================================
Received Import Request.
  Time since last request: 0.000082 seconds.
  path: Assets/Assets/Image/Enemy/Wolf_White_Full.png
  artifactKey: Guid(04c70f8aba4a96a469b82b76893a1976) Importer(2089858483,192608db42251d675da83286b1cce702)
Start importing Assets/Assets/Image/Enemy/Wolf_White_Full.png using Guid(04c70f8aba4a96a469b82b76893a1976) Importer(2089858483,192608db42251d675da83286b1cce702) (ScriptedImporter) -> (artifact id: '4b826f7c476308a6bd653f6a33a23883') in 0.3585311 seconds
Number of updated asset objects reloaded before import = 0Number of asset objects unloaded after import = 3

========================================================================
Received Import Request.
  Time since last request: 0.000029 seconds.
  path: Assets/Assets/Image/Enemy/Wolf_Gray_Full.png
  artifactKey: Guid(b711bf540e1db7b44823effbaa8c598d) Importer(2089858483,192608db42251d675da83286b1cce702)
Start importing Assets/Assets/Image/Enemy/Wolf_Gray_Full.png using Guid(b711bf540e1db7b44823effbaa8c598d) Importer(2089858483,192608db42251d675da83286b1cce702) (ScriptedImporter) -> (artifact id: 'f227580faa0e4e0a6c6886774ffdaf9d') in 0.020848 seconds
Number of updated asset objects reloaded before import = 0Number of asset objects unloaded after import = 3

========================================================================
Received Import Request.
  Time since last request: 0.000024 seconds.
  path: Assets/Assets/Scripts/Camera/CameraManager.cs
  artifactKey: Guid(a1662b25d29af28468c92919580ac587) Importer(2089858483,192608db42251d675da83286b1cce702)
Start importing Assets/Assets/Scripts/Camera/CameraManager.cs using Guid(a1662b25d29af28468c92919580ac587) Importer(2089858483,192608db42251d675da83286b1cce702) (ScriptedImporter) -> (artifact id: '1ac05a0c72ab34e24267948a527348a1') in 0.009902 seconds
Number of updated asset objects reloaded before import = 0Number of asset objects unloaded after import = 0

========================================================================
Received Import Request.
  Time since last request: 0.000188 seconds.
  path: Assets/Assets/Animation/Player/Player_up.anim
  artifactKey: Guid(903e948aec30b5e489527260af4b93a9) Importer(2089858483,192608db42251d675da83286b1cce702)
Start importing Assets/Assets/Animation/Player/Player_up.anim using Guid(903e948aec30b5e489527260af4b93a9) Importer(2089858483,192608db42251d675da83286b1cce702) (ScriptedImporter) -> (artifact id: 'e615d31cbf2c0b9ea2740a9e95461697') in 0.0210455 seconds
Number of updated asset objects reloaded before import = 0Number of asset objects unloaded after import = 1

========================================================================
Received Import Request.
  Time since last request: 0.000220 seconds.
  path: Assets/Assets/Image/Enemy/Wolf_Gray_Ability_B.png
  artifactKey: Guid(f7ca193c1bc981b4e9b955d6515d1cc9) Importer(2089858483,192608db42251d675da83286b1cce702)
Start importing Assets/Assets/Image/Enemy/Wolf_Gray_Ability_B.png using Guid(f7ca193c1bc981b4e9b955d6515d1cc9) Importer(2089858483,192608db42251d675da83286b1cce702) (ScriptedImporter) -> (artifact id: 'bc5d211ba7e7e03e0639f84016ce0303') in 0.0629632 seconds
Number of updated asset objects reloaded before import = 0Number of asset objects unloaded after import = 3

========================================================================
Received Import Request.
  Time since last request: 0.000078 seconds.
  path: Assets/Assets/Image/Player/cat02_sit_strip8.png
  artifactKey: Guid(5aa9f58fd5b997643b355d1a541f307a) Importer(2089858483,192608db42251d675da83286b1cce702)
Start importing Assets/Assets/Image/Player/cat02_sit_strip8.png using Guid(5aa9f58fd5b997643b355d1a541f307a) Importer(2089858483,192608db42251d675da83286b1cce702) (ScriptedImporter) -> (artifact id: 'a05400619c461fe745774738284ed1f4') in 0.0478972 seconds
Number of updated asset objects reloaded before import = 0Number of asset objects unloaded after import = 10

========================================================================
Received Import Request.
  Time since last request: 0.000018 seconds.
  path: Assets/Assets/Image/Enemy/Wolf_Brown_Ability_A.png
  artifactKey: Guid(6d16229d291fd184da284456b960b81d) Importer(2089858483,192608db42251d675da83286b1cce702)
Start importing Assets/Assets/Image/Enemy/Wolf_Brown_Ability_A.png using Guid(6d16229d291fd184da284456b960b81d) Importer(2089858483,192608db42251d675da83286b1cce702) (ScriptedImporter) -> (artifact id: 'a62321afe6ac405b70874cbeaca1b488') in 0.0258279 seconds
Number of updated asset objects reloaded before import = 0Number of asset objects unloaded after import = 3

========================================================================
Received Import Request.
  Time since last request: 0.000041 seconds.
  path: Assets/Assets/Animation/Player/Player_Attack_1.anim
  artifactKey: Guid(f263049697ef9d74493d7aa0673b55d6) Importer(2089858483,192608db42251d675da83286b1cce702)
Start importing Assets/Assets/Animation/Player/Player_Attack_1.anim using Guid(f263049697ef9d74493d7aa0673b55d6) Importer(2089858483,192608db42251d675da83286b1cce702) (ScriptedImporter) -> (artifact id: 'ffc64adf58e9ccb49da14dac2c590208') in 0.0093298 seconds
Number of updated asset objects reloaded before import = 0Number of asset objects unloaded after import = 1

========================================================================
Received Import Request.
  Time since last request: 0.000190 seconds.
  path: Assets/Assets/Image/Enemy/Wolf_Gray_Hit.png
  artifactKey: Guid(9f0587234b3f65d4da39ccc64515b7ed) Importer(2089858483,192608db42251d675da83286b1cce702)
Start importing Assets/Assets/Image/Enemy/Wolf_Gray_Hit.png using Guid(9f0587234b3f65d4da39ccc64515b7ed) Importer(2089858483,192608db42251d675da83286b1cce702) (ScriptedImporter) -> (artifact id: '9b512daca729c82d89fd87cdf30e8022') in 0.0260533 seconds
Number of updated asset objects reloaded before import = 0Number of asset objects unloaded after import = 3

========================================================================
Received Import Request.
  Time since last request: 0.000037 seconds.
  path: Assets/Assets/Scripts/Managers/InputManager.cs
  artifactKey: Guid(f0d2f7eb5f0c28049977ec5caf31150c) Importer(2089858483,192608db42251d675da83286b1cce702)
Start importing Assets/Assets/Scripts/Managers/InputManager.cs using Guid(f0d2f7eb5f0c28049977ec5caf31150c) Importer(2089858483,192608db42251d675da83286b1cce702) (ScriptedImporter) -> (artifact id: 'f910f8b08a47f1de85267871e7f5697c') in 0.0071411 seconds
Number of updated asset objects reloaded before import = 0Number of asset objects unloaded after import = 0

========================================================================
Received Import Request.
  Time since last request: 0.000124 seconds.
  path: Assets/Assets/Prefabs/Enemy/Enemy_Skeleton.prefab
  artifactKey: Guid(cbf4093c69d9d6b4686f96ac58afc2b3) Importer(2089858483,192608db42251d675da83286b1cce702)
Start importing Assets/Assets/Prefabs/Enemy/Enemy_Skeleton.prefab using Guid(cbf4093c69d9d6b4686f96ac58afc2b3) Importer(2089858483,192608db42251d675da83286b1cce702) (ScriptedImporter) -> (artifact id: 'b6d784780fc9349b5d9ef959f27ac44b') in 0.4748562 seconds
Number of updated asset objects reloaded before import = 0Number of asset objects unloaded after import = 29

========================================================================
Received Import Request.
  Time since last request: 0.000029 seconds.
  path: Assets/Assets/Fonts/Fantasy_TextBox_A01-1_Green.png
  artifactKey: Guid(7ba938176a6f25d48b72c64a4ad78195) Importer(2089858483,192608db42251d675da83286b1cce702)
Start importing Assets/Assets/Fonts/Fantasy_TextBox_A01-1_Green.png using Guid(7ba938176a6f25d48b72c64a4ad78195) Importer(2089858483,192608db42251d675da83286b1cce702) (ScriptedImporter) -> (artifact id: '38f89234e76e1370de28ba7a67f39929') in 0.7849698 seconds
Number of updated asset objects reloaded before import = 0Number of asset objects unloaded after import = 3

========================================================================
Received Import Request.
  Time since last request: 0.000050 seconds.
  path: Assets/Assets/Tilemap/Platforms/JapaneseCityKawaiiTileset_25.asset
  artifactKey: Guid(06754dc6e167fad43965a05bc5b0c2d8) Importer(2089858483,192608db42251d675da83286b1cce702)
Start importing Assets/Assets/Tilemap/Platforms/JapaneseCityKawaiiTileset_25.asset using Guid(06754dc6e167fad43965a05bc5b0c2d8) Importer(2089858483,192608db42251d675da83286b1cce702) (ScriptedImporter) -> (artifact id: 'f4a0d03b4e30bf752c0a0634751a0b3d') in 0.0251285 seconds
Number of updated asset objects reloaded before import = 0Number of asset objects unloaded after import = 2

========================================================================
Received Import Request.
  Time since last request: 0.000081 seconds.
  path: Assets/Assets/Image/Enemy/Wolf_Gray_Full_FX.png
  artifactKey: Guid(b7181a2639ae470479fc280a238e42e2) Importer(2089858483,192608db42251d675da83286b1cce702)
Start importing Assets/Assets/Image/Enemy/Wolf_Gray_Full_FX.png using Guid(b7181a2639ae470479fc280a238e42e2) Importer(2089858483,192608db42251d675da83286b1cce702) (ScriptedImporter) -> (artifact id: 'f5a5894af93340107db565139dd911f3') in 0.7868001 seconds
Number of updated asset objects reloaded before import = 0Number of asset objects unloaded after import = 3

========================================================================
Received Import Request.
  Time since last request: 0.000091 seconds.
  path: Assets/Assets/Tilemap/Platforms/TileSet_20.asset
  artifactKey: Guid(3fe293b8085c621448b1973232992fb8) Importer(2089858483,192608db42251d675da83286b1cce702)
Start importing Assets/Assets/Tilemap/Platforms/TileSet_20.asset using Guid(3fe293b8085c621448b1973232992fb8) Importer(2089858483,192608db42251d675da83286b1cce702) (ScriptedImporter) -> (artifact id: '22830cbece87d0037bda8eeca18ae7c0') in 0.008402 seconds
Number of updated asset objects reloaded before import = 0Number of asset objects unloaded after import = 2

========================================================================
Received Import Request.
  Time since last request: 0.000082 seconds.
  path: Assets/Assets/Scripts/Combat/Combat.cs
  artifactKey: Guid(d74609e43a5d81a4d8c295682abec7da) Importer(2089858483,192608db42251d675da83286b1cce702)
Start importing Assets/Assets/Scripts/Combat/Combat.cs using Guid(d74609e43a5d81a4d8c295682abec7da) Importer(2089858483,192608db42251d675da83286b1cce702) (ScriptedImporter) -> (artifact id: '7d4cc5056195b7194cbe51587e14202a') in 0.0084815 seconds
Number of updated asset objects reloaded before import = 0Number of asset objects unloaded after import = 0

========================================================================
Received Import Request.
  Time since last request: 0.000138 seconds.
  path: Assets/Assets/Scripts/Stats/Stats.cs
  artifactKey: Guid(e916a6f5ca6c7954e826f072c3668101) Importer(2089858483,192608db42251d675da83286b1cce702)
Start importing Assets/Assets/Scripts/Stats/Stats.cs using Guid(e916a6f5ca6c7954e826f072c3668101) Importer(2089858483,192608db42251d675da83286b1cce702) (ScriptedImporter) -> (artifact id: '363e58817be082d5b1cf1495b07ef7fb') in 0.0057668 seconds
Number of updated asset objects reloaded before import = 0Number of asset objects unloaded after import = 0

========================================================================
Received Import Request.
  Time since last request: 0.000123 seconds.
  path: Assets/Assets/Fonts/pricedown bl.ttf
  artifactKey: Guid(0529fa845811e0e49bff9addd64ca07d) Importer(2089858483,192608db42251d675da83286b1cce702)
Start importing Assets/Assets/Fonts/pricedown bl.ttf using Guid(0529fa845811e0e49bff9addd64ca07d) Importer(2089858483,192608db42251d675da83286b1cce702) (ScriptedImporter) -> (artifact id: '7ad11e98b7e4931934f0dc62367b4331') in 0.0223092 seconds
Number of updated asset objects reloaded before import = 0Number of asset objects unloaded after import = 3

========================================================================
Received Import Request.
  Time since last request: 0.000021 seconds.
  path: Assets/Assets/Fonts/Fantasy_TextBox_A01-1_Purple.png
  artifactKey: Guid(87d89dcc8ccc32f4fb5da2907e9a1c4c) Importer(2089858483,192608db42251d675da83286b1cce702)
Start importing Assets/Assets/Fonts/Fantasy_TextBox_A01-1_Purple.png using Guid(87d89dcc8ccc32f4fb5da2907e9a1c4c) Importer(2089858483,192608db42251d675da83286b1cce702) (ScriptedImporter) -> (artifact id: '0f0824f5693ef8c8435df39a270c1f21') in 0.3001349 seconds
Number of updated asset objects reloaded before import = 0Number of asset objects unloaded after import = 3

========================================================================
Received Import Request.
  Time since last request: 0.000027 seconds.
  path: Assets/Assets/Image/Enemy/Wolf_Ability_A_Start_FX.png
  artifactKey: Guid(9d6189430ca793f48a9bdc3c5c11a309) Importer(2089858483,192608db42251d675da83286b1cce702)
Start importing Assets/Assets/Image/Enemy/Wolf_Ability_A_Start_FX.png using Guid(9d6189430ca793f48a9bdc3c5c11a309) Importer(2089858483,192608db42251d675da83286b1cce702) (ScriptedImporter) -> (artifact id: '2f523ca45447559e0fcadcc769db480f') in 0.0518263 seconds
Number of updated asset objects reloaded before import = 0Number of asset objects unloaded after import = 3

========================================================================
Received Import Request.
  Time since last request: 0.000038 seconds.
  path: Assets/Assets/Image/Licence.txt
  artifactKey: Guid(7cc75eea4fa6feb4e89e73f0f202f9a7) Importer(2089858483,192608db42251d675da83286b1cce702)
Start importing Assets/Assets/Image/Licence.txt using Guid(7cc75eea4fa6feb4e89e73f0f202f9a7) Importer(2089858483,192608db42251d675da83286b1cce702) (ScriptedImporter) -> (artifact id: '4706a4456c26371972a0b3ab8b026e33') in 0.5668115 seconds
Number of updated asset objects reloaded before import = 0Number of asset objects unloaded after import = 1

========================================================================
Received Import Request.
  Time since last request: 0.000104 seconds.
  path: Assets/Assets/Animation/Enemy/Skeleton/Enemy_Skeleton_Death.anim
  artifactKey: Guid(fb8820d247fefe348a7edb4bf6b9c59f) Importer(2089858483,192608db42251d675da83286b1cce702)
Start importing Assets/Assets/Animation/Enemy/Skeleton/Enemy_Skeleton_Death.anim using Guid(fb8820d247fefe348a7edb4bf6b9c59f) Importer(2089858483,192608db42251d675da83286b1cce702) (ScriptedImporter) -> (artifact id: 'dc6a970b307953ce4ba899bd80927544') in 0.0076166 seconds
Number of updated asset objects reloaded before import = 0Number of asset objects unloaded after import = 1

========================================================================
Received Import Request.
  Time since last request: 0.000185 seconds.
  path: Assets/Assets/Image/Player/Weapon/Arrow.png
  artifactKey: Guid(392336dfd7d80e348b4fe7354c7b0d4c) Importer(2089858483,192608db42251d675da83286b1cce702)
Start importing Assets/Assets/Image/Player/Weapon/Arrow.png using Guid(392336dfd7d80e348b4fe7354c7b0d4c) Importer(2089858483,192608db42251d675da83286b1cce702) (ScriptedImporter) -> (artifact id: '473ef6b5441dce4adc3b87ad722b7926') in 0.0892229 seconds
Number of updated asset objects reloaded before import = 0Number of asset objects unloaded after import = 3

========================================================================
Received Import Request.
  Time since last request: 0.000020 seconds.
  path: Assets/Assets/Tilemap/Platforms/TileSet_4.asset
  artifactKey: Guid(e17f8c1e093ab98458a78b569c7c514d) Importer(2089858483,192608db42251d675da83286b1cce702)
Start importing Assets/Assets/Tilemap/Platforms/TileSet_4.asset using Guid(e17f8c1e093ab98458a78b569c7c514d) Importer(2089858483,192608db42251d675da83286b1cce702) (ScriptedImporter) -> (artifact id: 'e72637c950eebcf000bb914427d6bb27') in 0.0102893 seconds
Number of updated asset objects reloaded before import = 0Number of asset objects unloaded after import = 2

========================================================================
Received Import Request.
  Time since last request: 0.000067 seconds.
  path: Assets/Assets/Image/World/Background/Grass 2.png
  artifactKey: Guid(87fec7d9b1f0071409123a1b7e1c97b0) Importer(2089858483,192608db42251d675da83286b1cce702)
Start importing Assets/Assets/Image/World/Background/Grass 2.png using Guid(87fec7d9b1f0071409123a1b7e1c97b0) Importer(2089858483,192608db42251d675da83286b1cce702) (ScriptedImporter) -> (artifact id: '0b1b0486819c5e923bf8fabca224f9b7') in 0.024169 seconds
Number of updated asset objects reloaded before import = 0Number of asset objects unloaded after import = 3

========================================================================
Received Import Request.
  Time since last request: 0.000160 seconds.
  path: Assets/Assets/Tilemap/Platforms/TileSet_6.asset
  artifactKey: Guid(a935b82911d82074088dc4ff490642cc) Importer(2089858483,192608db42251d675da83286b1cce702)
Start importing Assets/Assets/Tilemap/Platforms/TileSet_6.asset using Guid(a935b82911d82074088dc4ff490642cc) Importer(2089858483,192608db42251d675da83286b1cce702) (ScriptedImporter) -> (artifact id: '754db302511582da5c74d328b4779147') in 0.0109146 seconds
Number of updated asset objects reloaded before import = 0Number of asset objects unloaded after import = 2

========================================================================
Received Import Request.
  Time since last request: 0.000108 seconds.
  path: Assets/Assets/Tilemap/Platforms/TileSet_5.asset
  artifactKey: Guid(1c8fe39b4ab882f49a6627efa200493a) Importer(2089858483,192608db42251d675da83286b1cce702)
Start importing Assets/Assets/Tilemap/Platforms/TileSet_5.asset using Guid(1c8fe39b4ab882f49a6627efa200493a) Importer(2089858483,192608db42251d675da83286b1cce702) (ScriptedImporter) -> (artifact id: '8f6c847a2e94d42f3b0d6fcdfe769b96') in 0.0071522 seconds
Number of updated asset objects reloaded before import = 0Number of asset objects unloaded after import = 2

========================================================================
Received Import Request.
  Time since last request: 0.000016 seconds.
  path: Assets/Assets/Tilemap/Platforms/TileSet_31.asset
  artifactKey: Guid(bb15149305eb94945bcb63c450e3ae95) Importer(2089858483,192608db42251d675da83286b1cce702)
Start importing Assets/Assets/Tilemap/Platforms/TileSet_31.asset using Guid(bb15149305eb94945bcb63c450e3ae95) Importer(2089858483,192608db42251d675da83286b1cce702) (ScriptedImporter) -> (artifact id: 'dd89280cf753ab9e999816759909a19d') in 0.2443004 seconds
Number of updated asset objects reloaded before import = 0Number of asset objects unloaded after import = 2

========================================================================
Received Import Request.
  Time since last request: 0.000161 seconds.
  path: Assets/Assets/Image/Player/cat02_fall_strip3.png
  artifactKey: Guid(41f5ccb387a49024ba64b89d0aada0d3) Importer(2089858483,192608db42251d675da83286b1cce702)
Start importing Assets/Assets/Image/Player/cat02_fall_strip3.png using Guid(41f5ccb387a49024ba64b89d0aada0d3) Importer(2089858483,192608db42251d675da83286b1cce702) (ScriptedImporter) -> (artifact id: '2c6ee15d7873d0c6d72b40e65dd33864') in 0.0219505 seconds
Number of updated asset objects reloaded before import = 0Number of asset objects unloaded after import = 5

========================================================================
Received Import Request.
  Time since last request: 0.000150 seconds.
  path: Assets/Assets/Scripts/Managers/UIManager.cs
  artifactKey: Guid(fc20216dce06c6e458c48235c3d4a35a) Importer(2089858483,192608db42251d675da83286b1cce702)
Start importing Assets/Assets/Scripts/Managers/UIManager.cs using Guid(fc20216dce06c6e458c48235c3d4a35a) Importer(2089858483,192608db42251d675da83286b1cce702) (ScriptedImporter) -> (artifact id: '32591965d84246ecfa607931109c2d57') in 0.0049065 seconds
Number of updated asset objects reloaded before import = 0Number of asset objects unloaded after import = 0

========================================================================
Received Import Request.
  Time since last request: 0.000215 seconds.
  path: Assets/Assets/Image/World/Background/Grass 1.png
  artifactKey: Guid(e1e1bdd95d8cba942ba9fdff655e5f04) Importer(2089858483,192608db42251d675da83286b1cce702)
Start importing Assets/Assets/Image/World/Background/Grass 1.png using Guid(e1e1bdd95d8cba942ba9fdff655e5f04) Importer(2089858483,192608db42251d675da83286b1cce702) (ScriptedImporter) -> (artifact id: '51c77b8a5730e537e832993a9269eedc') in 0.30105 seconds
Number of updated asset objects reloaded before import = 0Number of asset objects unloaded after import = 3

========================================================================
Received Import Request.
  Time since last request: 0.000178 seconds.
  path: Assets/Assets/Image/Enemy/Wolf_Brown_Full_FX.png
  artifactKey: Guid(b5f86c9c3c58c9c44b48345442750a2d) Importer(2089858483,192608db42251d675da83286b1cce702)
Start importing Assets/Assets/Image/Enemy/Wolf_Brown_Full_FX.png using Guid(b5f86c9c3c58c9c44b48345442750a2d) Importer(2089858483,192608db42251d675da83286b1cce702) (ScriptedImporter) -> (artifact id: '3b147ab261f13ca9bf6b53cec54af326') in 0.0187921 seconds
Number of updated asset objects reloaded before import = 0Number of asset objects unloaded after import = 3

========================================================================
Received Import Request.
  Time since last request: 0.000138 seconds.
  path: Assets/Assets/Tilemap/Platforms/JapaneseCityKawaiiTileset_27.asset
  artifactKey: Guid(a2a63284cf6a1fd40a3dda29abe0cd8c) Importer(2089858483,192608db42251d675da83286b1cce702)
Start importing Assets/Assets/Tilemap/Platforms/JapaneseCityKawaiiTileset_27.asset using Guid(a2a63284cf6a1fd40a3dda29abe0cd8c) Importer(2089858483,192608db42251d675da83286b1cce702) (ScriptedImporter) -> (artifact id: '17b6ccd64ab550e8caa42c9c639630ce') in 0.0066018 seconds
Number of updated asset objects reloaded before import = 0Number of asset objects unloaded after import = 2

========================================================================
Received Import Request.
  Time since last request: 0.000125 seconds.
  path: Assets/Assets/Tilemap/Platforms/TileSet_14.asset
  artifactKey: Guid(55b14ff960e3bd7419627f8f9969a08e) Importer(2089858483,192608db42251d675da83286b1cce702)
Start importing Assets/Assets/Tilemap/Platforms/TileSet_14.asset using Guid(55b14ff960e3bd7419627f8f9969a08e) Importer(2089858483,192608db42251d675da83286b1cce702) (ScriptedImporter) -> (artifact id: '10fd9aa90f65d45fd4740f7f63dc11d4') in 0.0059725 seconds
Number of updated asset objects reloaded before import = 0Number of asset objects unloaded after import = 2

========================================================================
Received Import Request.
  Time since last request: 0.000135 seconds.
  path: Assets/Assets/Tilemap/Platforms/JapaneseCityKawaiiTileset_19.asset
  artifactKey: Guid(7ff053a0e60758b4a8d5352f6d6e4b3b) Importer(2089858483,192608db42251d675da83286b1cce702)
Start importing Assets/Assets/Tilemap/Platforms/JapaneseCityKawaiiTileset_19.asset using Guid(7ff053a0e60758b4a8d5352f6d6e4b3b) Importer(2089858483,192608db42251d675da83286b1cce702) (ScriptedImporter) -> (artifact id: '7a92aa31cc54d6b6be98bf99bb75a192') in 0.0066106 seconds
Number of updated asset objects reloaded before import = 0Number of asset objects unloaded after import = 2

========================================================================
Received Import Request.
  Time since last request: 0.000116 seconds.
  path: Assets/Assets/Tilemap/Platforms/TileSet_10.asset
  artifactKey: Guid(66a6076e1b0f5c54ebbcdaa5b07a26fc) Importer(2089858483,192608db42251d675da83286b1cce702)
Start importing Assets/Assets/Tilemap/Platforms/TileSet_10.asset using Guid(66a6076e1b0f5c54ebbcdaa5b07a26fc) Importer(2089858483,192608db42251d675da83286b1cce702) (ScriptedImporter) -> (artifact id: '47c9b149d2873cd13584d93a6ca8349a') in 0.0063639 seconds
Number of updated asset objects reloaded before import = 0Number of asset objects unloaded after import = 2

========================================================================
Received Import Request.
  Time since last request: 0.000110 seconds.
  path: Assets/Assets/Fonts/ctc_retro_textbox_1.png
  artifactKey: Guid(bde19120f1d4a9540a6e7321358b54b1) Importer(2089858483,192608db42251d675da83286b1cce702)
Start importing Assets/Assets/Fonts/ctc_retro_textbox_1.png using Guid(bde19120f1d4a9540a6e7321358b54b1) Importer(2089858483,192608db42251d675da83286b1cce702) (ScriptedImporter) -> (artifact id: '10c359c45337ac2a270c1f7357ae0553') in 0.0539574 seconds
Number of updated asset objects reloaded before import = 0Number of asset objects unloaded after import = 3

========================================================================
Received Import Request.
  Time since last request: 0.000084 seconds.
  path: Assets/Assets/Image/World/Materials/-1 (1).mat
  artifactKey: Guid(a757577b24eb72a4a9b276168e381da2) Importer(2089858483,192608db42251d675da83286b1cce702)
Start importing Assets/Assets/Image/World/Materials/-1 (1).mat using Guid(a757577b24eb72a4a9b276168e381da2) Importer(2089858483,192608db42251d675da83286b1cce702) (ScriptedImporter) -> (artifact id: '7e49237e58325ac3771c1de74eb5ec8b') in 0.0413311 seconds
Number of updated asset objects reloaded before import = 0Number of asset objects unloaded after import = 1

========================================================================
Received Import Request.
  Time since last request: 0.000027 seconds.
  path: Assets/Assets/Tilemap/Platforms/TileSet_23.asset
  artifactKey: Guid(ef9550d91fa06324a8a19dc72a51c9e0) Importer(2089858483,192608db42251d675da83286b1cce702)
Start importing Assets/Assets/Tilemap/Platforms/TileSet_23.asset using Guid(ef9550d91fa06324a8a19dc72a51c9e0) Importer(2089858483,192608db42251d675da83286b1cce702) (ScriptedImporter) -> (artifact id: 'a9abca207f4819f32a53da5b441f8b5f') in 0.016336 seconds
Number of updated asset objects reloaded before import = 0Number of asset objects unloaded after import = 2

========================================================================
Received Import Request.
  Time since last request: 0.000156 seconds.
  path: Assets/Assets/Tilemap/Platforms/TileSet_3.asset
  artifactKey: Guid(76ec7b9b534afd24ca846aba6e5e0dd5) Importer(2089858483,192608db42251d675da83286b1cce702)
Start importing Assets/Assets/Tilemap/Platforms/TileSet_3.asset using Guid(76ec7b9b534afd24ca846aba6e5e0dd5) Importer(2089858483,192608db42251d675da83286b1cce702) (ScriptedImporter) -> (artifact id: 'b7e7a9013968b66df0b5b336fec5ec3c') in 0.007216 seconds
Number of updated asset objects reloaded before import = 0Number of asset objects unloaded after import = 2

========================================================================
Received Import Request.
  Time since last request: 0.000063 seconds.
  path: Assets/Assets/Image/UI/Rpg/sample.png
  artifactKey: Guid(a3e411fd29ecb1247ae1df548fbf73c0) Importer(2089858483,192608db42251d675da83286b1cce702)
Start importing Assets/Assets/Image/UI/Rpg/sample.png using Guid(a3e411fd29ecb1247ae1df548fbf73c0) Importer(2089858483,192608db42251d675da83286b1cce702) (ScriptedImporter) -> (artifact id: 'c107868db9ccc6e7cccb38ef390f066e') in 0.1094366 seconds
Number of updated asset objects reloaded before import = 0Number of asset objects unloaded after import = 3

