Using pre-set license
Built from '6000.0/staging' branch; Version is '6000.0.32f1 (b2e806cf271c) revision 11724806'; Using compiler version '193933523'; Build Type 'Release'
OS: 'Windows 10  (10.0.19045) 64bit Enterprise' Language: 'en' Physical Memory: 16263 MB
BatchMode: 1, IsHumanControllingUs: 0, StartBugReporterOnCrash: 0, Is64bit: 1, IsPro: 1

COMMAND LINE ARGUMENTS:
D:\6000.0.32f1\Editor\Unity.exe
-adb2
-batchMode
-noUpm
-name
AssetImportWorker1
-projectPath
D:/Mirai
-logFile
Logs/AssetImportWorker1.log
-srvPort
54906
-job-worker-count
5
-background-job-worker-count
8
-gc-helper-count
1
Successfully changed project path to: D:/Mirai
D:/Mirai
[UnityMemory] Configuration Parameters - Can be set up in boot.config
    "memorysetup-bucket-allocator-granularity=16"
    "memorysetup-bucket-allocator-bucket-count=8"
    "memorysetup-bucket-allocator-block-size=33554432"
    "memorysetup-bucket-allocator-block-count=8"
    "memorysetup-main-allocator-block-size=16777216"
    "memorysetup-thread-allocator-block-size=16777216"
    "memorysetup-gfx-main-allocator-block-size=16777216"
    "memorysetup-gfx-thread-allocator-block-size=16777216"
    "memorysetup-cache-allocator-block-size=4194304"
    "memorysetup-typetree-allocator-block-size=2097152"
    "memorysetup-profiler-bucket-allocator-granularity=16"
    "memorysetup-profiler-bucket-allocator-bucket-count=8"
    "memorysetup-profiler-bucket-allocator-block-size=33554432"
    "memorysetup-profiler-bucket-allocator-block-count=8"
    "memorysetup-profiler-allocator-block-size=16777216"
    "memorysetup-profiler-editor-allocator-block-size=1048576"
    "memorysetup-temp-allocator-size-main=16777216"
    "memorysetup-job-temp-allocator-block-size=2097152"
    "memorysetup-job-temp-allocator-block-size-background=1048576"
    "memorysetup-job-temp-allocator-reduction-small-platforms=262144"
    "memorysetup-allocator-temp-initial-block-size-main=262144"
    "memorysetup-allocator-temp-initial-block-size-worker=262144"
    "memorysetup-temp-allocator-size-background-worker=32768"
    "memorysetup-temp-allocator-size-job-worker=262144"
    "memorysetup-temp-allocator-size-preload-manager=33554432"
    "memorysetup-temp-allocator-size-nav-mesh-worker=65536"
    "memorysetup-temp-allocator-size-audio-worker=65536"
    "memorysetup-temp-allocator-size-cloud-worker=32768"
    "memorysetup-temp-allocator-size-gi-baking-worker=262144"
    "memorysetup-temp-allocator-size-gi-baking-worker=262144"
    "memorysetup-temp-allocator-size-gi-baking-worker=262144"
    "memorysetup-temp-allocator-size-gi-baking-worker=262144"
    "memorysetup-temp-allocator-size-gi-baking-worker=262144"
    "memorysetup-temp-allocator-size-gfx=262144"
Player connection [9072]  Target information:

Player connection [9072]  * "[IP] 10.0.0.185 [Port] 0 [Flags] 2 [Guid] 2392357444 [EditorId] 2392357444 [Version] 1048832 [Id] WindowsEditor(7,DESKTOP-8GLS977) [Debug] 1 [PackageName] WindowsEditor [ProjectName] Editor" 

Player connection [9072] Host joined multi-casting on [225.0.0.222:54997]...
Player connection [9072] Host joined alternative multi-casting on [225.0.0.222:34997]...
JobSystem: Creating JobQueue using job-worker-count value 5
[Physics::Module] Initialized fallback backend.
[Physics::Module] Id: 0xdecafbad
Library Redirect Path: Library/
[Physics::Module] Selected backend.
[Physics::Module] Name: PhysX
[Physics::Module] Id: 0xf2b8ea05
[Physics::Module] SDK Version: 4.1.2
[Physics::Module] Integration Version: 1.0.0
[Physics::Module] Threading Mode: Multi-Threaded
Refreshing native plugins compatible for Editor in 7.18 ms, found 3 plugins.
Preloading 0 native plugins for Editor in 0.00 ms.
Initialize engine version: 6000.0.32f1 (b2e806cf271c)
[Subsystems] Discovering subsystems at path D:/6000.0.32f1/Editor/Data/Resources/UnitySubsystems
[Subsystems] Discovering subsystems at path D:/Mirai/Assets
GfxDevice: creating device client; kGfxThreadingModeNonThreaded
Direct3D:
    Version:  Direct3D 11.0 [level 11.1]
    Renderer: NVIDIA GeForce GTX 1650 (ID=0x1f91)
    Vendor:   NVIDIA
    VRAM:     3935 MB
    Driver:   32.0.15.6070
Initialize mono
Mono path[0] = 'D:/6000.0.32f1/Editor/Data/Managed'
Mono path[1] = 'D:/6000.0.32f1/Editor/Data/MonoBleedingEdge/lib/mono/unityjit-win32'
Mono config path = 'D:/6000.0.32f1/Editor/Data/MonoBleedingEdge/etc'
Using monoOptions --debugger-agent=transport=dt_socket,embedding=1,server=y,suspend=n,address=127.0.0.1:56916
Begin MonoManager ReloadAssembly
Registering precompiled unity dll's ...
Register platform support module: D:/6000.0.32f1/Editor/Data/PlaybackEngines/WindowsStandaloneSupport/UnityEditor.WindowsStandalone.Extensions.dll
Register platform support module: D:/6000.0.32f1/Editor/Data/PlaybackEngines/AndroidPlayer/UnityEditor.Android.Extensions.dll
Registered in 0.005183 seconds.
- Loaded All Assemblies, in  0.623 seconds
Native extension for Android target not found
Android Extension - Scanning For ADB Devices 431 ms
Native extension for WindowsStandalone target not found
Mono: successfully reloaded assembly
- Finished resetting the current domain, in  0.960 seconds
Domain Reload Profiling: 1582ms
	BeginReloadAssembly (241ms)
		ExecutionOrderSort (0ms)
		DisableScriptedObjects (0ms)
		BackupInstance (0ms)
		ReleaseScriptingObjects (0ms)
		CreateAndSetChildDomain (1ms)
	RebuildCommonClasses (54ms)
	RebuildNativeTypeToScriptingClass (17ms)
	initialDomainReloadingComplete (77ms)
	LoadAllAssembliesAndSetupDomain (232ms)
		LoadAssemblies (240ms)
		RebuildTransferFunctionScriptingTraits (0ms)
		AnalyzeDomain (227ms)
			TypeCache.Refresh (225ms)
				TypeCache.ScanAssembly (204ms)
			BuildScriptInfoCaches (0ms)
			ResolveRequiredComponents (1ms)
	FinalizeReload (960ms)
		ReleaseScriptCaches (0ms)
		RebuildScriptCaches (0ms)
		SetupLoadedEditorAssemblies (912ms)
			LogAssemblyErrors (0ms)
			InitializePlatformSupportModulesInManaged (557ms)
			SetLoadedEditorAssemblies (6ms)
			BeforeProcessingInitializeOnLoad (79ms)
			ProcessInitializeOnLoadAttributes (179ms)
			ProcessInitializeOnLoadMethodAttributes (92ms)
			AfterProcessingInitializeOnLoad (0ms)
			EditorAssembliesLoaded (0ms)
		ExecutionOrderSort2 (0ms)
		AwakeInstancesAfterBackupRestoration (0ms)
========================================================================
Worker process is ready to serve import requests
Import Worker Mode flag is 0x00
Begin MonoManager ReloadAssembly
Symbol file LoadedFromMemory is not a mono symbol file
- Loaded All Assemblies, in  1.069 seconds
Refreshing native plugins compatible for Editor in 5.15 ms, found 3 plugins.
Native extension for Android target not found
Native extension for WindowsStandalone target not found
Mono: successfully reloaded assembly
- Finished resetting the current domain, in  1.288 seconds
Domain Reload Profiling: 2355ms
	BeginReloadAssembly (288ms)
		ExecutionOrderSort (0ms)
		DisableScriptedObjects (9ms)
		BackupInstance (0ms)
		ReleaseScriptingObjects (0ms)
		CreateAndSetChildDomain (48ms)
	RebuildCommonClasses (51ms)
	RebuildNativeTypeToScriptingClass (16ms)
	initialDomainReloadingComplete (50ms)
	LoadAllAssembliesAndSetupDomain (662ms)
		LoadAssemblies (567ms)
		RebuildTransferFunctionScriptingTraits (0ms)
		AnalyzeDomain (281ms)
			TypeCache.Refresh (211ms)
				TypeCache.ScanAssembly (183ms)
			BuildScriptInfoCaches (58ms)
			ResolveRequiredComponents (8ms)
	FinalizeReload (1288ms)
		ReleaseScriptCaches (0ms)
		RebuildScriptCaches (0ms)
		SetupLoadedEditorAssemblies (1107ms)
			LogAssemblyErrors (0ms)
			InitializePlatformSupportModulesInManaged (15ms)
			SetLoadedEditorAssemblies (7ms)
			BeforeProcessingInitializeOnLoad (224ms)
			ProcessInitializeOnLoadAttributes (577ms)
			ProcessInitializeOnLoadMethodAttributes (280ms)
			AfterProcessingInitializeOnLoad (4ms)
			EditorAssembliesLoaded (0ms)
		ExecutionOrderSort2 (0ms)
		AwakeInstancesAfterBackupRestoration (11ms)
Launched and connected shader compiler UnityShaderCompiler.exe after 0.98 seconds
Refreshing native plugins compatible for Editor in 5.10 ms, found 3 plugins.
Preloading 0 native plugins for Editor in 0.00 ms.
Unloading 7 Unused Serialized files (Serialized files now loaded: 0)
Unloading 4347 unused Assets / (1.2 MB). Loaded Objects now: 4805.
Memory consumption went from 85.2 MB to 84.0 MB.
Total: 15.278200 ms (FindLiveObjects: 0.491400 ms CreateObjectMapping: 0.695100 ms MarkObjects: 12.662900 ms  DeleteObjects: 1.427500 ms)

========================================================================
Received Import Request.
  Time since last request: 1248.515610 seconds.
  path: Assets/Assets/Scripts
  artifactKey: Guid(2a87e2cd30b72e3448d307ecfeb6f3fb) Importer(815301076,1909f56bfc062723c751e8b465ee728b)
Start importing Assets/Assets/Scripts using Guid(2a87e2cd30b72e3448d307ecfeb6f3fb) Importer(815301076,1909f56bfc062723c751e8b465ee728b) (PreviewImporter) -> (artifact id: 'c41c757daa72c6d317f0accae5de78d4') in 1.1754654 seconds
Number of updated asset objects reloaded before import = 0Number of asset objects unloaded after import = 0

========================================================================
Received Import Request.
  Time since last request: 0.008756 seconds.
  path: Assets/Assets/Fonts/01-Fantasy_TextBox_A01-1_Preview_V1.png
  artifactKey: Guid(c1ec8695cfcda234ea3d20952cc0b989) Importer(815301076,1909f56bfc062723c751e8b465ee728b)
Start importing Assets/Assets/Fonts/01-Fantasy_TextBox_A01-1_Preview_V1.png using Guid(c1ec8695cfcda234ea3d20952cc0b989) Importer(815301076,1909f56bfc062723c751e8b465ee728b) (PreviewImporter) -> (artifact id: '4d0b00139d9edc3ea3233b74cc72a809') in 0.4848993 seconds
Number of updated asset objects reloaded before import = 0Number of asset objects unloaded after import = 3

========================================================================
Received Import Request.
  Time since last request: 809.724851 seconds.
  path: Assets/Assets/Image/UI/Rpg/PNG/barBack_verticalMid.png
  artifactKey: Guid(1f71a431a1d4b7e4aa2e250eb460aa3a) Importer(815301076,1909f56bfc062723c751e8b465ee728b)
Start importing Assets/Assets/Image/UI/Rpg/PNG/barBack_verticalMid.png using Guid(1f71a431a1d4b7e4aa2e250eb460aa3a) Importer(815301076,1909f56bfc062723c751e8b465ee728b) (PreviewImporter) -> (artifact id: 'cbaa98c45bd5fb0e6c37a685d2f9ce0d') in 0.0127905 seconds
Number of updated asset objects reloaded before import = 0Number of asset objects unloaded after import = 3

========================================================================
Received Import Request.
  Time since last request: 0.000107 seconds.
  path: Assets/Assets/Image/UI/Rpg/PNG/barBlue_verticalMid.png
  artifactKey: Guid(84a36320a4204524a98848565dfc6151) Importer(815301076,1909f56bfc062723c751e8b465ee728b)
Start importing Assets/Assets/Image/UI/Rpg/PNG/barBlue_verticalMid.png using Guid(84a36320a4204524a98848565dfc6151) Importer(815301076,1909f56bfc062723c751e8b465ee728b) (PreviewImporter) -> (artifact id: '3a8623b47801ec5db735516ab69e2390') in 0.0985161 seconds
Number of updated asset objects reloaded before import = 0Number of asset objects unloaded after import = 3

========================================================================
Received Import Request.
  Time since last request: 0.025375 seconds.
  path: Assets/Assets/Image/UI/Rpg/PNG/barGreen_verticalMid.png
  artifactKey: Guid(7f3fe5211af2e154b939613636de5887) Importer(815301076,1909f56bfc062723c751e8b465ee728b)
Start importing Assets/Assets/Image/UI/Rpg/PNG/barGreen_verticalMid.png using Guid(7f3fe5211af2e154b939613636de5887) Importer(815301076,1909f56bfc062723c751e8b465ee728b) (PreviewImporter) -> (artifact id: '26c7468bef53532f0e14ce24ff5417ff') in 0.021096 seconds
Number of updated asset objects reloaded before import = 0Number of asset objects unloaded after import = 3

========================================================================
Received Import Request.
  Time since last request: 0.000138 seconds.
  path: Assets/Assets/Image/UI/Rpg/PNG/barGreen_verticalTop.png
  artifactKey: Guid(5308af025e596504eae086d90ed26c2e) Importer(815301076,1909f56bfc062723c751e8b465ee728b)
Start importing Assets/Assets/Image/UI/Rpg/PNG/barGreen_verticalTop.png using Guid(5308af025e596504eae086d90ed26c2e) Importer(815301076,1909f56bfc062723c751e8b465ee728b) (PreviewImporter) -> (artifact id: '75600fc6d73233084abe180e84702689') in 0.0467834 seconds
Number of updated asset objects reloaded before import = 0Number of asset objects unloaded after import = 3

========================================================================
Received Import Request.
  Time since last request: 0.000156 seconds.
  path: Assets/Assets/Image/UI/Rpg/PNG/barRed_verticalMid.png
  artifactKey: Guid(62e6a2b0d52d6b84fa7de9b727797a1e) Importer(815301076,1909f56bfc062723c751e8b465ee728b)
Start importing Assets/Assets/Image/UI/Rpg/PNG/barRed_verticalMid.png using Guid(62e6a2b0d52d6b84fa7de9b727797a1e) Importer(815301076,1909f56bfc062723c751e8b465ee728b) (PreviewImporter) -> (artifact id: 'd82b027beedb25e0c77672edac4680da') in 0.03471 seconds
Number of updated asset objects reloaded before import = 0Number of asset objects unloaded after import = 3

========================================================================
Received Import Request.
  Time since last request: 0.000052 seconds.
  path: Assets/Assets/Image/UI/Rpg/PNG/barRed_verticalTop.png
  artifactKey: Guid(9870ae23654186041b4cf6bd4dc34c55) Importer(815301076,1909f56bfc062723c751e8b465ee728b)
Start importing Assets/Assets/Image/UI/Rpg/PNG/barRed_verticalTop.png using Guid(9870ae23654186041b4cf6bd4dc34c55) Importer(815301076,1909f56bfc062723c751e8b465ee728b) (PreviewImporter) -> (artifact id: 'c60625909a0de8249a2598397cd97086') in 0.0615745 seconds
Number of updated asset objects reloaded before import = 0Number of asset objects unloaded after import = 3

========================================================================
Received Import Request.
  Time since last request: 0.000113 seconds.
  path: Assets/Assets/Image/UI/Rpg/PNG/barYellow_verticalMid.png
  artifactKey: Guid(20869d9b12a9eae45a73e6a037189d70) Importer(815301076,1909f56bfc062723c751e8b465ee728b)
Start importing Assets/Assets/Image/UI/Rpg/PNG/barYellow_verticalMid.png using Guid(20869d9b12a9eae45a73e6a037189d70) Importer(815301076,1909f56bfc062723c751e8b465ee728b) (PreviewImporter) -> (artifact id: '2e17ac5f340e9b14ecfd74ff8704eba6') in 0.0314467 seconds
Number of updated asset objects reloaded before import = 0Number of asset objects unloaded after import = 3

========================================================================
Received Import Request.
  Time since last request: 0.000029 seconds.
  path: Assets/Assets/Tilemap/Platforms/JapaneseCityKawaiiTileset_0.asset
  artifactKey: Guid(e062eb1f9fe5ae54189d678b3e790909) Importer(815301076,1909f56bfc062723c751e8b465ee728b)
Start importing Assets/Assets/Tilemap/Platforms/JapaneseCityKawaiiTileset_0.asset using Guid(e062eb1f9fe5ae54189d678b3e790909) Importer(815301076,1909f56bfc062723c751e8b465ee728b) (PreviewImporter) -> (artifact id: '01b9f587f67c3b877d5bd8c2d10518cb') in 0.1567634 seconds
Number of updated asset objects reloaded before import = 0Number of asset objects unloaded after import = 3

========================================================================
Received Import Request.
  Time since last request: 0.000019 seconds.
  path: Assets/Assets/Tilemap/Platforms/JapaneseCityKawaiiTileset_3.asset
  artifactKey: Guid(411d6ec8a31ae8443a11aac3b9ce8eb1) Importer(815301076,1909f56bfc062723c751e8b465ee728b)
Start importing Assets/Assets/Tilemap/Platforms/JapaneseCityKawaiiTileset_3.asset using Guid(411d6ec8a31ae8443a11aac3b9ce8eb1) Importer(815301076,1909f56bfc062723c751e8b465ee728b) (PreviewImporter) -> (artifact id: '281f8a31657d03a3db25e5edcd6d2022') in 0.0056806 seconds
Number of updated asset objects reloaded before import = 0Number of asset objects unloaded after import = 3

========================================================================
Received Import Request.
  Time since last request: 0.000132 seconds.
  path: Assets/Assets/Tilemap/Platforms/JapaneseCityKawaiiTileset_14.asset
  artifactKey: Guid(39cda09dadab1314fb531bc4d0139f6b) Importer(815301076,1909f56bfc062723c751e8b465ee728b)
Start importing Assets/Assets/Tilemap/Platforms/JapaneseCityKawaiiTileset_14.asset using Guid(39cda09dadab1314fb531bc4d0139f6b) Importer(815301076,1909f56bfc062723c751e8b465ee728b) (PreviewImporter) -> (artifact id: '05aac7459d2350241655da6395361388') in 0.0058726 seconds
Number of updated asset objects reloaded before import = 0Number of asset objects unloaded after import = 3

========================================================================
Received Import Request.
  Time since last request: 0.000513 seconds.
  path: Assets/Assets/Tilemap/Platforms/JapaneseCityKawaiiTileset_13.asset
  artifactKey: Guid(c854762b9119bf74980588da0afc7d78) Importer(815301076,1909f56bfc062723c751e8b465ee728b)
Start importing Assets/Assets/Tilemap/Platforms/JapaneseCityKawaiiTileset_13.asset using Guid(c854762b9119bf74980588da0afc7d78) Importer(815301076,1909f56bfc062723c751e8b465ee728b) (PreviewImporter) -> (artifact id: '5f0d1f5198f5a588dfdcffabead3db2d') in 0.0075769 seconds
Number of updated asset objects reloaded before import = 0Number of asset objects unloaded after import = 3

========================================================================
Received Import Request.
  Time since last request: 0.000185 seconds.
  path: Assets/Assets/Tilemap/Platforms/JapaneseCityKawaiiTileset_18.asset
  artifactKey: Guid(e92f6d2fcd6fde341b0d3dd11ff63ba0) Importer(815301076,1909f56bfc062723c751e8b465ee728b)
Start importing Assets/Assets/Tilemap/Platforms/JapaneseCityKawaiiTileset_18.asset using Guid(e92f6d2fcd6fde341b0d3dd11ff63ba0) Importer(815301076,1909f56bfc062723c751e8b465ee728b) (PreviewImporter) -> (artifact id: '1c507f8d17ca7fb60533dab6695f3706') in 0.0064055 seconds
Number of updated asset objects reloaded before import = 0Number of asset objects unloaded after import = 3

========================================================================
Received Import Request.
  Time since last request: 0.000162 seconds.
  path: Assets/Assets/Tilemap/Platforms/JapaneseCityKawaiiTileset_16.asset
  artifactKey: Guid(19cd893944414b24eb1437e26ca76c40) Importer(815301076,1909f56bfc062723c751e8b465ee728b)
Start importing Assets/Assets/Tilemap/Platforms/JapaneseCityKawaiiTileset_16.asset using Guid(19cd893944414b24eb1437e26ca76c40) Importer(815301076,1909f56bfc062723c751e8b465ee728b) (PreviewImporter) -> (artifact id: 'f6dfbe2e39dabe5a4f17ea869e3ba506') in 0.0052759 seconds
Number of updated asset objects reloaded before import = 0Number of asset objects unloaded after import = 3

========================================================================
Received Import Request.
  Time since last request: 0.000039 seconds.
  path: Assets/Assets/Tilemap/Platforms/JapaneseCityKawaiiTileset_11.asset
  artifactKey: Guid(4e1a30609e0242748876473e4c5a53c4) Importer(815301076,1909f56bfc062723c751e8b465ee728b)
Start importing Assets/Assets/Tilemap/Platforms/JapaneseCityKawaiiTileset_11.asset using Guid(4e1a30609e0242748876473e4c5a53c4) Importer(815301076,1909f56bfc062723c751e8b465ee728b) (PreviewImporter) -> (artifact id: '80cd8b1c6c756b51a12984527ccc78fc') in 0.0203802 seconds
Number of updated asset objects reloaded before import = 0Number of asset objects unloaded after import = 3

========================================================================
Received Import Request.
  Time since last request: 0.000035 seconds.
  path: Assets/Assets/Image/UI/Rpg/PNG/barYellow_verticalTop.png
  artifactKey: Guid(2ce08e08b7b0d1740a62cbbdf2192709) Importer(815301076,1909f56bfc062723c751e8b465ee728b)
Start importing Assets/Assets/Image/UI/Rpg/PNG/barYellow_verticalTop.png using Guid(2ce08e08b7b0d1740a62cbbdf2192709) Importer(815301076,1909f56bfc062723c751e8b465ee728b) (PreviewImporter) -> (artifact id: '23ec168b150294139c01c44f21d6c2f2') in 0.0197516 seconds
Number of updated asset objects reloaded before import = 0Number of asset objects unloaded after import = 3

========================================================================
Received Import Request.
  Time since last request: 0.000124 seconds.
  path: Assets/Assets/Tilemap/Platforms/JapaneseCityKawaiiTileset.png
  artifactKey: Guid(5fefbc1362b960648a5bddc1a84d7e93) Importer(815301076,1909f56bfc062723c751e8b465ee728b)
Start importing Assets/Assets/Tilemap/Platforms/JapaneseCityKawaiiTileset.png using Guid(5fefbc1362b960648a5bddc1a84d7e93) Importer(815301076,1909f56bfc062723c751e8b465ee728b) (PreviewImporter) -> (artifact id: '456a0d6a600ad9daeddf036ebde8e112') in 0.3494629 seconds
Number of updated asset objects reloaded before import = 0Number of asset objects unloaded after import = 34

========================================================================
Received Import Request.
  Time since last request: 0.636655 seconds.
  path: Assets/Assets/Tilemap/Platforms/JapaneseCityKawaiiTileset_21.asset
  artifactKey: Guid(f3454b285b30f9c4e8b12f264ba4ac17) Importer(815301076,1909f56bfc062723c751e8b465ee728b)
Start importing Assets/Assets/Tilemap/Platforms/JapaneseCityKawaiiTileset_21.asset using Guid(f3454b285b30f9c4e8b12f264ba4ac17) Importer(815301076,1909f56bfc062723c751e8b465ee728b) (PreviewImporter) -> (artifact id: 'a5a759d32bb8d7b1f6073c484a84fe5f') in 0.0196254 seconds
Number of updated asset objects reloaded before import = 0Number of asset objects unloaded after import = 3

========================================================================
Received Import Request.
  Time since last request: 0.000049 seconds.
  path: Assets/Assets/Tilemap/Platforms/JapaneseCityKawaiiTileset_27.asset
  artifactKey: Guid(a2a63284cf6a1fd40a3dda29abe0cd8c) Importer(815301076,1909f56bfc062723c751e8b465ee728b)
Start importing Assets/Assets/Tilemap/Platforms/JapaneseCityKawaiiTileset_27.asset using Guid(a2a63284cf6a1fd40a3dda29abe0cd8c) Importer(815301076,1909f56bfc062723c751e8b465ee728b) (PreviewImporter) -> (artifact id: '7d884ac9d5c3903dc8240f2013579b72') in 0.0304651 seconds
Number of updated asset objects reloaded before import = 0Number of asset objects unloaded after import = 3

========================================================================
Received Import Request.
  Time since last request: 0.000082 seconds.
  path: Assets/Assets/Tilemap/Platforms/JapaneseCityKawaiiTileset_26.asset
  artifactKey: Guid(e97ea30ca2e29cc48a5aa0f844c1b6e7) Importer(815301076,1909f56bfc062723c751e8b465ee728b)
Start importing Assets/Assets/Tilemap/Platforms/JapaneseCityKawaiiTileset_26.asset using Guid(e97ea30ca2e29cc48a5aa0f844c1b6e7) Importer(815301076,1909f56bfc062723c751e8b465ee728b) (PreviewImporter) -> (artifact id: '550dce9bbefc112371fdb2183e874eb9') in 0.0045675 seconds
Number of updated asset objects reloaded before import = 0Number of asset objects unloaded after import = 3

========================================================================
Received Import Request.
  Time since last request: 0.000068 seconds.
  path: Assets/Assets/Tilemap/Platforms/JapaneseCityKawaiiTileset_24.asset
  artifactKey: Guid(c48d137945715954db7288c1b1f0b94e) Importer(815301076,1909f56bfc062723c751e8b465ee728b)
Start importing Assets/Assets/Tilemap/Platforms/JapaneseCityKawaiiTileset_24.asset using Guid(c48d137945715954db7288c1b1f0b94e) Importer(815301076,1909f56bfc062723c751e8b465ee728b) (PreviewImporter) -> (artifact id: '5cb4ed251eb1cc0af04c22076d60f979') in 0.0053333 seconds
Number of updated asset objects reloaded before import = 0Number of asset objects unloaded after import = 3

========================================================================
Received Import Request.
  Time since last request: 0.000064 seconds.
  path: Assets/Assets/Tilemap/Platforms/TileSet_0.asset
  artifactKey: Guid(cec60107a448e0146b4c6f4db871ebe0) Importer(815301076,1909f56bfc062723c751e8b465ee728b)
Start importing Assets/Assets/Tilemap/Platforms/TileSet_0.asset using Guid(cec60107a448e0146b4c6f4db871ebe0) Importer(815301076,1909f56bfc062723c751e8b465ee728b) (PreviewImporter) -> (artifact id: '444911f40d37103c766033491f544db1') in 0.0612762 seconds
Number of updated asset objects reloaded before import = 0Number of asset objects unloaded after import = 3

========================================================================
Received Import Request.
  Time since last request: 0.000052 seconds.
  path: Assets/Assets/Tilemap/Platforms/JapaneseCityKawaiiTileset_28.asset
  artifactKey: Guid(49ce6ee5fd3c3614bb96878d3ceb9202) Importer(815301076,1909f56bfc062723c751e8b465ee728b)
Start importing Assets/Assets/Tilemap/Platforms/JapaneseCityKawaiiTileset_28.asset using Guid(49ce6ee5fd3c3614bb96878d3ceb9202) Importer(815301076,1909f56bfc062723c751e8b465ee728b) (PreviewImporter) -> (artifact id: '516ef34581eff63c1841a6237b6f7a21') in 0.0225784 seconds
Number of updated asset objects reloaded before import = 0Number of asset objects unloaded after import = 3

========================================================================
Received Import Request.
  Time since last request: 0.000082 seconds.
  path: Assets/Assets/Tilemap/Platforms/JapaneseCityKawaiiTileset_31.asset
  artifactKey: Guid(1194f005ac187e046afbe98d434ccb00) Importer(815301076,1909f56bfc062723c751e8b465ee728b)
Start importing Assets/Assets/Tilemap/Platforms/JapaneseCityKawaiiTileset_31.asset using Guid(1194f005ac187e046afbe98d434ccb00) Importer(815301076,1909f56bfc062723c751e8b465ee728b) (PreviewImporter) -> (artifact id: '15df54bef63c402ddefdeeefd4ef11df') in 0.0368481 seconds
Number of updated asset objects reloaded before import = 0Number of asset objects unloaded after import = 3

========================================================================
Received Import Request.
  Time since last request: 0.000018 seconds.
  path: Assets/Assets/Image/World/TileSet.png
  artifactKey: Guid(4a837d4d6b3ff544eacf9a3cbbb9b378) Importer(815301076,1909f56bfc062723c751e8b465ee728b)
Start importing Assets/Assets/Image/World/TileSet.png using Guid(4a837d4d6b3ff544eacf9a3cbbb9b378) Importer(815301076,1909f56bfc062723c751e8b465ee728b) (PreviewImporter) -> (artifact id: '473dbec9713ffed46de3040dadad07e3') in 0.1244197 seconds
Number of updated asset objects reloaded before import = 0Number of asset objects unloaded after import = 35

========================================================================
Received Import Request.
  Time since last request: 0.020970 seconds.
  path: Assets/Assets/Tilemap/Platforms/TileSet_10.asset
  artifactKey: Guid(66a6076e1b0f5c54ebbcdaa5b07a26fc) Importer(815301076,1909f56bfc062723c751e8b465ee728b)
Start importing Assets/Assets/Tilemap/Platforms/TileSet_10.asset using Guid(66a6076e1b0f5c54ebbcdaa5b07a26fc) Importer(815301076,1909f56bfc062723c751e8b465ee728b) (PreviewImporter) -> (artifact id: '8393e24032a61dbfe6ce391338083435') in 0.0685803 seconds
Number of updated asset objects reloaded before import = 0Number of asset objects unloaded after import = 3

========================================================================
Received Import Request.
  Time since last request: 0.000018 seconds.
  path: Assets/Assets/Tilemap/Platforms/TileSet_15.asset
  artifactKey: Guid(36d293aa408d3fa47a71ec7b76343215) Importer(815301076,1909f56bfc062723c751e8b465ee728b)
Start importing Assets/Assets/Tilemap/Platforms/TileSet_15.asset using Guid(36d293aa408d3fa47a71ec7b76343215) Importer(815301076,1909f56bfc062723c751e8b465ee728b) (PreviewImporter) -> (artifact id: 'b705dc2c22896d2f50ffa4c8dc6c51b3') in 0.0656985 seconds
Number of updated asset objects reloaded before import = 0Number of asset objects unloaded after import = 3

========================================================================
Received Import Request.
  Time since last request: 0.000126 seconds.
  path: Assets/Assets/Tilemap/Platforms/TileSet_24.asset
  artifactKey: Guid(a18003915742639499012ec6d7a855fb) Importer(815301076,1909f56bfc062723c751e8b465ee728b)
Start importing Assets/Assets/Tilemap/Platforms/TileSet_24.asset using Guid(a18003915742639499012ec6d7a855fb) Importer(815301076,1909f56bfc062723c751e8b465ee728b) (PreviewImporter) -> (artifact id: 'c8a16e6eeec978359627c527d4835e08') in 0.0051974 seconds
Number of updated asset objects reloaded before import = 0Number of asset objects unloaded after import = 3

========================================================================
Received Import Request.
  Time since last request: 0.000084 seconds.
  path: Assets/Assets/Tilemap/Platforms/TileSet_11.asset
  artifactKey: Guid(c9fcc12f9d0d53f4aa62e6e57f73797c) Importer(815301076,1909f56bfc062723c751e8b465ee728b)
Start importing Assets/Assets/Tilemap/Platforms/TileSet_11.asset using Guid(c9fcc12f9d0d53f4aa62e6e57f73797c) Importer(815301076,1909f56bfc062723c751e8b465ee728b) (PreviewImporter) -> (artifact id: '962a83d2d95d5445251a5118ca0e83c4') in 0.0645013 seconds
Number of updated asset objects reloaded before import = 0Number of asset objects unloaded after import = 3

========================================================================
Received Import Request.
  Time since last request: 0.000091 seconds.
  path: Assets/Assets/Tilemap/Platforms/TileSet_29.asset
  artifactKey: Guid(8e3567b642d877e41aa18900dc7a3e0d) Importer(815301076,1909f56bfc062723c751e8b465ee728b)
Start importing Assets/Assets/Tilemap/Platforms/TileSet_29.asset using Guid(8e3567b642d877e41aa18900dc7a3e0d) Importer(815301076,1909f56bfc062723c751e8b465ee728b) (PreviewImporter) -> (artifact id: '44f340c47b4f8b7c8147289efd63a0ca') in 0.0169701 seconds
Number of updated asset objects reloaded before import = 0Number of asset objects unloaded after import = 3

========================================================================
Received Import Request.
  Time since last request: 0.000113 seconds.
  path: Assets/Assets/Tilemap/Platforms/TileSet_28.asset
  artifactKey: Guid(25815982d0ff27c4b911cd91df9cd5c9) Importer(815301076,1909f56bfc062723c751e8b465ee728b)
Start importing Assets/Assets/Tilemap/Platforms/TileSet_28.asset using Guid(25815982d0ff27c4b911cd91df9cd5c9) Importer(815301076,1909f56bfc062723c751e8b465ee728b) (PreviewImporter) -> (artifact id: 'b25bc7bf7a3d129d021bcd780b97bf9e') in 0.0120366 seconds
Number of updated asset objects reloaded before import = 0Number of asset objects unloaded after import = 3

========================================================================
Received Import Request.
  Time since last request: 0.000060 seconds.
  path: Assets/Assets/Tilemap/Platforms/TileSet_20.asset
  artifactKey: Guid(3fe293b8085c621448b1973232992fb8) Importer(815301076,1909f56bfc062723c751e8b465ee728b)
Start importing Assets/Assets/Tilemap/Platforms/TileSet_20.asset using Guid(3fe293b8085c621448b1973232992fb8) Importer(815301076,1909f56bfc062723c751e8b465ee728b) (PreviewImporter) -> (artifact id: 'f024a00cf944370eb1026462aba273bf') in 0.0081246 seconds
Number of updated asset objects reloaded before import = 0Number of asset objects unloaded after import = 3

========================================================================
Received Import Request.
  Time since last request: 0.000059 seconds.
  path: Assets/Assets/Tilemap/Platforms/TileSet_12.asset
  artifactKey: Guid(a3e29ec350f6832499592388796ccbf2) Importer(815301076,1909f56bfc062723c751e8b465ee728b)
Start importing Assets/Assets/Tilemap/Platforms/TileSet_12.asset using Guid(a3e29ec350f6832499592388796ccbf2) Importer(815301076,1909f56bfc062723c751e8b465ee728b) (PreviewImporter) -> (artifact id: 'b57b40a79dff2f04ca096139ce5f3087') in 0.0217858 seconds
Number of updated asset objects reloaded before import = 0Number of asset objects unloaded after import = 3

========================================================================
Received Import Request.
  Time since last request: 0.000024 seconds.
  path: Assets/Assets/Tilemap/Platforms/TileSet_22.asset
  artifactKey: Guid(e965dd95508cda34483036ad0dc1d506) Importer(815301076,1909f56bfc062723c751e8b465ee728b)
Start importing Assets/Assets/Tilemap/Platforms/TileSet_22.asset using Guid(e965dd95508cda34483036ad0dc1d506) Importer(815301076,1909f56bfc062723c751e8b465ee728b) (PreviewImporter) -> (artifact id: '02615b37c22ead16bdb5c0d5d615d9e0') in 0.0066672 seconds
Number of updated asset objects reloaded before import = 0Number of asset objects unloaded after import = 3

========================================================================
Received Import Request.
  Time since last request: 0.000133 seconds.
  path: Assets/Assets/Tilemap/Platforms/TileSet_18.asset
  artifactKey: Guid(7fba8e8c7a14fd04389e38064e848b86) Importer(815301076,1909f56bfc062723c751e8b465ee728b)
Start importing Assets/Assets/Tilemap/Platforms/TileSet_18.asset using Guid(7fba8e8c7a14fd04389e38064e848b86) Importer(815301076,1909f56bfc062723c751e8b465ee728b) (PreviewImporter) -> (artifact id: 'd6b27f4a226045763bccfd452ed820d9') in 0.0074929 seconds
Number of updated asset objects reloaded before import = 0Number of asset objects unloaded after import = 3

========================================================================
Received Import Request.
  Time since last request: 0.000022 seconds.
  path: Assets/Assets/Tilemap/Platforms/TileSet_27.asset
  artifactKey: Guid(ef56f047ba856d847bb89aee3b10cbcb) Importer(815301076,1909f56bfc062723c751e8b465ee728b)
Start importing Assets/Assets/Tilemap/Platforms/TileSet_27.asset using Guid(ef56f047ba856d847bb89aee3b10cbcb) Importer(815301076,1909f56bfc062723c751e8b465ee728b) (PreviewImporter) -> (artifact id: '39333602019cb949b15571915432f4c4') in 0.0087641 seconds
Number of updated asset objects reloaded before import = 0Number of asset objects unloaded after import = 3

========================================================================
Received Import Request.
  Time since last request: 36.744224 seconds.
  path: Assets/Assets/Tilemap/Platforms/JapaneseCityKawaiiTileset_21.asset
  artifactKey: Guid(f3454b285b30f9c4e8b12f264ba4ac17) Importer(815301076,1909f56bfc062723c751e8b465ee728b)
Start importing Assets/Assets/Tilemap/Platforms/JapaneseCityKawaiiTileset_21.asset using Guid(f3454b285b30f9c4e8b12f264ba4ac17) Importer(815301076,1909f56bfc062723c751e8b465ee728b) (PreviewImporter) -> (artifact id: 'e23fb0f353042937e254b5840911ca64') in 0.005295 seconds
Number of updated asset objects reloaded before import = 0Number of asset objects unloaded after import = 3

========================================================================
Received Import Request.
  Time since last request: 0.000180 seconds.
  path: Assets/Assets/Tilemap/Platforms/JapaneseCityKawaiiTileset_27.asset
  artifactKey: Guid(a2a63284cf6a1fd40a3dda29abe0cd8c) Importer(815301076,1909f56bfc062723c751e8b465ee728b)
Start importing Assets/Assets/Tilemap/Platforms/JapaneseCityKawaiiTileset_27.asset using Guid(a2a63284cf6a1fd40a3dda29abe0cd8c) Importer(815301076,1909f56bfc062723c751e8b465ee728b) (PreviewImporter) -> (artifact id: '0395eba8f508d8b1c0baa131cecff9cb') in 0.0398637 seconds
Number of updated asset objects reloaded before import = 0Number of asset objects unloaded after import = 3

========================================================================
Received Import Request.
  Time since last request: 0.000038 seconds.
  path: Assets/Assets/Tilemap/Platforms/JapaneseCityKawaiiTileset_29.asset
  artifactKey: Guid(55aab9c8447103a43ad47d43f512983c) Importer(815301076,1909f56bfc062723c751e8b465ee728b)
Start importing Assets/Assets/Tilemap/Platforms/JapaneseCityKawaiiTileset_29.asset using Guid(55aab9c8447103a43ad47d43f512983c) Importer(815301076,1909f56bfc062723c751e8b465ee728b) (PreviewImporter) -> (artifact id: '3d5c026f8f076911c89cc3ce8626898f') in 0.0091691 seconds
Number of updated asset objects reloaded before import = 0Number of asset objects unloaded after import = 3

========================================================================
Received Import Request.
  Time since last request: 0.000032 seconds.
  path: Assets/Assets/Tilemap/Platforms/JapaneseCityKawaiiTileset_31.asset
  artifactKey: Guid(1194f005ac187e046afbe98d434ccb00) Importer(815301076,1909f56bfc062723c751e8b465ee728b)
Start importing Assets/Assets/Tilemap/Platforms/JapaneseCityKawaiiTileset_31.asset using Guid(1194f005ac187e046afbe98d434ccb00) Importer(815301076,1909f56bfc062723c751e8b465ee728b) (PreviewImporter) -> (artifact id: 'c0100b9bf0c3e865adfbc6ccc6aa29e9') in 0.0092732 seconds
Number of updated asset objects reloaded before import = 0Number of asset objects unloaded after import = 3

========================================================================
Received Import Request.
  Time since last request: 0.000191 seconds.
  path: Assets/Assets/Tilemap/Platforms/JapaneseCityKawaiiTileset_22.asset
  artifactKey: Guid(429fe781ecde2354c9e671c88f2074f3) Importer(815301076,1909f56bfc062723c751e8b465ee728b)
Start importing Assets/Assets/Tilemap/Platforms/JapaneseCityKawaiiTileset_22.asset using Guid(429fe781ecde2354c9e671c88f2074f3) Importer(815301076,1909f56bfc062723c751e8b465ee728b) (PreviewImporter) -> (artifact id: '35b9783960bad0420041cce5b054dcc3') in 0.004962 seconds
Number of updated asset objects reloaded before import = 0Number of asset objects unloaded after import = 3

Editor requested this worker to shutdown with reason: Scaling down because of idle timeout
AssetImportWorker is now disconnected from the server
Process exiting
Exiting without the bug reporter. Application will terminate with return code 0