Using pre-set license
Built from '6000.0/staging' branch; Version is '6000.0.32f1 (b2e806cf271c) revision 11724806'; Using compiler version '193933523'; Build Type 'Release'
OS: 'Windows 10  (10.0.19045) 64bit Enterprise' Language: 'en' Physical Memory: 16263 MB
BatchMode: 1, IsHumanControllingUs: 0, StartBugReporterOnCrash: 0, Is64bit: 1, IsPro: 1

COMMAND LINE ARGUMENTS:
D:\6000.0.32f1\Editor\Unity.exe
-adb2
-batchMode
-noUpm
-name
AssetImportWorker4
-projectPath
D:/Mirai
-logFile
Logs/AssetImportWorker4.log
-srvPort
54906
-job-worker-count
5
-background-job-worker-count
8
-gc-helper-count
1
Successfully changed project path to: D:/Mirai
D:/Mirai
[UnityMemory] Configuration Parameters - Can be set up in boot.config
    "memorysetup-bucket-allocator-granularity=16"
    "memorysetup-bucket-allocator-bucket-count=8"
    "memorysetup-bucket-allocator-block-size=33554432"
    "memorysetup-bucket-allocator-block-count=8"
    "memorysetup-main-allocator-block-size=16777216"
    "memorysetup-thread-allocator-block-size=16777216"
    "memorysetup-gfx-main-allocator-block-size=16777216"
    "memorysetup-gfx-thread-allocator-block-size=16777216"
    "memorysetup-cache-allocator-block-size=4194304"
    "memorysetup-typetree-allocator-block-size=2097152"
    "memorysetup-profiler-bucket-allocator-granularity=16"
    "memorysetup-profiler-bucket-allocator-bucket-count=8"
    "memorysetup-profiler-bucket-allocator-block-size=33554432"
    "memorysetup-profiler-bucket-allocator-block-count=8"
    "memorysetup-profiler-allocator-block-size=16777216"
    "memorysetup-profiler-editor-allocator-block-size=1048576"
    "memorysetup-temp-allocator-size-main=16777216"
    "memorysetup-job-temp-allocator-block-size=2097152"
    "memorysetup-job-temp-allocator-block-size-background=1048576"
    "memorysetup-job-temp-allocator-reduction-small-platforms=262144"
    "memorysetup-allocator-temp-initial-block-size-main=262144"
    "memorysetup-allocator-temp-initial-block-size-worker=262144"
    "memorysetup-temp-allocator-size-background-worker=32768"
    "memorysetup-temp-allocator-size-job-worker=262144"
    "memorysetup-temp-allocator-size-preload-manager=33554432"
    "memorysetup-temp-allocator-size-nav-mesh-worker=65536"
    "memorysetup-temp-allocator-size-audio-worker=65536"
    "memorysetup-temp-allocator-size-cloud-worker=32768"
    "memorysetup-temp-allocator-size-gi-baking-worker=262144"
    "memorysetup-temp-allocator-size-gi-baking-worker=262144"
    "memorysetup-temp-allocator-size-gi-baking-worker=262144"
    "memorysetup-temp-allocator-size-gi-baking-worker=262144"
    "memorysetup-temp-allocator-size-gi-baking-worker=262144"
    "memorysetup-temp-allocator-size-gfx=262144"
Player connection [18492]  Target information:

Player connection [18492]  * "[IP] 10.0.0.185 [Port] 0 [Flags] 2 [Guid] 3140081331 [EditorId] 3140081331 [Version] 1048832 [Id] WindowsEditor(7,DESKTOP-8GLS977) [Debug] 1 [PackageName] WindowsEditor [ProjectName] Editor" 

Player connection [18492] Host joined multi-casting on [225.0.0.222:54997]...
Player connection [18492] Host joined alternative multi-casting on [225.0.0.222:34997]...
JobSystem: Creating JobQueue using job-worker-count value 5
[Physics::Module] Initialized fallback backend.
[Physics::Module] Id: 0xdecafbad
Library Redirect Path: Library/
[Physics::Module] Selected backend.
[Physics::Module] Name: PhysX
[Physics::Module] Id: 0xf2b8ea05
[Physics::Module] SDK Version: 4.1.2
[Physics::Module] Integration Version: 1.0.0
[Physics::Module] Threading Mode: Multi-Threaded
Refreshing native plugins compatible for Editor in 5.65 ms, found 3 plugins.
Preloading 0 native plugins for Editor in 0.00 ms.
Initialize engine version: 6000.0.32f1 (b2e806cf271c)
[Subsystems] Discovering subsystems at path D:/6000.0.32f1/Editor/Data/Resources/UnitySubsystems
[Subsystems] Discovering subsystems at path D:/Mirai/Assets
GfxDevice: creating device client; kGfxThreadingModeNonThreaded
Direct3D:
    Version:  Direct3D 11.0 [level 11.1]
    Renderer: NVIDIA GeForce GTX 1650 (ID=0x1f91)
    Vendor:   NVIDIA
    VRAM:     3935 MB
    Driver:   32.0.15.6070
Initialize mono
Mono path[0] = 'D:/6000.0.32f1/Editor/Data/Managed'
Mono path[1] = 'D:/6000.0.32f1/Editor/Data/MonoBleedingEdge/lib/mono/unityjit-win32'
Mono config path = 'D:/6000.0.32f1/Editor/Data/MonoBleedingEdge/etc'
Using monoOptions --debugger-agent=transport=dt_socket,embedding=1,server=y,suspend=n,address=127.0.0.1:56388
Begin MonoManager ReloadAssembly
Registering precompiled unity dll's ...
Register platform support module: D:/6000.0.32f1/Editor/Data/PlaybackEngines/WindowsStandaloneSupport/UnityEditor.WindowsStandalone.Extensions.dll
Register platform support module: D:/6000.0.32f1/Editor/Data/PlaybackEngines/AndroidPlayer/UnityEditor.Android.Extensions.dll
Registered in 0.004881 seconds.
- Loaded All Assemblies, in  0.656 seconds
Native extension for Android target not found
Android Extension - Scanning For ADB Devices 369 ms
Native extension for WindowsStandalone target not found
Mono: successfully reloaded assembly
- Finished resetting the current domain, in  0.880 seconds
Domain Reload Profiling: 1535ms
	BeginReloadAssembly (281ms)
		ExecutionOrderSort (0ms)
		DisableScriptedObjects (0ms)
		BackupInstance (0ms)
		ReleaseScriptingObjects (0ms)
		CreateAndSetChildDomain (1ms)
	RebuildCommonClasses (67ms)
	RebuildNativeTypeToScriptingClass (18ms)
	initialDomainReloadingComplete (66ms)
	LoadAllAssembliesAndSetupDomain (222ms)
		LoadAssemblies (280ms)
		RebuildTransferFunctionScriptingTraits (0ms)
		AnalyzeDomain (217ms)
			TypeCache.Refresh (215ms)
				TypeCache.ScanAssembly (196ms)
			BuildScriptInfoCaches (0ms)
			ResolveRequiredComponents (1ms)
	FinalizeReload (881ms)
		ReleaseScriptCaches (0ms)
		RebuildScriptCaches (0ms)
		SetupLoadedEditorAssemblies (823ms)
			LogAssemblyErrors (0ms)
			InitializePlatformSupportModulesInManaged (494ms)
			SetLoadedEditorAssemblies (6ms)
			BeforeProcessingInitializeOnLoad (75ms)
			ProcessInitializeOnLoadAttributes (162ms)
			ProcessInitializeOnLoadMethodAttributes (87ms)
			AfterProcessingInitializeOnLoad (0ms)
			EditorAssembliesLoaded (0ms)
		ExecutionOrderSort2 (0ms)
		AwakeInstancesAfterBackupRestoration (0ms)
========================================================================
Worker process is ready to serve import requests
Import Worker Mode flag is 0x00
Begin MonoManager ReloadAssembly
Symbol file LoadedFromMemory is not a mono symbol file
- Loaded All Assemblies, in  1.054 seconds
Refreshing native plugins compatible for Editor in 5.66 ms, found 3 plugins.
Native extension for Android target not found
Native extension for WindowsStandalone target not found
Mono: successfully reloaded assembly
- Finished resetting the current domain, in  1.077 seconds
Domain Reload Profiling: 2130ms
	BeginReloadAssembly (252ms)
		ExecutionOrderSort (0ms)
		DisableScriptedObjects (9ms)
		BackupInstance (0ms)
		ReleaseScriptingObjects (0ms)
		CreateAndSetChildDomain (42ms)
	RebuildCommonClasses (56ms)
	RebuildNativeTypeToScriptingClass (17ms)
	initialDomainReloadingComplete (53ms)
	LoadAllAssembliesAndSetupDomain (674ms)
		LoadAssemblies (566ms)
		RebuildTransferFunctionScriptingTraits (0ms)
		AnalyzeDomain (268ms)
			TypeCache.Refresh (200ms)
				TypeCache.ScanAssembly (173ms)
			BuildScriptInfoCaches (57ms)
			ResolveRequiredComponents (8ms)
	FinalizeReload (1078ms)
		ReleaseScriptCaches (0ms)
		RebuildScriptCaches (0ms)
		SetupLoadedEditorAssemblies (905ms)
			LogAssemblyErrors (0ms)
			InitializePlatformSupportModulesInManaged (16ms)
			SetLoadedEditorAssemblies (7ms)
			BeforeProcessingInitializeOnLoad (157ms)
			ProcessInitializeOnLoadAttributes (472ms)
			ProcessInitializeOnLoadMethodAttributes (248ms)
			AfterProcessingInitializeOnLoad (4ms)
			EditorAssembliesLoaded (1ms)
		ExecutionOrderSort2 (0ms)
		AwakeInstancesAfterBackupRestoration (9ms)
Launched and connected shader compiler UnityShaderCompiler.exe after 0.02 seconds
Refreshing native plugins compatible for Editor in 6.11 ms, found 3 plugins.
Preloading 0 native plugins for Editor in 0.00 ms.
Unloading 7 Unused Serialized files (Serialized files now loaded: 0)
Unloading 4347 unused Assets / (1.4 MB). Loaded Objects now: 4805.
Memory consumption went from 85.3 MB to 83.9 MB.
Total: 13.319200 ms (FindLiveObjects: 0.813000 ms CreateObjectMapping: 0.628200 ms MarkObjects: 10.371800 ms  DeleteObjects: 1.505100 ms)

========================================================================
Received Prepare
Begin MonoManager ReloadAssembly
Symbol file LoadedFromMemory is not a mono symbol file
- Loaded All Assemblies, in  0.786 seconds
Refreshing native plugins compatible for Editor in 5.86 ms, found 3 plugins.
Native extension for Android target not found
Native extension for WindowsStandalone target not found
Mono: successfully reloaded assembly
- Finished resetting the current domain, in  1.716 seconds
Domain Reload Profiling: 2502ms
	BeginReloadAssembly (246ms)
		ExecutionOrderSort (0ms)
		DisableScriptedObjects (11ms)
		BackupInstance (0ms)
		ReleaseScriptingObjects (0ms)
		CreateAndSetChildDomain (58ms)
	RebuildCommonClasses (49ms)
	RebuildNativeTypeToScriptingClass (20ms)
	initialDomainReloadingComplete (28ms)
	LoadAllAssembliesAndSetupDomain (443ms)
		LoadAssemblies (430ms)
		RebuildTransferFunctionScriptingTraits (0ms)
		AnalyzeDomain (152ms)
			TypeCache.Refresh (8ms)
				TypeCache.ScanAssembly (0ms)
			BuildScriptInfoCaches (135ms)
			ResolveRequiredComponents (6ms)
	FinalizeReload (1716ms)
		ReleaseScriptCaches (0ms)
		RebuildScriptCaches (0ms)
		SetupLoadedEditorAssemblies (1540ms)
			LogAssemblyErrors (0ms)
			InitializePlatformSupportModulesInManaged (16ms)
			SetLoadedEditorAssemblies (7ms)
			BeforeProcessingInitializeOnLoad (374ms)
			ProcessInitializeOnLoadAttributes (701ms)
			ProcessInitializeOnLoadMethodAttributes (434ms)
			AfterProcessingInitializeOnLoad (7ms)
			EditorAssembliesLoaded (2ms)
		ExecutionOrderSort2 (0ms)
		AwakeInstancesAfterBackupRestoration (19ms)
Refreshing native plugins compatible for Editor in 8.07 ms, found 3 plugins.
Preloading 0 native plugins for Editor in 0.00 ms.
Unloading 0 Unused Serialized files (Serialized files now loaded: 0)
Unloading 4345 unused Assets / (1.4 MB). Loaded Objects now: 4805.
Memory consumption went from 84.5 MB to 83.1 MB.
Total: 24.729400 ms (FindLiveObjects: 1.079500 ms CreateObjectMapping: 1.249400 ms MarkObjects: 17.658500 ms  DeleteObjects: 4.739700 ms)

Prepare: number of updated asset objects reloaded= 0
========================================================================
Received Prepare
Begin MonoManager ReloadAssembly
Symbol file LoadedFromMemory is not a mono symbol file
- Loaded All Assemblies, in  0.835 seconds
Refreshing native plugins compatible for Editor in 7.80 ms, found 3 plugins.
Native extension for Android target not found
Native extension for WindowsStandalone target not found
Mono: successfully reloaded assembly
- Finished resetting the current domain, in  1.752 seconds
Domain Reload Profiling: 2589ms
	BeginReloadAssembly (240ms)
		ExecutionOrderSort (0ms)
		DisableScriptedObjects (7ms)
		BackupInstance (0ms)
		ReleaseScriptingObjects (0ms)
		CreateAndSetChildDomain (57ms)
	RebuildCommonClasses (46ms)
	RebuildNativeTypeToScriptingClass (16ms)
	initialDomainReloadingComplete (27ms)
	LoadAllAssembliesAndSetupDomain (508ms)
		LoadAssemblies (469ms)
		RebuildTransferFunctionScriptingTraits (0ms)
		AnalyzeDomain (176ms)
			TypeCache.Refresh (10ms)
				TypeCache.ScanAssembly (0ms)
			BuildScriptInfoCaches (150ms)
			ResolveRequiredComponents (11ms)
	FinalizeReload (1753ms)
		ReleaseScriptCaches (0ms)
		RebuildScriptCaches (0ms)
		SetupLoadedEditorAssemblies (1463ms)
			LogAssemblyErrors (0ms)
			InitializePlatformSupportModulesInManaged (17ms)
			SetLoadedEditorAssemblies (7ms)
			BeforeProcessingInitializeOnLoad (276ms)
			ProcessInitializeOnLoadAttributes (761ms)
			ProcessInitializeOnLoadMethodAttributes (396ms)
			AfterProcessingInitializeOnLoad (5ms)
			EditorAssembliesLoaded (1ms)
		ExecutionOrderSort2 (0ms)
		AwakeInstancesAfterBackupRestoration (14ms)
Refreshing native plugins compatible for Editor in 8.38 ms, found 3 plugins.
Preloading 0 native plugins for Editor in 0.00 ms.
Unloading 0 Unused Serialized files (Serialized files now loaded: 0)
Unloading 4345 unused Assets / (1.3 MB). Loaded Objects now: 4805.
Memory consumption went from 84.5 MB to 83.2 MB.
Total: 19.593000 ms (FindLiveObjects: 0.947200 ms CreateObjectMapping: 1.402900 ms MarkObjects: 14.700300 ms  DeleteObjects: 2.540900 ms)

Prepare: number of updated asset objects reloaded= 0
========================================================================
Received Import Request.
  Time since last request: 8474.349993 seconds.
  path: Assets/Assets/Tilemap/Platforms/TileSet_23.asset
  artifactKey: Guid(ef9550d91fa06324a8a19dc72a51c9e0) Importer(815301076,1909f56bfc062723c751e8b465ee728b)
Start importing Assets/Assets/Tilemap/Platforms/TileSet_23.asset using Guid(ef9550d91fa06324a8a19dc72a51c9e0) Importer(815301076,1909f56bfc062723c751e8b465ee728b) (PreviewImporter) -> (artifact id: '5ac49ac75e16a4e5fb73921e18f8972b') in 0.466224 seconds
Number of updated asset objects reloaded before import = 0Number of asset objects unloaded after import = 3

========================================================================
Received Import Request.
  Time since last request: 0.000024 seconds.
  path: Assets/Assets/Tilemap/Platforms/TileSet_29.asset
  artifactKey: Guid(8e3567b642d877e41aa18900dc7a3e0d) Importer(815301076,1909f56bfc062723c751e8b465ee728b)
Start importing Assets/Assets/Tilemap/Platforms/TileSet_29.asset using Guid(8e3567b642d877e41aa18900dc7a3e0d) Importer(815301076,1909f56bfc062723c751e8b465ee728b) (PreviewImporter) -> (artifact id: '8dd3aef4a3abaae75ead1e4efa158991') in 0.0331916 seconds
Number of updated asset objects reloaded before import = 0Number of asset objects unloaded after import = 3

========================================================================
Received Import Request.
  Time since last request: 0.000042 seconds.
  path: Assets/Assets/Tilemap/Platforms/TileSet_28.asset
  artifactKey: Guid(25815982d0ff27c4b911cd91df9cd5c9) Importer(815301076,1909f56bfc062723c751e8b465ee728b)
Start importing Assets/Assets/Tilemap/Platforms/TileSet_28.asset using Guid(25815982d0ff27c4b911cd91df9cd5c9) Importer(815301076,1909f56bfc062723c751e8b465ee728b) (PreviewImporter) -> (artifact id: 'aa92c24411c0bcf481722cf951177529') in 0.0376178 seconds
Number of updated asset objects reloaded before import = 0Number of asset objects unloaded after import = 3

========================================================================
Received Import Request.
  Time since last request: 0.000080 seconds.
  path: Assets/Assets/Tilemap/Platforms/TileSet_32.asset
  artifactKey: Guid(1a51dd7cc92b4df458f9e7ab6e4420c3) Importer(815301076,1909f56bfc062723c751e8b465ee728b)
Start importing Assets/Assets/Tilemap/Platforms/TileSet_32.asset using Guid(1a51dd7cc92b4df458f9e7ab6e4420c3) Importer(815301076,1909f56bfc062723c751e8b465ee728b) (PreviewImporter) -> (artifact id: 'e358a8fab0e23e6bcacb3585e0ba5ebd') in 0.0736249 seconds
Number of updated asset objects reloaded before import = 0Number of asset objects unloaded after import = 3

========================================================================
Received Import Request.
  Time since last request: 0.790234 seconds.
  path: Assets/Assets/Tilemap/Platforms/TileSet_0.asset
  artifactKey: Guid(cec60107a448e0146b4c6f4db871ebe0) Importer(815301076,1909f56bfc062723c751e8b465ee728b)
Start importing Assets/Assets/Tilemap/Platforms/TileSet_0.asset using Guid(cec60107a448e0146b4c6f4db871ebe0) Importer(815301076,1909f56bfc062723c751e8b465ee728b) (PreviewImporter) -> (artifact id: '11cdcaa858fda2d2a5befcf94a97401b') in 0.0063698 seconds
Number of updated asset objects reloaded before import = 0Number of asset objects unloaded after import = 3

========================================================================
Received Import Request.
  Time since last request: 0.341659 seconds.
  path: Assets/Assets/Tilemap/Platforms/JapaneseCityKawaiiTileset_6.asset
  artifactKey: Guid(fa45a7f0a95de764c8d210d5ad19787e) Importer(815301076,1909f56bfc062723c751e8b465ee728b)
Start importing Assets/Assets/Tilemap/Platforms/JapaneseCityKawaiiTileset_6.asset using Guid(fa45a7f0a95de764c8d210d5ad19787e) Importer(815301076,1909f56bfc062723c751e8b465ee728b) (PreviewImporter) -> (artifact id: '3acff0bb16b060ce3f27f9208110195a') in 0.1368924 seconds
Number of updated asset objects reloaded before import = 0Number of asset objects unloaded after import = 3

========================================================================
Received Import Request.
  Time since last request: 0.000028 seconds.
  path: Assets/Assets/Tilemap/Platforms/JapaneseCityKawaiiTileset_3.asset
  artifactKey: Guid(411d6ec8a31ae8443a11aac3b9ce8eb1) Importer(815301076,1909f56bfc062723c751e8b465ee728b)
Start importing Assets/Assets/Tilemap/Platforms/JapaneseCityKawaiiTileset_3.asset using Guid(411d6ec8a31ae8443a11aac3b9ce8eb1) Importer(815301076,1909f56bfc062723c751e8b465ee728b) (PreviewImporter) -> (artifact id: '9ae3ccf6c0e62029d7607813e28608d4') in 0.0446168 seconds
Number of updated asset objects reloaded before import = 0Number of asset objects unloaded after import = 3

========================================================================
Received Import Request.
  Time since last request: 0.000111 seconds.
  path: Assets/Assets/Tilemap/Platforms/JapaneseCityKawaiiTileset_0.asset
  artifactKey: Guid(e062eb1f9fe5ae54189d678b3e790909) Importer(815301076,1909f56bfc062723c751e8b465ee728b)
Start importing Assets/Assets/Tilemap/Platforms/JapaneseCityKawaiiTileset_0.asset using Guid(e062eb1f9fe5ae54189d678b3e790909) Importer(815301076,1909f56bfc062723c751e8b465ee728b) (PreviewImporter) -> (artifact id: '6591ae8c5964f649662c9b509c462b2a') in 0.3253314 seconds
Number of updated asset objects reloaded before import = 0Number of asset objects unloaded after import = 3

========================================================================
Received Import Request.
  Time since last request: 0.000023 seconds.
  path: Assets/Assets/Tilemap/Platforms/JapaneseCityKawaiiTileset_2.asset
  artifactKey: Guid(430336793725741488a1de5603677b6a) Importer(815301076,1909f56bfc062723c751e8b465ee728b)
Start importing Assets/Assets/Tilemap/Platforms/JapaneseCityKawaiiTileset_2.asset using Guid(430336793725741488a1de5603677b6a) Importer(815301076,1909f56bfc062723c751e8b465ee728b) (PreviewImporter) -> (artifact id: 'be8bd0171320de04fc553c934a396ece') in 0.0070436 seconds
Number of updated asset objects reloaded before import = 0Number of asset objects unloaded after import = 3

========================================================================
Received Import Request.
  Time since last request: 0.000036 seconds.
  path: Assets/Assets/Tilemap/Platforms/JapaneseCityKawaiiTileset_9.asset
  artifactKey: Guid(87135ccdaec23ad4693181a4ea13cb89) Importer(815301076,1909f56bfc062723c751e8b465ee728b)
Start importing Assets/Assets/Tilemap/Platforms/JapaneseCityKawaiiTileset_9.asset using Guid(87135ccdaec23ad4693181a4ea13cb89) Importer(815301076,1909f56bfc062723c751e8b465ee728b) (PreviewImporter) -> (artifact id: 'bc6d6ad8853c27e0d001f4ebd9ab19ae') in 0.0236819 seconds
Number of updated asset objects reloaded before import = 0Number of asset objects unloaded after import = 3

========================================================================
Received Import Request.
  Time since last request: 0.000118 seconds.
  path: Assets/Assets/Tilemap/Platforms/JapaneseCityKawaiiTileset_1.asset
  artifactKey: Guid(b5da0b54441893f439688905f1143277) Importer(815301076,1909f56bfc062723c751e8b465ee728b)
Start importing Assets/Assets/Tilemap/Platforms/JapaneseCityKawaiiTileset_1.asset using Guid(b5da0b54441893f439688905f1143277) Importer(815301076,1909f56bfc062723c751e8b465ee728b) (PreviewImporter) -> (artifact id: 'a5172ba1a8e994c1b6d8ba0fd5903e7a') in 0.053524 seconds
Number of updated asset objects reloaded before import = 0Number of asset objects unloaded after import = 3

========================================================================
Received Import Request.
  Time since last request: 962.258522 seconds.
  path: Assets/Assets/Image/UI/Rpg/PNG/barYellow_horizontalMid.png
  artifactKey: Guid(cc70c3bc04a4a5c48a8038cf40e302ce) Importer(815301076,1909f56bfc062723c751e8b465ee728b)
Start importing Assets/Assets/Image/UI/Rpg/PNG/barYellow_horizontalMid.png using Guid(cc70c3bc04a4a5c48a8038cf40e302ce) Importer(815301076,1909f56bfc062723c751e8b465ee728b) (PreviewImporter) -> (artifact id: 'facd3e8f22a440c20b8ff1804e1c7888') in 0.0871053 seconds
Number of updated asset objects reloaded before import = 0Number of asset objects unloaded after import = 3

========================================================================
Received Import Request.
  Time since last request: 0.165809 seconds.
  path: Assets/Assets/Image/Player/cat02_jump_strip4.png
  artifactKey: Guid(ef2d63ecf84120e47b4619c1c08a7af7) Importer(815301076,1909f56bfc062723c751e8b465ee728b)
Start importing Assets/Assets/Image/Player/cat02_jump_strip4.png using Guid(ef2d63ecf84120e47b4619c1c08a7af7) Importer(815301076,1909f56bfc062723c751e8b465ee728b) (PreviewImporter) -> (artifact id: 'b7275415a50ac75dea8fc5f32ffddb8b') in 0.168842 seconds
Number of updated asset objects reloaded before import = 0Number of asset objects unloaded after import = 6

========================================================================
Received Import Request.
  Time since last request: 0.000121 seconds.
  path: Assets/Assets/Image/Enemy/enemy_set.png
  artifactKey: Guid(e21d53ca71761ea4fba7de803d87ab0f) Importer(815301076,1909f56bfc062723c751e8b465ee728b)
Start importing Assets/Assets/Image/Enemy/enemy_set.png using Guid(e21d53ca71761ea4fba7de803d87ab0f) Importer(815301076,1909f56bfc062723c751e8b465ee728b) (PreviewImporter) -> (artifact id: '4adf4a5cf8182006c1a18c61fab80c56') in 0.1237765 seconds
Number of updated asset objects reloaded before import = 0Number of asset objects unloaded after import = 3

========================================================================
Received Import Request.
  Time since last request: 0.000178 seconds.
  path: Assets/Assets/Materials/Effects/HitEffect Material.mat
  artifactKey: Guid(8f800522676b80f42bcc0945649bdb20) Importer(815301076,1909f56bfc062723c751e8b465ee728b)
Start importing Assets/Assets/Materials/Effects/HitEffect Material.mat using Guid(8f800522676b80f42bcc0945649bdb20) Importer(815301076,1909f56bfc062723c751e8b465ee728b) (PreviewImporter) -> (artifact id: '41ad063d6f4529b76e83064d28ac9a14') in 1.1402693 seconds
Number of updated asset objects reloaded before import = 0Number of asset objects unloaded after import = 1

========================================================================
Received Import Request.
  Time since last request: 0.000086 seconds.
  path: Assets/Assets/Tilemap/Platforms/Platform.prefab
  artifactKey: Guid(13df30586f0d36040aa7551be7647f2b) Importer(815301076,1909f56bfc062723c751e8b465ee728b)
Start importing Assets/Assets/Tilemap/Platforms/Platform.prefab using Guid(13df30586f0d36040aa7551be7647f2b) Importer(815301076,1909f56bfc062723c751e8b465ee728b) (PreviewImporter) -> (artifact id: '850cbbfca50ec05ab56b89262bceaa63') in 0.9486513 seconds
Number of updated asset objects reloaded before import = 0Number of asset objects unloaded after import = 143

Editor requested this worker to shutdown with reason: Scaling down because of idle timeout
AssetImportWorker is now disconnected from the server
Process exiting
Exiting without the bug reporter. Application will terminate with return code 0