Using pre-set license
Built from '6000.0/staging' branch; Version is '6000.0.32f1 (b2e806cf271c) revision 11724806'; Using compiler version '193933523'; Build Type 'Release'
OS: 'Windows 10  (10.0.19045) 64bit Enterprise' Language: 'en' Physical Memory: 16263 MB
BatchMode: 1, IsHumanControllingUs: 0, StartBugReporterOnCrash: 0, Is64bit: 1, IsPro: 1

COMMAND LINE ARGUMENTS:
D:\6000.0.32f1\Editor\Unity.exe
-adb2
-batchMode
-noUpm
-name
AssetImportWorker0
-projectPath
D:/Mirai
-logFile
Logs/AssetImportWorker0.log
-srvPort
54906
-job-worker-count
5
-background-job-worker-count
8
-gc-helper-count
1
Successfully changed project path to: D:/Mirai
D:/Mirai
[UnityMemory] Configuration Parameters - Can be set up in boot.config
    "memorysetup-bucket-allocator-granularity=16"
    "memorysetup-bucket-allocator-bucket-count=8"
    "memorysetup-bucket-allocator-block-size=33554432"
    "memorysetup-bucket-allocator-block-count=8"
    "memorysetup-main-allocator-block-size=16777216"
    "memorysetup-thread-allocator-block-size=16777216"
    "memorysetup-gfx-main-allocator-block-size=16777216"
    "memorysetup-gfx-thread-allocator-block-size=16777216"
    "memorysetup-cache-allocator-block-size=4194304"
    "memorysetup-typetree-allocator-block-size=2097152"
    "memorysetup-profiler-bucket-allocator-granularity=16"
    "memorysetup-profiler-bucket-allocator-bucket-count=8"
    "memorysetup-profiler-bucket-allocator-block-size=33554432"
    "memorysetup-profiler-bucket-allocator-block-count=8"
    "memorysetup-profiler-allocator-block-size=16777216"
    "memorysetup-profiler-editor-allocator-block-size=1048576"
    "memorysetup-temp-allocator-size-main=16777216"
    "memorysetup-job-temp-allocator-block-size=2097152"
    "memorysetup-job-temp-allocator-block-size-background=1048576"
    "memorysetup-job-temp-allocator-reduction-small-platforms=262144"
    "memorysetup-allocator-temp-initial-block-size-main=262144"
    "memorysetup-allocator-temp-initial-block-size-worker=262144"
    "memorysetup-temp-allocator-size-background-worker=32768"
    "memorysetup-temp-allocator-size-job-worker=262144"
    "memorysetup-temp-allocator-size-preload-manager=33554432"
    "memorysetup-temp-allocator-size-nav-mesh-worker=65536"
    "memorysetup-temp-allocator-size-audio-worker=65536"
    "memorysetup-temp-allocator-size-cloud-worker=32768"
    "memorysetup-temp-allocator-size-gi-baking-worker=262144"
    "memorysetup-temp-allocator-size-gi-baking-worker=262144"
    "memorysetup-temp-allocator-size-gi-baking-worker=262144"
    "memorysetup-temp-allocator-size-gi-baking-worker=262144"
    "memorysetup-temp-allocator-size-gi-baking-worker=262144"
    "memorysetup-temp-allocator-size-gfx=262144"
Player connection [5916]  Target information:

Player connection [5916]  * "[IP] 10.0.0.185 [Port] 0 [Flags] 2 [Guid] 1031087212 [EditorId] 1031087212 [Version] 1048832 [Id] WindowsEditor(7,DESKTOP-8GLS977) [Debug] 1 [PackageName] WindowsEditor [ProjectName] Editor" 

Player connection [5916] Host joined multi-casting on [225.0.0.222:54997]...
Player connection [5916] Host joined alternative multi-casting on [225.0.0.222:34997]...
JobSystem: Creating JobQueue using job-worker-count value 5
[Physics::Module] Initialized fallback backend.
[Physics::Module] Id: 0xdecafbad
Library Redirect Path: Library/
[Physics::Module] Selected backend.
[Physics::Module] Name: PhysX
[Physics::Module] Id: 0xf2b8ea05
[Physics::Module] SDK Version: 4.1.2
[Physics::Module] Integration Version: 1.0.0
[Physics::Module] Threading Mode: Multi-Threaded
Refreshing native plugins compatible for Editor in 6.76 ms, found 3 plugins.
Preloading 0 native plugins for Editor in 0.00 ms.
Initialize engine version: 6000.0.32f1 (b2e806cf271c)
[Subsystems] Discovering subsystems at path D:/6000.0.32f1/Editor/Data/Resources/UnitySubsystems
[Subsystems] Discovering subsystems at path D:/Mirai/Assets
GfxDevice: creating device client; kGfxThreadingModeNonThreaded
Direct3D:
    Version:  Direct3D 11.0 [level 11.1]
    Renderer: NVIDIA GeForce GTX 1650 (ID=0x1f91)
    Vendor:   NVIDIA
    VRAM:     3935 MB
    Driver:   32.0.15.6070
Initialize mono
Mono path[0] = 'D:/6000.0.32f1/Editor/Data/Managed'
Mono path[1] = 'D:/6000.0.32f1/Editor/Data/MonoBleedingEdge/lib/mono/unityjit-win32'
Mono config path = 'D:/6000.0.32f1/Editor/Data/MonoBleedingEdge/etc'
Using monoOptions --debugger-agent=transport=dt_socket,embedding=1,server=y,suspend=n,address=127.0.0.1:56100
Begin MonoManager ReloadAssembly
Registering precompiled unity dll's ...
Register platform support module: D:/6000.0.32f1/Editor/Data/PlaybackEngines/WindowsStandaloneSupport/UnityEditor.WindowsStandalone.Extensions.dll
Register platform support module: D:/6000.0.32f1/Editor/Data/PlaybackEngines/AndroidPlayer/UnityEditor.Android.Extensions.dll
Registered in 0.004713 seconds.
- Loaded All Assemblies, in  0.627 seconds
Native extension for Android target not found
Android Extension - Scanning For ADB Devices 424 ms
Native extension for WindowsStandalone target not found
Mono: successfully reloaded assembly
- Finished resetting the current domain, in  0.956 seconds
Domain Reload Profiling: 1583ms
	BeginReloadAssembly (237ms)
		ExecutionOrderSort (0ms)
		DisableScriptedObjects (0ms)
		BackupInstance (0ms)
		ReleaseScriptingObjects (0ms)
		CreateAndSetChildDomain (1ms)
	RebuildCommonClasses (60ms)
	RebuildNativeTypeToScriptingClass (17ms)
	initialDomainReloadingComplete (73ms)
	LoadAllAssembliesAndSetupDomain (239ms)
		LoadAssemblies (237ms)
		RebuildTransferFunctionScriptingTraits (0ms)
		AnalyzeDomain (234ms)
			TypeCache.Refresh (232ms)
				TypeCache.ScanAssembly (211ms)
			BuildScriptInfoCaches (0ms)
			ResolveRequiredComponents (1ms)
	FinalizeReload (957ms)
		ReleaseScriptCaches (0ms)
		RebuildScriptCaches (0ms)
		SetupLoadedEditorAssemblies (911ms)
			LogAssemblyErrors (0ms)
			InitializePlatformSupportModulesInManaged (552ms)
			SetLoadedEditorAssemblies (6ms)
			BeforeProcessingInitializeOnLoad (78ms)
			ProcessInitializeOnLoadAttributes (180ms)
			ProcessInitializeOnLoadMethodAttributes (95ms)
			AfterProcessingInitializeOnLoad (0ms)
			EditorAssembliesLoaded (0ms)
		ExecutionOrderSort2 (0ms)
		AwakeInstancesAfterBackupRestoration (0ms)
========================================================================
Worker process is ready to serve import requests
Import Worker Mode flag is 0x00
Begin MonoManager ReloadAssembly
Symbol file LoadedFromMemory is not a mono symbol file
- Loaded All Assemblies, in  1.188 seconds
Refreshing native plugins compatible for Editor in 5.17 ms, found 3 plugins.
Native extension for Android target not found
Native extension for WindowsStandalone target not found
Mono: successfully reloaded assembly
- Finished resetting the current domain, in  1.288 seconds
Domain Reload Profiling: 2474ms
	BeginReloadAssembly (288ms)
		ExecutionOrderSort (0ms)
		DisableScriptedObjects (10ms)
		BackupInstance (0ms)
		ReleaseScriptingObjects (0ms)
		CreateAndSetChildDomain (47ms)
	RebuildCommonClasses (51ms)
	RebuildNativeTypeToScriptingClass (16ms)
	initialDomainReloadingComplete (49ms)
	LoadAllAssembliesAndSetupDomain (782ms)
		LoadAssemblies (696ms)
		RebuildTransferFunctionScriptingTraits (0ms)
		AnalyzeDomain (272ms)
			TypeCache.Refresh (199ms)
				TypeCache.ScanAssembly (174ms)
			BuildScriptInfoCaches (63ms)
			ResolveRequiredComponents (8ms)
	FinalizeReload (1288ms)
		ReleaseScriptCaches (0ms)
		RebuildScriptCaches (0ms)
		SetupLoadedEditorAssemblies (1109ms)
			LogAssemblyErrors (0ms)
			InitializePlatformSupportModulesInManaged (20ms)
			SetLoadedEditorAssemblies (8ms)
			BeforeProcessingInitializeOnLoad (257ms)
			ProcessInitializeOnLoadAttributes (546ms)
			ProcessInitializeOnLoadMethodAttributes (272ms)
			AfterProcessingInitializeOnLoad (5ms)
			EditorAssembliesLoaded (1ms)
		ExecutionOrderSort2 (0ms)
		AwakeInstancesAfterBackupRestoration (11ms)
Launched and connected shader compiler UnityShaderCompiler.exe after 0.01 seconds
Refreshing native plugins compatible for Editor in 4.69 ms, found 3 plugins.
Preloading 0 native plugins for Editor in 0.00 ms.
Unloading 7 Unused Serialized files (Serialized files now loaded: 0)
Unloading 4347 unused Assets / (1.4 MB). Loaded Objects now: 4805.
Memory consumption went from 85.2 MB to 83.8 MB.
Total: 12.763100 ms (FindLiveObjects: 0.605600 ms CreateObjectMapping: 0.578700 ms MarkObjects: 9.755900 ms  DeleteObjects: 1.821000 ms)

========================================================================
Received Import Request.
  Time since last request: 1248.367261 seconds.
  path: Assets/Assets/Image/Player/adventurer-bow-Sheet.png
  artifactKey: Guid(fb0d77358a87f254f8ef15f2955bf283) Importer(815301076,1909f56bfc062723c751e8b465ee728b)
Start importing Assets/Assets/Image/Player/adventurer-bow-Sheet.png using Guid(fb0d77358a87f254f8ef15f2955bf283) Importer(815301076,1909f56bfc062723c751e8b465ee728b) (PreviewImporter) -> (artifact id: '1f9c78f0cbf96d4330016c701d945d6d') in 1.8028906 seconds
Number of updated asset objects reloaded before import = 0Number of asset objects unloaded after import = 17

========================================================================
Received Import Request.
  Time since last request: 3.575183 seconds.
  path: Assets/Assets/Scripts/Player
  artifactKey: Guid(04f812d0ff563c44fbd5bcdec3d38125) Importer(815301076,1909f56bfc062723c751e8b465ee728b)
Start importing Assets/Assets/Scripts/Player using Guid(04f812d0ff563c44fbd5bcdec3d38125) Importer(815301076,1909f56bfc062723c751e8b465ee728b) (PreviewImporter) -> (artifact id: '72a0d6abc8a1ad77a1b38380af097ecf') in 0.0005631 seconds
Number of updated asset objects reloaded before import = 0Number of asset objects unloaded after import = 0

========================================================================
Received Import Request.
  Time since last request: 1.715996 seconds.
  path: Assets/Assets/Scripts/Player/PlayerController.cs
  artifactKey: Guid(a41d264db86ed4a419dedcfc0a7d1643) Importer(815301076,1909f56bfc062723c751e8b465ee728b)
Start importing Assets/Assets/Scripts/Player/PlayerController.cs using Guid(a41d264db86ed4a419dedcfc0a7d1643) Importer(815301076,1909f56bfc062723c751e8b465ee728b) (PreviewImporter) -> (artifact id: 'abdf0cf40c0a392748c16c2e2fb34fad') in 0.0008261 seconds
Number of updated asset objects reloaded before import = 0Number of asset objects unloaded after import = 0

========================================================================
Received Import Request.
  Time since last request: 0.371338 seconds.
  path: Assets/Assets/Scripts/Player/PlayerCombat.cs
  artifactKey: Guid(0897fc8fe0e539b4fa29240e3580237f) Importer(815301076,1909f56bfc062723c751e8b465ee728b)
Start importing Assets/Assets/Scripts/Player/PlayerCombat.cs using Guid(0897fc8fe0e539b4fa29240e3580237f) Importer(815301076,1909f56bfc062723c751e8b465ee728b) (PreviewImporter) -> (artifact id: '7e82ed534529793318c6e4f41d64a2a0') in 0.0004846 seconds
Number of updated asset objects reloaded before import = 0Number of asset objects unloaded after import = 0

========================================================================
Received Import Request.
  Time since last request: 5.029304 seconds.
  path: Assets/Assets/Scripts/Scenes
  artifactKey: Guid(e0d45f8030d4ffb47a23a2075a778417) Importer(815301076,1909f56bfc062723c751e8b465ee728b)
Start importing Assets/Assets/Scripts/Scenes using Guid(e0d45f8030d4ffb47a23a2075a778417) Importer(815301076,1909f56bfc062723c751e8b465ee728b) (PreviewImporter) -> (artifact id: 'fe511df5534b4ca979785e02836927a9') in 0.0011821 seconds
Number of updated asset objects reloaded before import = 0Number of asset objects unloaded after import = 0

========================================================================
Received Import Request.
  Time since last request: 798.980771 seconds.
  path: Assets/Assets/Image/UI/Rpg/PNG/barBack_verticalBottom.png
  artifactKey: Guid(0917ac2096aadba44be3778e29ef399d) Importer(815301076,1909f56bfc062723c751e8b465ee728b)
Start importing Assets/Assets/Image/UI/Rpg/PNG/barBack_verticalBottom.png using Guid(0917ac2096aadba44be3778e29ef399d) Importer(815301076,1909f56bfc062723c751e8b465ee728b) (PreviewImporter) -> (artifact id: '3ca5d1436181a9b56f7f614253deedff') in 0.0199915 seconds
Number of updated asset objects reloaded before import = 0Number of asset objects unloaded after import = 3

========================================================================
Received Import Request.
  Time since last request: 0.000127 seconds.
  path: Assets/Assets/Image/UI/Rpg/PNG/barBack_verticalTop.png
  artifactKey: Guid(ed13ffd125dffe447abef2567aa5f811) Importer(815301076,1909f56bfc062723c751e8b465ee728b)
Start importing Assets/Assets/Image/UI/Rpg/PNG/barBack_verticalTop.png using Guid(ed13ffd125dffe447abef2567aa5f811) Importer(815301076,1909f56bfc062723c751e8b465ee728b) (PreviewImporter) -> (artifact id: '8cec03dd2c61d2b6b688d3f452de3cda') in 0.0129886 seconds
Number of updated asset objects reloaded before import = 0Number of asset objects unloaded after import = 3

========================================================================
Received Import Request.
  Time since last request: 0.000109 seconds.
  path: Assets/Assets/Image/UI/Rpg/PNG/barBlue_verticalTop.png
  artifactKey: Guid(d3494334c4b74404887dafc8be58d236) Importer(815301076,1909f56bfc062723c751e8b465ee728b)
Start importing Assets/Assets/Image/UI/Rpg/PNG/barBlue_verticalTop.png using Guid(d3494334c4b74404887dafc8be58d236) Importer(815301076,1909f56bfc062723c751e8b465ee728b) (PreviewImporter) -> (artifact id: '0ea92158f93e97961a1eb23d4a1e46d4') in 0.0631035 seconds
Number of updated asset objects reloaded before import = 0Number of asset objects unloaded after import = 3

========================================================================
Received Import Request.
  Time since last request: 0.049099 seconds.
  path: Assets/Assets/Image/UI/Rpg/PNG/barGreen_verticalBottom.png
  artifactKey: Guid(3a47fda36f3ad6d478cd8f01a672231f) Importer(815301076,1909f56bfc062723c751e8b465ee728b)
Start importing Assets/Assets/Image/UI/Rpg/PNG/barGreen_verticalBottom.png using Guid(3a47fda36f3ad6d478cd8f01a672231f) Importer(815301076,1909f56bfc062723c751e8b465ee728b) (PreviewImporter) -> (artifact id: 'ef98647d1c76197d162a556c9f268cc0') in 0.02114 seconds
Number of updated asset objects reloaded before import = 0Number of asset objects unloaded after import = 3

========================================================================
Received Import Request.
  Time since last request: 0.000121 seconds.
  path: Assets/Assets/Image/UI/Rpg/PNG/barRed_verticalBottom.png
  artifactKey: Guid(967cfff2ed5c0fe4f9dc530ba10b8e9f) Importer(815301076,1909f56bfc062723c751e8b465ee728b)
Start importing Assets/Assets/Image/UI/Rpg/PNG/barRed_verticalBottom.png using Guid(967cfff2ed5c0fe4f9dc530ba10b8e9f) Importer(815301076,1909f56bfc062723c751e8b465ee728b) (PreviewImporter) -> (artifact id: 'a561af6795d73cb2ee032c12d4c59702') in 0.0274113 seconds
Number of updated asset objects reloaded before import = 0Number of asset objects unloaded after import = 3

========================================================================
Received Import Request.
  Time since last request: 0.000162 seconds.
  path: Assets/Assets/Image/UI/Rpg/PNG/barBlue_verticalBottom.png
  artifactKey: Guid(18a487d330231cc479b6e51513ee6e13) Importer(815301076,1909f56bfc062723c751e8b465ee728b)
Start importing Assets/Assets/Image/UI/Rpg/PNG/barBlue_verticalBottom.png using Guid(18a487d330231cc479b6e51513ee6e13) Importer(815301076,1909f56bfc062723c751e8b465ee728b) (PreviewImporter) -> (artifact id: 'cf23d8ead26ca6a50cd768af05bee9c0') in 0.0177898 seconds
Number of updated asset objects reloaded before import = 0Number of asset objects unloaded after import = 3

========================================================================
Received Import Request.
  Time since last request: 0.000129 seconds.
  path: Assets/Assets/Image/UI/Rpg/PNG/barYellow_verticalBottom.png
  artifactKey: Guid(de99b46b76e4bff49b33f1d619a11073) Importer(815301076,1909f56bfc062723c751e8b465ee728b)
Start importing Assets/Assets/Image/UI/Rpg/PNG/barYellow_verticalBottom.png using Guid(de99b46b76e4bff49b33f1d619a11073) Importer(815301076,1909f56bfc062723c751e8b465ee728b) (PreviewImporter) -> (artifact id: '4fc8afe6d25715a58333d67c3508fd17') in 0.0362868 seconds
Number of updated asset objects reloaded before import = 0Number of asset objects unloaded after import = 3

========================================================================
Received Import Request.
  Time since last request: 0.000052 seconds.
  path: Assets/Assets/Image/UI/hunter-hunting-with-bow-and-arrow.png
  artifactKey: Guid(4f9a8d2a5cf7830409914b0dc4b698b6) Importer(815301076,1909f56bfc062723c751e8b465ee728b)
Start importing Assets/Assets/Image/UI/hunter-hunting-with-bow-and-arrow.png using Guid(4f9a8d2a5cf7830409914b0dc4b698b6) Importer(815301076,1909f56bfc062723c751e8b465ee728b) (PreviewImporter) -> (artifact id: '4babff26524e285216cdee314bc27938') in 0.0192497 seconds
Number of updated asset objects reloaded before import = 0Number of asset objects unloaded after import = 3

========================================================================
Received Import Request.
  Time since last request: 0.000126 seconds.
  path: Assets/Assets/Tilemap/Platforms/JapaneseCityKawaiiTileset_6.asset
  artifactKey: Guid(fa45a7f0a95de764c8d210d5ad19787e) Importer(815301076,1909f56bfc062723c751e8b465ee728b)
Start importing Assets/Assets/Tilemap/Platforms/JapaneseCityKawaiiTileset_6.asset using Guid(fa45a7f0a95de764c8d210d5ad19787e) Importer(815301076,1909f56bfc062723c751e8b465ee728b) (PreviewImporter) -> (artifact id: 'af285e1294b3f439739a39ca85c6fb35') in 0.0149008 seconds
Number of updated asset objects reloaded before import = 0Number of asset objects unloaded after import = 3

========================================================================
Received Import Request.
  Time since last request: 0.000031 seconds.
  path: Assets/Assets/Tilemap/Platforms/JapaneseCityKawaiiTileset_19.asset
  artifactKey: Guid(7ff053a0e60758b4a8d5352f6d6e4b3b) Importer(815301076,1909f56bfc062723c751e8b465ee728b)
Start importing Assets/Assets/Tilemap/Platforms/JapaneseCityKawaiiTileset_19.asset using Guid(7ff053a0e60758b4a8d5352f6d6e4b3b) Importer(815301076,1909f56bfc062723c751e8b465ee728b) (PreviewImporter) -> (artifact id: '84d925ed2ca9edde431450d0b1b020e8') in 0.0077484 seconds
Number of updated asset objects reloaded before import = 0Number of asset objects unloaded after import = 3

========================================================================
Received Import Request.
  Time since last request: 0.000028 seconds.
  path: Assets/Assets/Tilemap/Platforms/JapaneseCityKawaiiTileset_7.asset
  artifactKey: Guid(0e06e547dad2c49458f9f5422515aed6) Importer(815301076,1909f56bfc062723c751e8b465ee728b)
Start importing Assets/Assets/Tilemap/Platforms/JapaneseCityKawaiiTileset_7.asset using Guid(0e06e547dad2c49458f9f5422515aed6) Importer(815301076,1909f56bfc062723c751e8b465ee728b) (PreviewImporter) -> (artifact id: '8668022bf9324f22af0e11e18dae5806') in 0.0321713 seconds
Number of updated asset objects reloaded before import = 0Number of asset objects unloaded after import = 3

========================================================================
Received Import Request.
  Time since last request: 0.000073 seconds.
  path: Assets/Assets/Tilemap/Platforms/JapaneseCityKawaiiTileset_15.asset
  artifactKey: Guid(1d72d136b0cdf184a9bb7e8c6623b8e8) Importer(815301076,1909f56bfc062723c751e8b465ee728b)
Start importing Assets/Assets/Tilemap/Platforms/JapaneseCityKawaiiTileset_15.asset using Guid(1d72d136b0cdf184a9bb7e8c6623b8e8) Importer(815301076,1909f56bfc062723c751e8b465ee728b) (PreviewImporter) -> (artifact id: 'df469867add36e70c13768a2ee13af90') in 0.0046728 seconds
Number of updated asset objects reloaded before import = 0Number of asset objects unloaded after import = 3

========================================================================
Received Import Request.
  Time since last request: 0.000043 seconds.
  path: Assets/Assets/Tilemap/Platforms/JapaneseCityKawaiiTileset_12.asset
  artifactKey: Guid(a7e48e93a06206a40bafd8a8b8e1fd50) Importer(815301076,1909f56bfc062723c751e8b465ee728b)
Start importing Assets/Assets/Tilemap/Platforms/JapaneseCityKawaiiTileset_12.asset using Guid(a7e48e93a06206a40bafd8a8b8e1fd50) Importer(815301076,1909f56bfc062723c751e8b465ee728b) (PreviewImporter) -> (artifact id: '6a8f79b63eb4aad0488765b6130ed1a6') in 0.0114046 seconds
Number of updated asset objects reloaded before import = 0Number of asset objects unloaded after import = 3

========================================================================
Received Import Request.
  Time since last request: 0.000052 seconds.
  path: Assets/Assets/Tilemap/Platforms/JapaneseCityKawaiiTileset_17.asset
  artifactKey: Guid(00fc715eb19f13649888fddb6b64be0b) Importer(815301076,1909f56bfc062723c751e8b465ee728b)
Start importing Assets/Assets/Tilemap/Platforms/JapaneseCityKawaiiTileset_17.asset using Guid(00fc715eb19f13649888fddb6b64be0b) Importer(815301076,1909f56bfc062723c751e8b465ee728b) (PreviewImporter) -> (artifact id: '882bd86097ac4488f18fe10e106b3cb5') in 0.0293878 seconds
Number of updated asset objects reloaded before import = 0Number of asset objects unloaded after import = 3

========================================================================
Received Import Request.
  Time since last request: 0.000026 seconds.
  path: Assets/Assets/Tilemap/Platforms/JapaneseCityKawaiiTileset_4.asset
  artifactKey: Guid(1a54119e6a1c54047ba9100b9b8dedc5) Importer(815301076,1909f56bfc062723c751e8b465ee728b)
Start importing Assets/Assets/Tilemap/Platforms/JapaneseCityKawaiiTileset_4.asset using Guid(1a54119e6a1c54047ba9100b9b8dedc5) Importer(815301076,1909f56bfc062723c751e8b465ee728b) (PreviewImporter) -> (artifact id: '59d1c61bc848333d6287bdd0a0c1edbd') in 0.0843383 seconds
Number of updated asset objects reloaded before import = 0Number of asset objects unloaded after import = 3

========================================================================
Received Import Request.
  Time since last request: 0.000132 seconds.
  path: Assets/Assets/Tilemap/Platforms/JapaneseCityKawaiiTileset_2.asset
  artifactKey: Guid(430336793725741488a1de5603677b6a) Importer(815301076,1909f56bfc062723c751e8b465ee728b)
Start importing Assets/Assets/Tilemap/Platforms/JapaneseCityKawaiiTileset_2.asset using Guid(430336793725741488a1de5603677b6a) Importer(815301076,1909f56bfc062723c751e8b465ee728b) (PreviewImporter) -> (artifact id: '136b2e53f88d7d82d32f568f2d97cc80') in 0.0082275 seconds
Number of updated asset objects reloaded before import = 0Number of asset objects unloaded after import = 3

========================================================================
Received Import Request.
  Time since last request: 0.000042 seconds.
  path: Assets/Assets/Tilemap/Platforms/JapaneseCityKawaiiTileset_5.asset
  artifactKey: Guid(ed6a2838c4550164289f6113132e9ee9) Importer(815301076,1909f56bfc062723c751e8b465ee728b)
Start importing Assets/Assets/Tilemap/Platforms/JapaneseCityKawaiiTileset_5.asset using Guid(ed6a2838c4550164289f6113132e9ee9) Importer(815301076,1909f56bfc062723c751e8b465ee728b) (PreviewImporter) -> (artifact id: '85391f32214899e8a675791668314ace') in 0.0081548 seconds
Number of updated asset objects reloaded before import = 0Number of asset objects unloaded after import = 3

========================================================================
Received Import Request.
  Time since last request: 0.000124 seconds.
  path: Assets/Assets/Tilemap/Platforms/JapaneseCityKawaiiTileset_9.asset
  artifactKey: Guid(87135ccdaec23ad4693181a4ea13cb89) Importer(815301076,1909f56bfc062723c751e8b465ee728b)
Start importing Assets/Assets/Tilemap/Platforms/JapaneseCityKawaiiTileset_9.asset using Guid(87135ccdaec23ad4693181a4ea13cb89) Importer(815301076,1909f56bfc062723c751e8b465ee728b) (PreviewImporter) -> (artifact id: '54c540601e51f916870ec958c0964614') in 0.005011 seconds
Number of updated asset objects reloaded before import = 0Number of asset objects unloaded after import = 3

========================================================================
Received Import Request.
  Time since last request: 0.000027 seconds.
  path: Assets/Assets/Tilemap/Platforms/JapaneseCityKawaiiTileset_8.asset
  artifactKey: Guid(f688d91ef039491448a64522f4925fd0) Importer(815301076,1909f56bfc062723c751e8b465ee728b)
Start importing Assets/Assets/Tilemap/Platforms/JapaneseCityKawaiiTileset_8.asset using Guid(f688d91ef039491448a64522f4925fd0) Importer(815301076,1909f56bfc062723c751e8b465ee728b) (PreviewImporter) -> (artifact id: '67e9ad0b2fccc666f7e83a352cf2358a') in 0.0077826 seconds
Number of updated asset objects reloaded before import = 0Number of asset objects unloaded after import = 3

========================================================================
Received Import Request.
  Time since last request: 0.000032 seconds.
  path: Assets/Assets/Tilemap/Platforms/JapaneseCityKawaiiTileset_10.asset
  artifactKey: Guid(4a35adeaf661fa54cb082afe0cd797eb) Importer(815301076,1909f56bfc062723c751e8b465ee728b)
Start importing Assets/Assets/Tilemap/Platforms/JapaneseCityKawaiiTileset_10.asset using Guid(4a35adeaf661fa54cb082afe0cd797eb) Importer(815301076,1909f56bfc062723c751e8b465ee728b) (PreviewImporter) -> (artifact id: '88124d930b925bdc1c131923ef2e257a') in 0.007005 seconds
Number of updated asset objects reloaded before import = 0Number of asset objects unloaded after import = 3

========================================================================
Received Import Request.
  Time since last request: 0.000112 seconds.
  path: Assets/Assets/Tilemap/Platforms/JapaneseCityKawaiiTileset_1.asset
  artifactKey: Guid(b5da0b54441893f439688905f1143277) Importer(815301076,1909f56bfc062723c751e8b465ee728b)
Start importing Assets/Assets/Tilemap/Platforms/JapaneseCityKawaiiTileset_1.asset using Guid(b5da0b54441893f439688905f1143277) Importer(815301076,1909f56bfc062723c751e8b465ee728b) (PreviewImporter) -> (artifact id: 'e3f0a3290e739fb21e8c08a140acfb4d') in 0.0125507 seconds
Number of updated asset objects reloaded before import = 0Number of asset objects unloaded after import = 3

========================================================================
Received Import Request.
  Time since last request: 0.625050 seconds.
  path: Assets/Assets/Tilemap/Platforms/JapaneseCityKawaiiTileset_20.asset
  artifactKey: Guid(f68f5204c37c1a4459291ba75abac0ef) Importer(815301076,1909f56bfc062723c751e8b465ee728b)
Start importing Assets/Assets/Tilemap/Platforms/JapaneseCityKawaiiTileset_20.asset using Guid(f68f5204c37c1a4459291ba75abac0ef) Importer(815301076,1909f56bfc062723c751e8b465ee728b) (PreviewImporter) -> (artifact id: 'cb18ce6cbbbba539519974b3335f13ad') in 0.0202428 seconds
Number of updated asset objects reloaded before import = 0Number of asset objects unloaded after import = 3

========================================================================
Received Import Request.
  Time since last request: 0.000137 seconds.
  path: Assets/Assets/Tilemap/Platforms/JapaneseCityKawaiiTileset_23.asset
  artifactKey: Guid(f727184fe96e65449bf2bea55a4dbf7f) Importer(815301076,1909f56bfc062723c751e8b465ee728b)
Start importing Assets/Assets/Tilemap/Platforms/JapaneseCityKawaiiTileset_23.asset using Guid(f727184fe96e65449bf2bea55a4dbf7f) Importer(815301076,1909f56bfc062723c751e8b465ee728b) (PreviewImporter) -> (artifact id: '71a88df1649bc66745a190519c03965c') in 0.0236427 seconds
Number of updated asset objects reloaded before import = 0Number of asset objects unloaded after import = 3

========================================================================
Received Import Request.
  Time since last request: 0.000083 seconds.
  path: Assets/Assets/Tilemap/Platforms/JapaneseCityKawaiiTileset_25.asset
  artifactKey: Guid(06754dc6e167fad43965a05bc5b0c2d8) Importer(815301076,1909f56bfc062723c751e8b465ee728b)
Start importing Assets/Assets/Tilemap/Platforms/JapaneseCityKawaiiTileset_25.asset using Guid(06754dc6e167fad43965a05bc5b0c2d8) Importer(815301076,1909f56bfc062723c751e8b465ee728b) (PreviewImporter) -> (artifact id: 'e028e3e8656386f998d2645d210fb5f7') in 0.0069857 seconds
Number of updated asset objects reloaded before import = 0Number of asset objects unloaded after import = 3

========================================================================
Received Import Request.
  Time since last request: 0.000088 seconds.
  path: Assets/Assets/Tilemap/Platforms/JapaneseCityKawaiiTileset_22.asset
  artifactKey: Guid(429fe781ecde2354c9e671c88f2074f3) Importer(815301076,1909f56bfc062723c751e8b465ee728b)
Start importing Assets/Assets/Tilemap/Platforms/JapaneseCityKawaiiTileset_22.asset using Guid(429fe781ecde2354c9e671c88f2074f3) Importer(815301076,1909f56bfc062723c751e8b465ee728b) (PreviewImporter) -> (artifact id: 'bbed39e684e401327cd91a28bff4f807') in 0.007161 seconds
Number of updated asset objects reloaded before import = 0Number of asset objects unloaded after import = 3

========================================================================
Received Import Request.
  Time since last request: 0.000126 seconds.
  path: Assets/Assets/Tilemap/Platforms/JapaneseCityKawaiiTileset_29.asset
  artifactKey: Guid(55aab9c8447103a43ad47d43f512983c) Importer(815301076,1909f56bfc062723c751e8b465ee728b)
Start importing Assets/Assets/Tilemap/Platforms/JapaneseCityKawaiiTileset_29.asset using Guid(55aab9c8447103a43ad47d43f512983c) Importer(815301076,1909f56bfc062723c751e8b465ee728b) (PreviewImporter) -> (artifact id: '033a31f5932a7a6a3879f77b8985f0ad') in 0.0921026 seconds
Number of updated asset objects reloaded before import = 0Number of asset objects unloaded after import = 3

========================================================================
Received Import Request.
  Time since last request: 0.000110 seconds.
  path: Assets/Assets/Tilemap/Platforms/TileSet_7.asset
  artifactKey: Guid(490e89c31ad22d94dbcce418551bf738) Importer(815301076,1909f56bfc062723c751e8b465ee728b)
Start importing Assets/Assets/Tilemap/Platforms/TileSet_7.asset using Guid(490e89c31ad22d94dbcce418551bf738) Importer(815301076,1909f56bfc062723c751e8b465ee728b) (PreviewImporter) -> (artifact id: '4c2b9f337107b9ce3e9567b58cdf4c52') in 0.0137382 seconds
Number of updated asset objects reloaded before import = 0Number of asset objects unloaded after import = 3

========================================================================
Received Import Request.
  Time since last request: 0.000080 seconds.
  path: Assets/Assets/Tilemap/Platforms/TileSet_1.asset
  artifactKey: Guid(59e5353ca5e58f043b7cac17a0f98b73) Importer(815301076,1909f56bfc062723c751e8b465ee728b)
Start importing Assets/Assets/Tilemap/Platforms/TileSet_1.asset using Guid(59e5353ca5e58f043b7cac17a0f98b73) Importer(815301076,1909f56bfc062723c751e8b465ee728b) (PreviewImporter) -> (artifact id: '7e2562d9f92cfae3ec09ee1001874e4e') in 0.0068254 seconds
Number of updated asset objects reloaded before import = 0Number of asset objects unloaded after import = 3

========================================================================
Received Import Request.
  Time since last request: 0.000065 seconds.
  path: Assets/Assets/Tilemap/Platforms/TileSet_5.asset
  artifactKey: Guid(1c8fe39b4ab882f49a6627efa200493a) Importer(815301076,1909f56bfc062723c751e8b465ee728b)
Start importing Assets/Assets/Tilemap/Platforms/TileSet_5.asset using Guid(1c8fe39b4ab882f49a6627efa200493a) Importer(815301076,1909f56bfc062723c751e8b465ee728b) (PreviewImporter) -> (artifact id: 'd1e14aedb4ae952faf63cec973cc9905') in 0.0049587 seconds
Number of updated asset objects reloaded before import = 0Number of asset objects unloaded after import = 3

========================================================================
Received Import Request.
  Time since last request: 0.000018 seconds.
  path: Assets/Assets/Tilemap/Platforms/JapaneseCityKawaiiTileset_30.asset
  artifactKey: Guid(9d58d94cf67adf441bf9e4ec1f42b66f) Importer(815301076,1909f56bfc062723c751e8b465ee728b)
Start importing Assets/Assets/Tilemap/Platforms/JapaneseCityKawaiiTileset_30.asset using Guid(9d58d94cf67adf441bf9e4ec1f42b66f) Importer(815301076,1909f56bfc062723c751e8b465ee728b) (PreviewImporter) -> (artifact id: '2375e1f26a77282f1202d521cddbf36b') in 0.0065349 seconds
Number of updated asset objects reloaded before import = 0Number of asset objects unloaded after import = 3

========================================================================
Received Import Request.
  Time since last request: 0.000040 seconds.
  path: Assets/Assets/Tilemap/Platforms/TileSet_4.asset
  artifactKey: Guid(e17f8c1e093ab98458a78b569c7c514d) Importer(815301076,1909f56bfc062723c751e8b465ee728b)
Start importing Assets/Assets/Tilemap/Platforms/TileSet_4.asset using Guid(e17f8c1e093ab98458a78b569c7c514d) Importer(815301076,1909f56bfc062723c751e8b465ee728b) (PreviewImporter) -> (artifact id: '84237252affd3f205c3b9490da4450ee') in 0.0102096 seconds
Number of updated asset objects reloaded before import = 0Number of asset objects unloaded after import = 3

========================================================================
Received Import Request.
  Time since last request: 0.000101 seconds.
  path: Assets/Assets/Tilemap/Platforms/TileSet_2.asset
  artifactKey: Guid(77e8392d6f3bd474bbe0965d34c6cacc) Importer(815301076,1909f56bfc062723c751e8b465ee728b)
Start importing Assets/Assets/Tilemap/Platforms/TileSet_2.asset using Guid(77e8392d6f3bd474bbe0965d34c6cacc) Importer(815301076,1909f56bfc062723c751e8b465ee728b) (PreviewImporter) -> (artifact id: '3aa086c109e393d10c97b916706449ef') in 0.0064723 seconds
Number of updated asset objects reloaded before import = 0Number of asset objects unloaded after import = 3

========================================================================
Received Import Request.
  Time since last request: 0.000130 seconds.
  path: Assets/Assets/Tilemap/Platforms/TileSet_3.asset
  artifactKey: Guid(76ec7b9b534afd24ca846aba6e5e0dd5) Importer(815301076,1909f56bfc062723c751e8b465ee728b)
Start importing Assets/Assets/Tilemap/Platforms/TileSet_3.asset using Guid(76ec7b9b534afd24ca846aba6e5e0dd5) Importer(815301076,1909f56bfc062723c751e8b465ee728b) (PreviewImporter) -> (artifact id: '75becf9bea2cbb1727d99a3aaf632406') in 0.0061191 seconds
Number of updated asset objects reloaded before import = 0Number of asset objects unloaded after import = 3

========================================================================
Received Import Request.
  Time since last request: 0.000083 seconds.
  path: Assets/Assets/Tilemap/Platforms/TileSet_8.asset
  artifactKey: Guid(5491c7dc42c57e6419810cf17450c3b3) Importer(815301076,1909f56bfc062723c751e8b465ee728b)
Start importing Assets/Assets/Tilemap/Platforms/TileSet_8.asset using Guid(5491c7dc42c57e6419810cf17450c3b3) Importer(815301076,1909f56bfc062723c751e8b465ee728b) (PreviewImporter) -> (artifact id: 'd3866f2c66b87716d24c4a0539dd83cc') in 0.0076627 seconds
Number of updated asset objects reloaded before import = 0Number of asset objects unloaded after import = 3

========================================================================
Received Import Request.
  Time since last request: 0.000045 seconds.
  path: Assets/Assets/Tilemap/Platforms/TileSet_6.asset
  artifactKey: Guid(a935b82911d82074088dc4ff490642cc) Importer(815301076,1909f56bfc062723c751e8b465ee728b)
Start importing Assets/Assets/Tilemap/Platforms/TileSet_6.asset using Guid(a935b82911d82074088dc4ff490642cc) Importer(815301076,1909f56bfc062723c751e8b465ee728b) (PreviewImporter) -> (artifact id: '13bff64fa3f54241a51068f79b3d5226') in 0.0059315 seconds
Number of updated asset objects reloaded before import = 0Number of asset objects unloaded after import = 3

========================================================================
Received Import Request.
  Time since last request: 0.052088 seconds.
  path: Assets/Assets/Tilemap/Platforms/TileSet_9.asset
  artifactKey: Guid(c55724f53e1e7e843bed87936c6e9cbd) Importer(815301076,1909f56bfc062723c751e8b465ee728b)
Start importing Assets/Assets/Tilemap/Platforms/TileSet_9.asset using Guid(c55724f53e1e7e843bed87936c6e9cbd) Importer(815301076,1909f56bfc062723c751e8b465ee728b) (PreviewImporter) -> (artifact id: '6c714b22793436b63c401f183979de0e') in 0.0556454 seconds
Number of updated asset objects reloaded before import = 0Number of asset objects unloaded after import = 3

========================================================================
Received Import Request.
  Time since last request: 0.000018 seconds.
  path: Assets/Assets/Tilemap/Platforms/TileSet_19.asset
  artifactKey: Guid(7ab306ddfceb82a4091ac1c679e93c0d) Importer(815301076,1909f56bfc062723c751e8b465ee728b)
Start importing Assets/Assets/Tilemap/Platforms/TileSet_19.asset using Guid(7ab306ddfceb82a4091ac1c679e93c0d) Importer(815301076,1909f56bfc062723c751e8b465ee728b) (PreviewImporter) -> (artifact id: '3090ef1e39dddd5e19c5688ffb63e25a') in 0.0049309 seconds
Number of updated asset objects reloaded before import = 0Number of asset objects unloaded after import = 3

========================================================================
Received Import Request.
  Time since last request: 0.000105 seconds.
  path: Assets/Assets/Tilemap/Platforms/TileSet_16.asset
  artifactKey: Guid(48c07fbb741f95247b04376979eac0a2) Importer(815301076,1909f56bfc062723c751e8b465ee728b)
Start importing Assets/Assets/Tilemap/Platforms/TileSet_16.asset using Guid(48c07fbb741f95247b04376979eac0a2) Importer(815301076,1909f56bfc062723c751e8b465ee728b) (PreviewImporter) -> (artifact id: '40f1653a0217ad8e373b80a7bc25ea48') in 0.0464384 seconds
Number of updated asset objects reloaded before import = 0Number of asset objects unloaded after import = 3

========================================================================
Received Import Request.
  Time since last request: 0.000079 seconds.
  path: Assets/Assets/Tilemap/Platforms/TileSet_26.asset
  artifactKey: Guid(8702c1c6d96c3574b9c3d078662d75be) Importer(815301076,1909f56bfc062723c751e8b465ee728b)
Start importing Assets/Assets/Tilemap/Platforms/TileSet_26.asset using Guid(8702c1c6d96c3574b9c3d078662d75be) Importer(815301076,1909f56bfc062723c751e8b465ee728b) (PreviewImporter) -> (artifact id: 'f17bf9a8c77922c17b350133127f2326') in 0.0749296 seconds
Number of updated asset objects reloaded before import = 0Number of asset objects unloaded after import = 3

========================================================================
Received Import Request.
  Time since last request: 0.000064 seconds.
  path: Assets/Assets/Tilemap/Platforms/TileSet_25.asset
  artifactKey: Guid(b987733b6a1f5bf439903e872d9c6f80) Importer(815301076,1909f56bfc062723c751e8b465ee728b)
Start importing Assets/Assets/Tilemap/Platforms/TileSet_25.asset using Guid(b987733b6a1f5bf439903e872d9c6f80) Importer(815301076,1909f56bfc062723c751e8b465ee728b) (PreviewImporter) -> (artifact id: '59be1e6d828d3dff0be85fa4545cbeed') in 0.0123042 seconds
Number of updated asset objects reloaded before import = 0Number of asset objects unloaded after import = 3

========================================================================
Received Import Request.
  Time since last request: 0.000018 seconds.
  path: Assets/Assets/Tilemap/Platforms/TileSet_23.asset
  artifactKey: Guid(ef9550d91fa06324a8a19dc72a51c9e0) Importer(815301076,1909f56bfc062723c751e8b465ee728b)
Start importing Assets/Assets/Tilemap/Platforms/TileSet_23.asset using Guid(ef9550d91fa06324a8a19dc72a51c9e0) Importer(815301076,1909f56bfc062723c751e8b465ee728b) (PreviewImporter) -> (artifact id: '217bfa9fdd0e6d5ac326d9d068024987') in 0.0243429 seconds
Number of updated asset objects reloaded before import = 0Number of asset objects unloaded after import = 3

========================================================================
Received Import Request.
  Time since last request: 0.000023 seconds.
  path: Assets/Assets/Tilemap/Platforms/TileSet_17.asset
  artifactKey: Guid(a385f33fedafe704d9cd1686b50bc182) Importer(815301076,1909f56bfc062723c751e8b465ee728b)
Start importing Assets/Assets/Tilemap/Platforms/TileSet_17.asset using Guid(a385f33fedafe704d9cd1686b50bc182) Importer(815301076,1909f56bfc062723c751e8b465ee728b) (PreviewImporter) -> (artifact id: 'd24d742388be91681dc5eb848d0386a4') in 0.009167 seconds
Number of updated asset objects reloaded before import = 0Number of asset objects unloaded after import = 3

========================================================================
Received Import Request.
  Time since last request: 0.000021 seconds.
  path: Assets/Assets/Tilemap/Platforms/TileSet_14.asset
  artifactKey: Guid(55b14ff960e3bd7419627f8f9969a08e) Importer(815301076,1909f56bfc062723c751e8b465ee728b)
Start importing Assets/Assets/Tilemap/Platforms/TileSet_14.asset using Guid(55b14ff960e3bd7419627f8f9969a08e) Importer(815301076,1909f56bfc062723c751e8b465ee728b) (PreviewImporter) -> (artifact id: 'c5fa12efe5f9990fc90a5e0889f3d58d') in 0.0151422 seconds
Number of updated asset objects reloaded before import = 0Number of asset objects unloaded after import = 3

========================================================================
Received Import Request.
  Time since last request: 0.000019 seconds.
  path: Assets/Assets/Tilemap/Platforms/TileSet_21.asset
  artifactKey: Guid(8af73d8a0d6a46c47814ef759d1d52d4) Importer(815301076,1909f56bfc062723c751e8b465ee728b)
Start importing Assets/Assets/Tilemap/Platforms/TileSet_21.asset using Guid(8af73d8a0d6a46c47814ef759d1d52d4) Importer(815301076,1909f56bfc062723c751e8b465ee728b) (PreviewImporter) -> (artifact id: '90c8598e153881a45291d7070a54fe6d') in 0.0074167 seconds
Number of updated asset objects reloaded before import = 0Number of asset objects unloaded after import = 3

========================================================================
Received Import Request.
  Time since last request: 0.000076 seconds.
  path: Assets/Assets/Tilemap/Platforms/TileSet_13.asset
  artifactKey: Guid(2dac2013848c0d441bbf9805845c7cb8) Importer(815301076,1909f56bfc062723c751e8b465ee728b)
Start importing Assets/Assets/Tilemap/Platforms/TileSet_13.asset using Guid(2dac2013848c0d441bbf9805845c7cb8) Importer(815301076,1909f56bfc062723c751e8b465ee728b) (PreviewImporter) -> (artifact id: 'd9e7b8b227d40c8940ad8bd63affcf4c') in 0.0077074 seconds
Number of updated asset objects reloaded before import = 0Number of asset objects unloaded after import = 3

========================================================================
Received Import Request.
  Time since last request: 36.742922 seconds.
  path: Assets/Assets/Tilemap/Platforms/JapaneseCityKawaiiTileset_20.asset
  artifactKey: Guid(f68f5204c37c1a4459291ba75abac0ef) Importer(815301076,1909f56bfc062723c751e8b465ee728b)
Start importing Assets/Assets/Tilemap/Platforms/JapaneseCityKawaiiTileset_20.asset using Guid(f68f5204c37c1a4459291ba75abac0ef) Importer(815301076,1909f56bfc062723c751e8b465ee728b) (PreviewImporter) -> (artifact id: 'b4708b8043c89fb20dd1ec73c0a339b4') in 0.0055967 seconds
Number of updated asset objects reloaded before import = 0Number of asset objects unloaded after import = 3

========================================================================
Received Import Request.
  Time since last request: 0.000047 seconds.
  path: Assets/Assets/Tilemap/Platforms/JapaneseCityKawaiiTileset_23.asset
  artifactKey: Guid(f727184fe96e65449bf2bea55a4dbf7f) Importer(815301076,1909f56bfc062723c751e8b465ee728b)
Start importing Assets/Assets/Tilemap/Platforms/JapaneseCityKawaiiTileset_23.asset using Guid(f727184fe96e65449bf2bea55a4dbf7f) Importer(815301076,1909f56bfc062723c751e8b465ee728b) (PreviewImporter) -> (artifact id: '4479eaa513d674b51c963473ef012de5') in 0.0066221 seconds
Number of updated asset objects reloaded before import = 0Number of asset objects unloaded after import = 3

========================================================================
Received Import Request.
  Time since last request: 0.000026 seconds.
  path: Assets/Assets/Tilemap/Platforms/JapaneseCityKawaiiTileset_28.asset
  artifactKey: Guid(49ce6ee5fd3c3614bb96878d3ceb9202) Importer(815301076,1909f56bfc062723c751e8b465ee728b)
Start importing Assets/Assets/Tilemap/Platforms/JapaneseCityKawaiiTileset_28.asset using Guid(49ce6ee5fd3c3614bb96878d3ceb9202) Importer(815301076,1909f56bfc062723c751e8b465ee728b) (PreviewImporter) -> (artifact id: 'e96654d80ae5984342604c5d02d82b80') in 0.0382836 seconds
Number of updated asset objects reloaded before import = 0Number of asset objects unloaded after import = 3

========================================================================
Received Import Request.
  Time since last request: 0.000026 seconds.
  path: Assets/Assets/Tilemap/Platforms/JapaneseCityKawaiiTileset_25.asset
  artifactKey: Guid(06754dc6e167fad43965a05bc5b0c2d8) Importer(815301076,1909f56bfc062723c751e8b465ee728b)
Start importing Assets/Assets/Tilemap/Platforms/JapaneseCityKawaiiTileset_25.asset using Guid(06754dc6e167fad43965a05bc5b0c2d8) Importer(815301076,1909f56bfc062723c751e8b465ee728b) (PreviewImporter) -> (artifact id: '943114117b3ab09bd61531b77ad83e3c') in 0.0061273 seconds
Number of updated asset objects reloaded before import = 0Number of asset objects unloaded after import = 3

========================================================================
Received Import Request.
  Time since last request: 0.000022 seconds.
  path: Assets/Assets/Tilemap/Platforms/JapaneseCityKawaiiTileset_26.asset
  artifactKey: Guid(e97ea30ca2e29cc48a5aa0f844c1b6e7) Importer(815301076,1909f56bfc062723c751e8b465ee728b)
Start importing Assets/Assets/Tilemap/Platforms/JapaneseCityKawaiiTileset_26.asset using Guid(e97ea30ca2e29cc48a5aa0f844c1b6e7) Importer(815301076,1909f56bfc062723c751e8b465ee728b) (PreviewImporter) -> (artifact id: '7b2c959943159e1d77bf66284f56763a') in 0.0084821 seconds
Number of updated asset objects reloaded before import = 0Number of asset objects unloaded after import = 3

========================================================================
Received Import Request.
  Time since last request: 0.000116 seconds.
  path: Assets/Assets/Tilemap/Platforms/JapaneseCityKawaiiTileset_30.asset
  artifactKey: Guid(9d58d94cf67adf441bf9e4ec1f42b66f) Importer(815301076,1909f56bfc062723c751e8b465ee728b)
Start importing Assets/Assets/Tilemap/Platforms/JapaneseCityKawaiiTileset_30.asset using Guid(9d58d94cf67adf441bf9e4ec1f42b66f) Importer(815301076,1909f56bfc062723c751e8b465ee728b) (PreviewImporter) -> (artifact id: 'ab8179ef45a71695b363b0e1e3b3e3b5') in 0.0045342 seconds
Number of updated asset objects reloaded before import = 0Number of asset objects unloaded after import = 3

========================================================================
Received Import Request.
  Time since last request: 0.000104 seconds.
  path: Assets/Assets/Tilemap/Platforms/JapaneseCityKawaiiTileset_24.asset
  artifactKey: Guid(c48d137945715954db7288c1b1f0b94e) Importer(815301076,1909f56bfc062723c751e8b465ee728b)
Start importing Assets/Assets/Tilemap/Platforms/JapaneseCityKawaiiTileset_24.asset using Guid(c48d137945715954db7288c1b1f0b94e) Importer(815301076,1909f56bfc062723c751e8b465ee728b) (PreviewImporter) -> (artifact id: 'df2c59e92ee975ba994794f9d235293b') in 0.0063609 seconds
Number of updated asset objects reloaded before import = 0Number of asset objects unloaded after import = 3

========================================================================
Received Import Request.
  Time since last request: 79.188860 seconds.
  path: Assets/Assets/Tilemap/Platforms/JapaneseCityKawaiiTileset_20.asset
  artifactKey: Guid(f68f5204c37c1a4459291ba75abac0ef) Importer(815301076,1909f56bfc062723c751e8b465ee728b)
Start importing Assets/Assets/Tilemap/Platforms/JapaneseCityKawaiiTileset_20.asset using Guid(f68f5204c37c1a4459291ba75abac0ef) Importer(815301076,1909f56bfc062723c751e8b465ee728b) (PreviewImporter) -> (artifact id: '2f9fcd0a7c54fcb5bf3c67de1dfaeece') in 0.0063811 seconds
Number of updated asset objects reloaded before import = 0Number of asset objects unloaded after import = 3

========================================================================
Received Import Request.
  Time since last request: 0.014989 seconds.
  path: Assets/Assets/Tilemap/Platforms/JapaneseCityKawaiiTileset_23.asset
  artifactKey: Guid(f727184fe96e65449bf2bea55a4dbf7f) Importer(815301076,1909f56bfc062723c751e8b465ee728b)
Start importing Assets/Assets/Tilemap/Platforms/JapaneseCityKawaiiTileset_23.asset using Guid(f727184fe96e65449bf2bea55a4dbf7f) Importer(815301076,1909f56bfc062723c751e8b465ee728b) (PreviewImporter) -> (artifact id: '5a308918412901f2d024fbdefb2e098e') in 0.0109047 seconds
Number of updated asset objects reloaded before import = 0Number of asset objects unloaded after import = 3

========================================================================
Received Import Request.
  Time since last request: 0.000052 seconds.
  path: Assets/Assets/Tilemap/Platforms/JapaneseCityKawaiiTileset_27.asset
  artifactKey: Guid(a2a63284cf6a1fd40a3dda29abe0cd8c) Importer(815301076,1909f56bfc062723c751e8b465ee728b)
Start importing Assets/Assets/Tilemap/Platforms/JapaneseCityKawaiiTileset_27.asset using Guid(a2a63284cf6a1fd40a3dda29abe0cd8c) Importer(815301076,1909f56bfc062723c751e8b465ee728b) (PreviewImporter) -> (artifact id: '9ac8de9ed2fcb7367219ee04563a1df1') in 0.0172689 seconds
Number of updated asset objects reloaded before import = 0Number of asset objects unloaded after import = 3

========================================================================
Received Import Request.
  Time since last request: 0.000200 seconds.
  path: Assets/Assets/Tilemap/Platforms/JapaneseCityKawaiiTileset_28.asset
  artifactKey: Guid(49ce6ee5fd3c3614bb96878d3ceb9202) Importer(815301076,1909f56bfc062723c751e8b465ee728b)
Start importing Assets/Assets/Tilemap/Platforms/JapaneseCityKawaiiTileset_28.asset using Guid(49ce6ee5fd3c3614bb96878d3ceb9202) Importer(815301076,1909f56bfc062723c751e8b465ee728b) (PreviewImporter) -> (artifact id: 'b67802a50b42c9840c784b743d4c8350') in 0.0080866 seconds
Number of updated asset objects reloaded before import = 0Number of asset objects unloaded after import = 3

========================================================================
Received Import Request.
  Time since last request: 0.000017 seconds.
  path: Assets/Assets/Tilemap/Platforms/JapaneseCityKawaiiTileset_25.asset
  artifactKey: Guid(06754dc6e167fad43965a05bc5b0c2d8) Importer(815301076,1909f56bfc062723c751e8b465ee728b)
Start importing Assets/Assets/Tilemap/Platforms/JapaneseCityKawaiiTileset_25.asset using Guid(06754dc6e167fad43965a05bc5b0c2d8) Importer(815301076,1909f56bfc062723c751e8b465ee728b) (PreviewImporter) -> (artifact id: '0b7a9683f057612ed7ddd289dd3fa92f') in 0.0051009 seconds
Number of updated asset objects reloaded before import = 0Number of asset objects unloaded after import = 3

========================================================================
Received Import Request.
  Time since last request: 0.000030 seconds.
  path: Assets/Assets/Tilemap/Platforms/JapaneseCityKawaiiTileset_29.asset
  artifactKey: Guid(55aab9c8447103a43ad47d43f512983c) Importer(815301076,1909f56bfc062723c751e8b465ee728b)
Start importing Assets/Assets/Tilemap/Platforms/JapaneseCityKawaiiTileset_29.asset using Guid(55aab9c8447103a43ad47d43f512983c) Importer(815301076,1909f56bfc062723c751e8b465ee728b) (PreviewImporter) -> (artifact id: 'c472644fb3b1e65093852c042a14533d') in 0.0716006 seconds
Number of updated asset objects reloaded before import = 0Number of asset objects unloaded after import = 3

========================================================================
Received Import Request.
  Time since last request: 0.000023 seconds.
  path: Assets/Assets/Tilemap/Platforms/JapaneseCityKawaiiTileset_31.asset
  artifactKey: Guid(1194f005ac187e046afbe98d434ccb00) Importer(815301076,1909f56bfc062723c751e8b465ee728b)
Start importing Assets/Assets/Tilemap/Platforms/JapaneseCityKawaiiTileset_31.asset using Guid(1194f005ac187e046afbe98d434ccb00) Importer(815301076,1909f56bfc062723c751e8b465ee728b) (PreviewImporter) -> (artifact id: 'b822cd8e1a0c5c22549ca9be7d6ef9e6') in 0.0340274 seconds
Number of updated asset objects reloaded before import = 0Number of asset objects unloaded after import = 3

========================================================================
Received Import Request.
  Time since last request: 59.015176 seconds.
  path: Assets/Assets/Tilemap/Platforms/JapaneseCityKawaiiTileset_20.asset
  artifactKey: Guid(f68f5204c37c1a4459291ba75abac0ef) Importer(815301076,1909f56bfc062723c751e8b465ee728b)
Start importing Assets/Assets/Tilemap/Platforms/JapaneseCityKawaiiTileset_20.asset using Guid(f68f5204c37c1a4459291ba75abac0ef) Importer(815301076,1909f56bfc062723c751e8b465ee728b) (PreviewImporter) -> (artifact id: '3f56c8175e420bd8d24e0d2ac41762df') in 0.0068391 seconds
Number of updated asset objects reloaded before import = 0Number of asset objects unloaded after import = 3

========================================================================
Received Import Request.
  Time since last request: 0.000033 seconds.
  path: Assets/Assets/Tilemap/Platforms/JapaneseCityKawaiiTileset_23.asset
  artifactKey: Guid(f727184fe96e65449bf2bea55a4dbf7f) Importer(815301076,1909f56bfc062723c751e8b465ee728b)
Start importing Assets/Assets/Tilemap/Platforms/JapaneseCityKawaiiTileset_23.asset using Guid(f727184fe96e65449bf2bea55a4dbf7f) Importer(815301076,1909f56bfc062723c751e8b465ee728b) (PreviewImporter) -> (artifact id: '6909d325f60f378b31b4aa2217604bcd') in 0.0067411 seconds
Number of updated asset objects reloaded before import = 0Number of asset objects unloaded after import = 3

========================================================================
Received Import Request.
  Time since last request: 0.000043 seconds.
  path: Assets/Assets/Tilemap/Platforms/JapaneseCityKawaiiTileset_27.asset
  artifactKey: Guid(a2a63284cf6a1fd40a3dda29abe0cd8c) Importer(815301076,1909f56bfc062723c751e8b465ee728b)
Start importing Assets/Assets/Tilemap/Platforms/JapaneseCityKawaiiTileset_27.asset using Guid(a2a63284cf6a1fd40a3dda29abe0cd8c) Importer(815301076,1909f56bfc062723c751e8b465ee728b) (PreviewImporter) -> (artifact id: '9886985a833e8701fbcf0ac4755f93e1') in 0.0083177 seconds
Number of updated asset objects reloaded before import = 0Number of asset objects unloaded after import = 3

========================================================================
Received Import Request.
  Time since last request: 0.000040 seconds.
  path: Assets/Assets/Tilemap/Platforms/JapaneseCityKawaiiTileset_28.asset
  artifactKey: Guid(49ce6ee5fd3c3614bb96878d3ceb9202) Importer(815301076,1909f56bfc062723c751e8b465ee728b)
Start importing Assets/Assets/Tilemap/Platforms/JapaneseCityKawaiiTileset_28.asset using Guid(49ce6ee5fd3c3614bb96878d3ceb9202) Importer(815301076,1909f56bfc062723c751e8b465ee728b) (PreviewImporter) -> (artifact id: '09470839b26fb0a4f8a69dd9dda8272f') in 0.0054378 seconds
Number of updated asset objects reloaded before import = 0Number of asset objects unloaded after import = 3

========================================================================
Received Import Request.
  Time since last request: 0.000048 seconds.
  path: Assets/Assets/Tilemap/Platforms/JapaneseCityKawaiiTileset_25.asset
  artifactKey: Guid(06754dc6e167fad43965a05bc5b0c2d8) Importer(815301076,1909f56bfc062723c751e8b465ee728b)
Start importing Assets/Assets/Tilemap/Platforms/JapaneseCityKawaiiTileset_25.asset using Guid(06754dc6e167fad43965a05bc5b0c2d8) Importer(815301076,1909f56bfc062723c751e8b465ee728b) (PreviewImporter) -> (artifact id: '98a6ba571b3f3b89501d5e42b38db73a') in 0.0094006 seconds
Number of updated asset objects reloaded before import = 0Number of asset objects unloaded after import = 3

========================================================================
Received Import Request.
  Time since last request: 0.000060 seconds.
  path: Assets/Assets/Tilemap/Platforms/JapaneseCityKawaiiTileset_26.asset
  artifactKey: Guid(e97ea30ca2e29cc48a5aa0f844c1b6e7) Importer(815301076,1909f56bfc062723c751e8b465ee728b)
Start importing Assets/Assets/Tilemap/Platforms/JapaneseCityKawaiiTileset_26.asset using Guid(e97ea30ca2e29cc48a5aa0f844c1b6e7) Importer(815301076,1909f56bfc062723c751e8b465ee728b) (PreviewImporter) -> (artifact id: '92082381c1e1e81ac41a8d7e9e8aabb7') in 0.0081324 seconds
Number of updated asset objects reloaded before import = 0Number of asset objects unloaded after import = 3

========================================================================
Received Import Request.
  Time since last request: 0.000027 seconds.
  path: Assets/Assets/Tilemap/Platforms/JapaneseCityKawaiiTileset_30.asset
  artifactKey: Guid(9d58d94cf67adf441bf9e4ec1f42b66f) Importer(815301076,1909f56bfc062723c751e8b465ee728b)
Start importing Assets/Assets/Tilemap/Platforms/JapaneseCityKawaiiTileset_30.asset using Guid(9d58d94cf67adf441bf9e4ec1f42b66f) Importer(815301076,1909f56bfc062723c751e8b465ee728b) (PreviewImporter) -> (artifact id: '2597a2e57891f20d59b65b025e2cd6e5') in 0.00803 seconds
Number of updated asset objects reloaded before import = 0Number of asset objects unloaded after import = 3

========================================================================
Received Import Request.
  Time since last request: 0.000024 seconds.
  path: Assets/Assets/Tilemap/Platforms/JapaneseCityKawaiiTileset_22.asset
  artifactKey: Guid(429fe781ecde2354c9e671c88f2074f3) Importer(815301076,1909f56bfc062723c751e8b465ee728b)
Start importing Assets/Assets/Tilemap/Platforms/JapaneseCityKawaiiTileset_22.asset using Guid(429fe781ecde2354c9e671c88f2074f3) Importer(815301076,1909f56bfc062723c751e8b465ee728b) (PreviewImporter) -> (artifact id: '11d9d2585f04f3afdd2ee1e3706073c1') in 0.0062758 seconds
Number of updated asset objects reloaded before import = 0Number of asset objects unloaded after import = 3

========================================================================
Received Import Request.
  Time since last request: 43.242671 seconds.
  path: Assets/Assets/Tilemap/Platforms/JapaneseCityKawaiiTileset_20.asset
  artifactKey: Guid(f68f5204c37c1a4459291ba75abac0ef) Importer(815301076,1909f56bfc062723c751e8b465ee728b)
Start importing Assets/Assets/Tilemap/Platforms/JapaneseCityKawaiiTileset_20.asset using Guid(f68f5204c37c1a4459291ba75abac0ef) Importer(815301076,1909f56bfc062723c751e8b465ee728b) (PreviewImporter) -> (artifact id: 'efef20c7a1a9928d30f0d448a8ffe388') in 0.0093656 seconds
Number of updated asset objects reloaded before import = 0Number of asset objects unloaded after import = 3

========================================================================
Received Import Request.
  Time since last request: 0.000026 seconds.
  path: Assets/Assets/Tilemap/Platforms/JapaneseCityKawaiiTileset_23.asset
  artifactKey: Guid(f727184fe96e65449bf2bea55a4dbf7f) Importer(815301076,1909f56bfc062723c751e8b465ee728b)
Start importing Assets/Assets/Tilemap/Platforms/JapaneseCityKawaiiTileset_23.asset using Guid(f727184fe96e65449bf2bea55a4dbf7f) Importer(815301076,1909f56bfc062723c751e8b465ee728b) (PreviewImporter) -> (artifact id: '9ebb6bf036d17c2987cac7ebfc3a4ff9') in 0.0731047 seconds
Number of updated asset objects reloaded before import = 0Number of asset objects unloaded after import = 3

========================================================================
Received Import Request.
  Time since last request: 0.000027 seconds.
  path: Assets/Assets/Tilemap/Platforms/JapaneseCityKawaiiTileset_28.asset
  artifactKey: Guid(49ce6ee5fd3c3614bb96878d3ceb9202) Importer(815301076,1909f56bfc062723c751e8b465ee728b)
Start importing Assets/Assets/Tilemap/Platforms/JapaneseCityKawaiiTileset_28.asset using Guid(49ce6ee5fd3c3614bb96878d3ceb9202) Importer(815301076,1909f56bfc062723c751e8b465ee728b) (PreviewImporter) -> (artifact id: 'c4a32e91dc279d32b6805fa46cc2d261') in 0.0096277 seconds
Number of updated asset objects reloaded before import = 0Number of asset objects unloaded after import = 3

========================================================================
Received Import Request.
  Time since last request: 0.000023 seconds.
  path: Assets/Assets/Tilemap/Platforms/JapaneseCityKawaiiTileset_29.asset
  artifactKey: Guid(55aab9c8447103a43ad47d43f512983c) Importer(815301076,1909f56bfc062723c751e8b465ee728b)
Start importing Assets/Assets/Tilemap/Platforms/JapaneseCityKawaiiTileset_29.asset using Guid(55aab9c8447103a43ad47d43f512983c) Importer(815301076,1909f56bfc062723c751e8b465ee728b) (PreviewImporter) -> (artifact id: 'fa5d47bf5e06d730a8f7b6d49d95bcbb') in 0.0074926 seconds
Number of updated asset objects reloaded before import = 0Number of asset objects unloaded after import = 3

========================================================================
Received Import Request.
  Time since last request: 0.000025 seconds.
  path: Assets/Assets/Tilemap/Platforms/JapaneseCityKawaiiTileset_31.asset
  artifactKey: Guid(1194f005ac187e046afbe98d434ccb00) Importer(815301076,1909f56bfc062723c751e8b465ee728b)
Start importing Assets/Assets/Tilemap/Platforms/JapaneseCityKawaiiTileset_31.asset using Guid(1194f005ac187e046afbe98d434ccb00) Importer(815301076,1909f56bfc062723c751e8b465ee728b) (PreviewImporter) -> (artifact id: 'f455ab8b0789e15d7ac071a2ee0f24d5') in 0.0073538 seconds
Number of updated asset objects reloaded before import = 0Number of asset objects unloaded after import = 3

========================================================================
Received Import Request.
  Time since last request: 0.000020 seconds.
  path: Assets/Assets/Tilemap/Platforms/JapaneseCityKawaiiTileset_22.asset
  artifactKey: Guid(429fe781ecde2354c9e671c88f2074f3) Importer(815301076,1909f56bfc062723c751e8b465ee728b)
Start importing Assets/Assets/Tilemap/Platforms/JapaneseCityKawaiiTileset_22.asset using Guid(429fe781ecde2354c9e671c88f2074f3) Importer(815301076,1909f56bfc062723c751e8b465ee728b) (PreviewImporter) -> (artifact id: '9d37fdf90f62947488c67ed7e26ad192') in 0.0070358 seconds
Number of updated asset objects reloaded before import = 0Number of asset objects unloaded after import = 3

========================================================================
Received Import Request.
  Time since last request: 20.709141 seconds.
  path: Assets/Assets/Tilemap/Platforms/JapaneseCityKawaiiTileset_14.asset
  artifactKey: Guid(39cda09dadab1314fb531bc4d0139f6b) Importer(815301076,1909f56bfc062723c751e8b465ee728b)
Start importing Assets/Assets/Tilemap/Platforms/JapaneseCityKawaiiTileset_14.asset using Guid(39cda09dadab1314fb531bc4d0139f6b) Importer(815301076,1909f56bfc062723c751e8b465ee728b) (PreviewImporter) -> (artifact id: '7739052baba034185b3cdf6e017d9475') in 0.0076787 seconds
Number of updated asset objects reloaded before import = 0Number of asset objects unloaded after import = 3

========================================================================
Received Import Request.
  Time since last request: 0.000111 seconds.
  path: Assets/Assets/Tilemap/Platforms/JapaneseCityKawaiiTileset_19.asset
  artifactKey: Guid(7ff053a0e60758b4a8d5352f6d6e4b3b) Importer(815301076,1909f56bfc062723c751e8b465ee728b)
Start importing Assets/Assets/Tilemap/Platforms/JapaneseCityKawaiiTileset_19.asset using Guid(7ff053a0e60758b4a8d5352f6d6e4b3b) Importer(815301076,1909f56bfc062723c751e8b465ee728b) (PreviewImporter) -> (artifact id: 'dff99b7ad474c3b5a10481099f7fc220') in 0.0054398 seconds
Number of updated asset objects reloaded before import = 0Number of asset objects unloaded after import = 3

Editor requested this worker to shutdown with reason: Scaling down because of idle timeout
AssetImportWorker is now disconnected from the server
Process exiting
Exiting without the bug reporter. Application will terminate with return code 0